[2021-12-29 23:06:03,438] {taskinstance.py:670} INFO - Dependencies all met for <TaskInstance: twitter_dag.transform_twitter_aluraonline 2021-12-25T09:00:00+00:00 [queued]>
[2021-12-29 23:06:03,450] {taskinstance.py:670} INFO - Dependencies all met for <TaskInstance: twitter_dag.transform_twitter_aluraonline 2021-12-25T09:00:00+00:00 [queued]>
[2021-12-29 23:06:03,450] {taskinstance.py:880} INFO - 
--------------------------------------------------------------------------------
[2021-12-29 23:06:03,450] {taskinstance.py:881} INFO - Starting attempt 1 of 1
[2021-12-29 23:06:03,450] {taskinstance.py:882} INFO - 
--------------------------------------------------------------------------------
[2021-12-29 23:06:03,553] {taskinstance.py:901} INFO - Executing <Task(SparkSubmitOperator): transform_twitter_aluraonline> on 2021-12-25T09:00:00+00:00
[2021-12-29 23:06:03,558] {standard_task_runner.py:54} INFO - Started process 35848 to run task
[2021-12-29 23:06:03,600] {standard_task_runner.py:77} INFO - Running: ['airflow', 'run', 'twitter_dag', 'transform_twitter_aluraonline', '2021-12-25T09:00:00+00:00', '--job_id', '11', '--pool', 'default_pool', '--raw', '-sd', 'DAGS_FOLDER/twitter_dag.py', '--cfg_path', '/tmp/tmpe73fbe57']
[2021-12-29 23:06:03,601] {standard_task_runner.py:78} INFO - Job 11: Subtask transform_twitter_aluraonline
[2021-12-29 23:06:03,775] {logging_mixin.py:112} INFO - Running <TaskInstance: twitter_dag.transform_twitter_aluraonline 2021-12-25T09:00:00+00:00 [running]> on host mavipc
[2021-12-29 23:06:03,815] {base_hook.py:89} INFO - Using connection to: id: spark_default. Host: local, Port: None, Schema: None, Login: None, Password: None, extra: XXXXXXXX
[2021-12-29 23:06:03,816] {spark_submit_hook.py:325} INFO - Spark-Submit cmd: /home/mvrm/spark-3.2.0-bin-hadoop3.2/bin/spark-submit --master local --name twitter_transformation /home/mvrm/alura-projetos/datapipeline/spark/transformation.py --src /home/mvrm/home/mvrm/alura/datapipeline/datalake/bronze/twitter_aluraonline/extract_date=2021-12-25 --dest /home/mvrm/home/mvrm/alura/datapipeline/datalake/silver/twitter_aluraonline/ --process-date 2021-12-25
[2021-12-29 23:06:05,071] {spark_submit_hook.py:479} INFO - 21/12/29 23:06:05 WARN Utils: Your hostname, mavipc resolves to a loopback address: 127.0.1.1; using 192.168.15.10 instead (on interface wlo1)
[2021-12-29 23:06:05,071] {spark_submit_hook.py:479} INFO - 21/12/29 23:06:05 WARN Utils: Set SPARK_LOCAL_IP if you need to bind to another address
[2021-12-29 23:06:05,098] {spark_submit_hook.py:479} INFO - WARNING: An illegal reflective access operation has occurred
[2021-12-29 23:06:05,098] {spark_submit_hook.py:479} INFO - WARNING: Illegal reflective access by org.apache.spark.unsafe.Platform (file:/home/mvrm/spark-3.2.0-bin-hadoop3.2/jars/spark-unsafe_2.12-3.2.0.jar) to constructor java.nio.DirectByteBuffer(long,int)
[2021-12-29 23:06:05,098] {spark_submit_hook.py:479} INFO - WARNING: Please consider reporting this to the maintainers of org.apache.spark.unsafe.Platform
[2021-12-29 23:06:05,099] {spark_submit_hook.py:479} INFO - WARNING: Use --illegal-access=warn to enable warnings of further illegal reflective access operations
[2021-12-29 23:06:05,099] {spark_submit_hook.py:479} INFO - WARNING: All illegal access operations will be denied in a future release
[2021-12-29 23:06:06,076] {spark_submit_hook.py:479} INFO - Using Spark's default log4j profile: org/apache/spark/log4j-defaults.properties
[2021-12-29 23:06:06,083] {spark_submit_hook.py:479} INFO - 21/12/29 23:06:06 INFO SparkContext: Running Spark version 3.2.0
[2021-12-29 23:06:06,158] {spark_submit_hook.py:479} INFO - 21/12/29 23:06:06 WARN NativeCodeLoader: Unable to load native-hadoop library for your platform... using builtin-java classes where applicable
[2021-12-29 23:06:06,305] {spark_submit_hook.py:479} INFO - 21/12/29 23:06:06 INFO ResourceUtils: ==============================================================
[2021-12-29 23:06:06,305] {spark_submit_hook.py:479} INFO - 21/12/29 23:06:06 INFO ResourceUtils: No custom resources configured for spark.driver.
[2021-12-29 23:06:06,306] {spark_submit_hook.py:479} INFO - 21/12/29 23:06:06 INFO ResourceUtils: ==============================================================
[2021-12-29 23:06:06,306] {spark_submit_hook.py:479} INFO - 21/12/29 23:06:06 INFO SparkContext: Submitted application: twitter_transformation
[2021-12-29 23:06:06,331] {spark_submit_hook.py:479} INFO - 21/12/29 23:06:06 INFO ResourceProfile: Default ResourceProfile created, executor resources: Map(cores -> name: cores, amount: 1, script: , vendor: , memory -> name: memory, amount: 1024, script: , vendor: , offHeap -> name: offHeap, amount: 0, script: , vendor: ), task resources: Map(cpus -> name: cpus, amount: 1.0)
[2021-12-29 23:06:06,341] {spark_submit_hook.py:479} INFO - 21/12/29 23:06:06 INFO ResourceProfile: Limiting resource is cpu
[2021-12-29 23:06:06,342] {spark_submit_hook.py:479} INFO - 21/12/29 23:06:06 INFO ResourceProfileManager: Added ResourceProfile id: 0
[2021-12-29 23:06:06,395] {spark_submit_hook.py:479} INFO - 21/12/29 23:06:06 INFO SecurityManager: Changing view acls to: mvrm
[2021-12-29 23:06:06,395] {spark_submit_hook.py:479} INFO - 21/12/29 23:06:06 INFO SecurityManager: Changing modify acls to: mvrm
[2021-12-29 23:06:06,395] {spark_submit_hook.py:479} INFO - 21/12/29 23:06:06 INFO SecurityManager: Changing view acls groups to:
[2021-12-29 23:06:06,396] {spark_submit_hook.py:479} INFO - 21/12/29 23:06:06 INFO SecurityManager: Changing modify acls groups to:
[2021-12-29 23:06:06,396] {spark_submit_hook.py:479} INFO - 21/12/29 23:06:06 INFO SecurityManager: SecurityManager: authentication disabled; ui acls disabled; users  with view permissions: Set(mvrm); groups with view permissions: Set(); users  with modify permissions: Set(mvrm); groups with modify permissions: Set()
[2021-12-29 23:06:06,690] {spark_submit_hook.py:479} INFO - 21/12/29 23:06:06 INFO Utils: Successfully started service 'sparkDriver' on port 44585.
[2021-12-29 23:06:06,725] {spark_submit_hook.py:479} INFO - 21/12/29 23:06:06 INFO SparkEnv: Registering MapOutputTracker
[2021-12-29 23:06:06,758] {spark_submit_hook.py:479} INFO - 21/12/29 23:06:06 INFO SparkEnv: Registering BlockManagerMaster
[2021-12-29 23:06:06,777] {spark_submit_hook.py:479} INFO - 21/12/29 23:06:06 INFO BlockManagerMasterEndpoint: Using org.apache.spark.storage.DefaultTopologyMapper for getting topology information
[2021-12-29 23:06:06,777] {spark_submit_hook.py:479} INFO - 21/12/29 23:06:06 INFO BlockManagerMasterEndpoint: BlockManagerMasterEndpoint up
[2021-12-29 23:06:06,782] {spark_submit_hook.py:479} INFO - 21/12/29 23:06:06 INFO SparkEnv: Registering BlockManagerMasterHeartbeat
[2021-12-29 23:06:06,801] {spark_submit_hook.py:479} INFO - 21/12/29 23:06:06 INFO DiskBlockManager: Created local directory at /tmp/blockmgr-aabc501c-18b0-4f1e-814a-86f996dde8e3
[2021-12-29 23:06:06,817] {spark_submit_hook.py:479} INFO - 21/12/29 23:06:06 INFO MemoryStore: MemoryStore started with capacity 434.4 MiB
[2021-12-29 23:06:06,833] {spark_submit_hook.py:479} INFO - 21/12/29 23:06:06 INFO SparkEnv: Registering OutputCommitCoordinator
[2021-12-29 23:06:07,013] {spark_submit_hook.py:479} INFO - 21/12/29 23:06:07 WARN Utils: Service 'SparkUI' could not bind on port 4040. Attempting port 4041.
[2021-12-29 23:06:07,025] {spark_submit_hook.py:479} INFO - 21/12/29 23:06:07 INFO Utils: Successfully started service 'SparkUI' on port 4041.
[2021-12-29 23:06:07,095] {spark_submit_hook.py:479} INFO - 21/12/29 23:06:07 INFO SparkUI: Bound SparkUI to 0.0.0.0, and started at http://192.168.15.10:4041
[2021-12-29 23:06:07,312] {spark_submit_hook.py:479} INFO - 21/12/29 23:06:07 INFO Executor: Starting executor ID driver on host 192.168.15.10
[2021-12-29 23:06:07,346] {spark_submit_hook.py:479} INFO - 21/12/29 23:06:07 INFO Utils: Successfully started service 'org.apache.spark.network.netty.NettyBlockTransferService' on port 35593.
[2021-12-29 23:06:07,346] {spark_submit_hook.py:479} INFO - 21/12/29 23:06:07 INFO NettyBlockTransferService: Server created on 192.168.15.10:35593
[2021-12-29 23:06:07,348] {spark_submit_hook.py:479} INFO - 21/12/29 23:06:07 INFO BlockManager: Using org.apache.spark.storage.RandomBlockReplicationPolicy for block replication policy
[2021-12-29 23:06:07,353] {spark_submit_hook.py:479} INFO - 21/12/29 23:06:07 INFO BlockManagerMaster: Registering BlockManager BlockManagerId(driver, 192.168.15.10, 35593, None)
[2021-12-29 23:06:07,357] {spark_submit_hook.py:479} INFO - 21/12/29 23:06:07 INFO BlockManagerMasterEndpoint: Registering block manager 192.168.15.10:35593 with 434.4 MiB RAM, BlockManagerId(driver, 192.168.15.10, 35593, None)
[2021-12-29 23:06:07,361] {spark_submit_hook.py:479} INFO - 21/12/29 23:06:07 INFO BlockManagerMaster: Registered BlockManager BlockManagerId(driver, 192.168.15.10, 35593, None)
[2021-12-29 23:06:07,362] {spark_submit_hook.py:479} INFO - 21/12/29 23:06:07 INFO BlockManager: Initialized BlockManager: BlockManagerId(driver, 192.168.15.10, 35593, None)
[2021-12-29 23:06:07,814] {spark_submit_hook.py:479} INFO - 21/12/29 23:06:07 INFO SharedState: Setting hive.metastore.warehouse.dir ('null') to the value of spark.sql.warehouse.dir.
[2021-12-29 23:06:07,837] {spark_submit_hook.py:479} INFO - 21/12/29 23:06:07 INFO SharedState: Warehouse path is 'file:/home/mvrm/alura-projetos/datapipeline/spark-warehouse'.
[2021-12-29 23:06:08,478] {spark_submit_hook.py:479} INFO - 21/12/29 23:06:08 INFO InMemoryFileIndex: It took 51 ms to list leaf files for 1 paths.
[2021-12-29 23:06:08,563] {spark_submit_hook.py:479} INFO - 21/12/29 23:06:08 INFO InMemoryFileIndex: It took 3 ms to list leaf files for 1 paths.
[2021-12-29 23:06:10,839] {spark_submit_hook.py:479} INFO - 21/12/29 23:06:10 INFO FileSourceStrategy: Pushed Filters:
[2021-12-29 23:06:10,840] {spark_submit_hook.py:479} INFO - 21/12/29 23:06:10 INFO FileSourceStrategy: Post-Scan Filters:
[2021-12-29 23:06:10,843] {spark_submit_hook.py:479} INFO - 21/12/29 23:06:10 INFO FileSourceStrategy: Output Data Schema: struct<value: string>
[2021-12-29 23:06:11,050] {spark_submit_hook.py:479} INFO - 21/12/29 23:06:11 INFO MemoryStore: Block broadcast_0 stored as values in memory (estimated size 189.9 KiB, free 434.2 MiB)
[2021-12-29 23:06:11,111] {spark_submit_hook.py:479} INFO - 21/12/29 23:06:11 INFO MemoryStore: Block broadcast_0_piece0 stored as bytes in memory (estimated size 32.8 KiB, free 434.2 MiB)
[2021-12-29 23:06:11,113] {spark_submit_hook.py:479} INFO - 21/12/29 23:06:11 INFO BlockManagerInfo: Added broadcast_0_piece0 in memory on 192.168.15.10:35593 (size: 32.8 KiB, free: 434.4 MiB)
[2021-12-29 23:06:11,117] {spark_submit_hook.py:479} INFO - 21/12/29 23:06:11 INFO SparkContext: Created broadcast 0 from json at NativeMethodAccessorImpl.java:0
[2021-12-29 23:06:11,123] {spark_submit_hook.py:479} INFO - 21/12/29 23:06:11 INFO FileSourceScanExec: Planning scan with bin packing, max size: 4197167 bytes, open cost is considered as scanning 4194304 bytes.
[2021-12-29 23:06:11,330] {spark_submit_hook.py:479} INFO - 21/12/29 23:06:11 INFO SparkContext: Starting job: json at NativeMethodAccessorImpl.java:0
[2021-12-29 23:06:11,347] {spark_submit_hook.py:479} INFO - 21/12/29 23:06:11 INFO DAGScheduler: Got job 0 (json at NativeMethodAccessorImpl.java:0) with 1 output partitions
[2021-12-29 23:06:11,347] {spark_submit_hook.py:479} INFO - 21/12/29 23:06:11 INFO DAGScheduler: Final stage: ResultStage 0 (json at NativeMethodAccessorImpl.java:0)
[2021-12-29 23:06:11,347] {spark_submit_hook.py:479} INFO - 21/12/29 23:06:11 INFO DAGScheduler: Parents of final stage: List()
[2021-12-29 23:06:11,348] {spark_submit_hook.py:479} INFO - 21/12/29 23:06:11 INFO DAGScheduler: Missing parents: List()
[2021-12-29 23:06:11,352] {spark_submit_hook.py:479} INFO - 21/12/29 23:06:11 INFO DAGScheduler: Submitting ResultStage 0 (MapPartitionsRDD[3] at json at NativeMethodAccessorImpl.java:0), which has no missing parents
[2021-12-29 23:06:11,438] {spark_submit_hook.py:479} INFO - 21/12/29 23:06:11 INFO MemoryStore: Block broadcast_1 stored as values in memory (estimated size 12.4 KiB, free 434.2 MiB)
[2021-12-29 23:06:11,440] {spark_submit_hook.py:479} INFO - 21/12/29 23:06:11 INFO MemoryStore: Block broadcast_1_piece0 stored as bytes in memory (estimated size 6.5 KiB, free 434.2 MiB)
[2021-12-29 23:06:11,440] {spark_submit_hook.py:479} INFO - 21/12/29 23:06:11 INFO BlockManagerInfo: Added broadcast_1_piece0 in memory on 192.168.15.10:35593 (size: 6.5 KiB, free: 434.4 MiB)
[2021-12-29 23:06:11,441] {spark_submit_hook.py:479} INFO - 21/12/29 23:06:11 INFO SparkContext: Created broadcast 1 from broadcast at DAGScheduler.scala:1427
[2021-12-29 23:06:11,452] {spark_submit_hook.py:479} INFO - 21/12/29 23:06:11 INFO DAGScheduler: Submitting 1 missing tasks from ResultStage 0 (MapPartitionsRDD[3] at json at NativeMethodAccessorImpl.java:0) (first 15 tasks are for partitions Vector(0))
[2021-12-29 23:06:11,452] {spark_submit_hook.py:479} INFO - 21/12/29 23:06:11 INFO TaskSchedulerImpl: Adding task set 0.0 with 1 tasks resource profile 0
[2021-12-29 23:06:11,493] {spark_submit_hook.py:479} INFO - 21/12/29 23:06:11 INFO TaskSetManager: Starting task 0.0 in stage 0.0 (TID 0) (192.168.15.10, executor driver, partition 0, PROCESS_LOCAL, 4957 bytes) taskResourceAssignments Map()
[2021-12-29 23:06:11,506] {spark_submit_hook.py:479} INFO - 21/12/29 23:06:11 INFO Executor: Running task 0.0 in stage 0.0 (TID 0)
[2021-12-29 23:06:11,627] {spark_submit_hook.py:479} INFO - 21/12/29 23:06:11 INFO FileScanRDD: Reading File path: file:///home/mvrm/home/mvrm/alura/datapipeline/datalake/bronze/twitter_aluraonline/extract_date=2021-12-25/AluraOnline_20211225.json, range: 0-2863, partition values: [empty row]
[2021-12-29 23:06:11,843] {spark_submit_hook.py:479} INFO - 21/12/29 23:06:11 INFO CodeGenerator: Code generated in 179.73472 ms
[2021-12-29 23:06:11,911] {spark_submit_hook.py:479} INFO - 21/12/29 23:06:11 INFO Executor: Finished task 0.0 in stage 0.0 (TID 0). 2828 bytes result sent to driver
[2021-12-29 23:06:11,923] {spark_submit_hook.py:479} INFO - 21/12/29 23:06:11 INFO TaskSetManager: Finished task 0.0 in stage 0.0 (TID 0) in 438 ms on 192.168.15.10 (executor driver) (1/1)
[2021-12-29 23:06:11,934] {spark_submit_hook.py:479} INFO - 21/12/29 23:06:11 INFO TaskSchedulerImpl: Removed TaskSet 0.0, whose tasks have all completed, from pool
[2021-12-29 23:06:11,942] {spark_submit_hook.py:479} INFO - 21/12/29 23:06:11 INFO DAGScheduler: ResultStage 0 (json at NativeMethodAccessorImpl.java:0) finished in 0,574 s
[2021-12-29 23:06:11,947] {spark_submit_hook.py:479} INFO - 21/12/29 23:06:11 INFO DAGScheduler: Job 0 is finished. Cancelling potential speculative or zombie tasks for this job
[2021-12-29 23:06:11,947] {spark_submit_hook.py:479} INFO - 21/12/29 23:06:11 INFO TaskSchedulerImpl: Killing all running tasks in stage 0: Stage finished
[2021-12-29 23:06:11,949] {spark_submit_hook.py:479} INFO - 21/12/29 23:06:11 INFO DAGScheduler: Job 0 finished: json at NativeMethodAccessorImpl.java:0, took 0,618421 s
[2021-12-29 23:06:12,318] {spark_submit_hook.py:479} INFO - 21/12/29 23:06:12 INFO FileSourceStrategy: Pushed Filters: IsNotNull(data)
[2021-12-29 23:06:12,319] {spark_submit_hook.py:479} INFO - 21/12/29 23:06:12 INFO FileSourceStrategy: Post-Scan Filters: (size(data#7, true) > 0),isnotnull(data#7)
[2021-12-29 23:06:12,319] {spark_submit_hook.py:479} INFO - 21/12/29 23:06:12 INFO FileSourceStrategy: Output Data Schema: struct<data: array<struct<author_id:string,conversation_id:string,created_at:string,id:string,in_reply_to_user_id:string,public_metrics:struct<like_count:bigint,quote_count:bigint,reply_count:bigint,retweet_count:bigint>,text:string>>>
[2021-12-29 23:06:12,390] {spark_submit_hook.py:479} INFO - 21/12/29 23:06:12 INFO FileOutputCommitter: File Output Committer Algorithm version is 1
[2021-12-29 23:06:12,391] {spark_submit_hook.py:479} INFO - 21/12/29 23:06:12 INFO FileOutputCommitter: FileOutputCommitter skip cleanup _temporary folders under output directory:false, ignore cleanup failures: false
[2021-12-29 23:06:12,392] {spark_submit_hook.py:479} INFO - 21/12/29 23:06:12 INFO SQLHadoopMapReduceCommitProtocol: Using output committer class org.apache.hadoop.mapreduce.lib.output.FileOutputCommitter
[2021-12-29 23:06:12,623] {spark_submit_hook.py:479} INFO - 21/12/29 23:06:12 INFO CodeGenerator: Code generated in 131.388289 ms
[2021-12-29 23:06:12,633] {spark_submit_hook.py:479} INFO - 21/12/29 23:06:12 INFO MemoryStore: Block broadcast_2 stored as values in memory (estimated size 189.8 KiB, free 434.0 MiB)
[2021-12-29 23:06:12,656] {spark_submit_hook.py:479} INFO - 21/12/29 23:06:12 INFO MemoryStore: Block broadcast_2_piece0 stored as bytes in memory (estimated size 32.8 KiB, free 433.9 MiB)
[2021-12-29 23:06:12,658] {spark_submit_hook.py:479} INFO - 21/12/29 23:06:12 INFO BlockManagerInfo: Added broadcast_2_piece0 in memory on 192.168.15.10:35593 (size: 32.8 KiB, free: 434.3 MiB)
[2021-12-29 23:06:12,660] {spark_submit_hook.py:479} INFO - 21/12/29 23:06:12 INFO SparkContext: Created broadcast 2 from json at NativeMethodAccessorImpl.java:0
[2021-12-29 23:06:12,665] {spark_submit_hook.py:479} INFO - 21/12/29 23:06:12 INFO FileSourceScanExec: Planning scan with bin packing, max size: 4197167 bytes, open cost is considered as scanning 4194304 bytes.
[2021-12-29 23:06:12,753] {spark_submit_hook.py:479} INFO - 21/12/29 23:06:12 INFO SparkContext: Starting job: json at NativeMethodAccessorImpl.java:0
[2021-12-29 23:06:12,760] {spark_submit_hook.py:479} INFO - 21/12/29 23:06:12 INFO DAGScheduler: Got job 1 (json at NativeMethodAccessorImpl.java:0) with 1 output partitions
[2021-12-29 23:06:12,761] {spark_submit_hook.py:479} INFO - 21/12/29 23:06:12 INFO DAGScheduler: Final stage: ResultStage 1 (json at NativeMethodAccessorImpl.java:0)
[2021-12-29 23:06:12,761] {spark_submit_hook.py:479} INFO - 21/12/29 23:06:12 INFO DAGScheduler: Parents of final stage: List()
[2021-12-29 23:06:12,761] {spark_submit_hook.py:479} INFO - 21/12/29 23:06:12 INFO DAGScheduler: Missing parents: List()
[2021-12-29 23:06:12,764] {spark_submit_hook.py:479} INFO - 21/12/29 23:06:12 INFO DAGScheduler: Submitting ResultStage 1 (CoalescedRDD[7] at json at NativeMethodAccessorImpl.java:0), which has no missing parents
[2021-12-29 23:06:12,775] {spark_submit_hook.py:479} INFO - 21/12/29 23:06:12 INFO BlockManagerInfo: Removed broadcast_1_piece0 on 192.168.15.10:35593 in memory (size: 6.5 KiB, free: 434.3 MiB)
[2021-12-29 23:06:12,799] {spark_submit_hook.py:479} INFO - 21/12/29 23:06:12 INFO MemoryStore: Block broadcast_3 stored as values in memory (estimated size 223.5 KiB, free 433.7 MiB)
[2021-12-29 23:06:12,802] {spark_submit_hook.py:479} INFO - 21/12/29 23:06:12 INFO MemoryStore: Block broadcast_3_piece0 stored as bytes in memory (estimated size 77.5 KiB, free 433.7 MiB)
[2021-12-29 23:06:12,816] {spark_submit_hook.py:479} INFO - 21/12/29 23:06:12 INFO BlockManagerInfo: Added broadcast_3_piece0 in memory on 192.168.15.10:35593 (size: 77.5 KiB, free: 434.3 MiB)
[2021-12-29 23:06:12,817] {spark_submit_hook.py:479} INFO - 21/12/29 23:06:12 INFO SparkContext: Created broadcast 3 from broadcast at DAGScheduler.scala:1427
[2021-12-29 23:06:12,818] {spark_submit_hook.py:479} INFO - 21/12/29 23:06:12 INFO DAGScheduler: Submitting 1 missing tasks from ResultStage 1 (CoalescedRDD[7] at json at NativeMethodAccessorImpl.java:0) (first 15 tasks are for partitions Vector(0))
[2021-12-29 23:06:12,818] {spark_submit_hook.py:479} INFO - 21/12/29 23:06:12 INFO TaskSchedulerImpl: Adding task set 1.0 with 1 tasks resource profile 0
[2021-12-29 23:06:12,825] {spark_submit_hook.py:479} INFO - 21/12/29 23:06:12 INFO TaskSetManager: Starting task 0.0 in stage 1.0 (TID 1) (192.168.15.10, executor driver, partition 0, PROCESS_LOCAL, 5186 bytes) taskResourceAssignments Map()
[2021-12-29 23:06:12,831] {spark_submit_hook.py:479} INFO - 21/12/29 23:06:12 INFO Executor: Running task 0.0 in stage 1.0 (TID 1)
[2021-12-29 23:06:12,905] {spark_submit_hook.py:479} INFO - 21/12/29 23:06:12 INFO FileOutputCommitter: File Output Committer Algorithm version is 1
[2021-12-29 23:06:12,906] {spark_submit_hook.py:479} INFO - 21/12/29 23:06:12 INFO FileOutputCommitter: FileOutputCommitter skip cleanup _temporary folders under output directory:false, ignore cleanup failures: false
[2021-12-29 23:06:12,908] {spark_submit_hook.py:479} INFO - 21/12/29 23:06:12 INFO SQLHadoopMapReduceCommitProtocol: Using output committer class org.apache.hadoop.mapreduce.lib.output.FileOutputCommitter
[2021-12-29 23:06:12,957] {spark_submit_hook.py:479} INFO - 21/12/29 23:06:12 INFO FileScanRDD: Reading File path: file:///home/mvrm/home/mvrm/alura/datapipeline/datalake/bronze/twitter_aluraonline/extract_date=2021-12-25/AluraOnline_20211225.json, range: 0-2863, partition values: [empty row]
[2021-12-29 23:06:12,995] {spark_submit_hook.py:479} INFO - 21/12/29 23:06:12 INFO CodeGenerator: Code generated in 33.29903 ms
[2021-12-29 23:06:13,026] {spark_submit_hook.py:479} INFO - 21/12/29 23:06:13 INFO CodeGenerator: Code generated in 11.373322 ms
[2021-12-29 23:06:13,069] {spark_submit_hook.py:479} INFO - 21/12/29 23:06:13 INFO FileOutputCommitter: Saved output of task 'attempt_202112292306126361925263515354394_0001_m_000000_1' to file:/home/mvrm/home/mvrm/alura/datapipeline/datalake/silver/twitter_aluraonline/tweet/process_date=2021-12-25/_temporary/0/task_202112292306126361925263515354394_0001_m_000000
[2021-12-29 23:06:13,070] {spark_submit_hook.py:479} INFO - 21/12/29 23:06:13 INFO SparkHadoopMapRedUtil: attempt_202112292306126361925263515354394_0001_m_000000_1: Committed
[2021-12-29 23:06:13,081] {spark_submit_hook.py:479} INFO - 21/12/29 23:06:13 INFO Executor: Finished task 0.0 in stage 1.0 (TID 1). 2670 bytes result sent to driver
[2021-12-29 23:06:13,085] {spark_submit_hook.py:479} INFO - 21/12/29 23:06:13 INFO TaskSetManager: Finished task 0.0 in stage 1.0 (TID 1) in 264 ms on 192.168.15.10 (executor driver) (1/1)
[2021-12-29 23:06:13,085] {spark_submit_hook.py:479} INFO - 21/12/29 23:06:13 INFO TaskSchedulerImpl: Removed TaskSet 1.0, whose tasks have all completed, from pool
[2021-12-29 23:06:13,087] {spark_submit_hook.py:479} INFO - 21/12/29 23:06:13 INFO DAGScheduler: ResultStage 1 (json at NativeMethodAccessorImpl.java:0) finished in 0,321 s
[2021-12-29 23:06:13,088] {spark_submit_hook.py:479} INFO - 21/12/29 23:06:13 INFO DAGScheduler: Job 1 is finished. Cancelling potential speculative or zombie tasks for this job
[2021-12-29 23:06:13,088] {spark_submit_hook.py:479} INFO - 21/12/29 23:06:13 INFO TaskSchedulerImpl: Killing all running tasks in stage 1: Stage finished
[2021-12-29 23:06:13,090] {spark_submit_hook.py:479} INFO - 21/12/29 23:06:13 INFO DAGScheduler: Job 1 finished: json at NativeMethodAccessorImpl.java:0, took 0,336465 s
[2021-12-29 23:06:13,093] {spark_submit_hook.py:479} INFO - 21/12/29 23:06:13 INFO FileFormatWriter: Start to commit write Job 35500c0b-687f-439d-b81f-329f875e377e.
[2021-12-29 23:06:13,115] {spark_submit_hook.py:479} INFO - 21/12/29 23:06:13 INFO FileFormatWriter: Write Job 35500c0b-687f-439d-b81f-329f875e377e committed. Elapsed time: 21 ms.
[2021-12-29 23:06:13,118] {spark_submit_hook.py:479} INFO - 21/12/29 23:06:13 INFO FileFormatWriter: Finished processing stats for write job 35500c0b-687f-439d-b81f-329f875e377e.
[2021-12-29 23:06:13,198] {spark_submit_hook.py:479} INFO - 21/12/29 23:06:13 INFO FileSourceStrategy: Pushed Filters: IsNotNull(includes)
[2021-12-29 23:06:13,198] {spark_submit_hook.py:479} INFO - 21/12/29 23:06:13 INFO FileSourceStrategy: Post-Scan Filters: isnotnull(includes#8),(size(includes#8.users, true) > 0),isnotnull(includes#8.users)
[2021-12-29 23:06:13,199] {spark_submit_hook.py:479} INFO - 21/12/29 23:06:13 INFO FileSourceStrategy: Output Data Schema: struct<includes: struct<users: array<struct<created_at:string,id:string,name:string,username:string>>>>
[2021-12-29 23:06:13,224] {spark_submit_hook.py:479} INFO - 21/12/29 23:06:13 INFO FileOutputCommitter: File Output Committer Algorithm version is 1
[2021-12-29 23:06:13,225] {spark_submit_hook.py:479} INFO - 21/12/29 23:06:13 INFO FileOutputCommitter: FileOutputCommitter skip cleanup _temporary folders under output directory:false, ignore cleanup failures: false
[2021-12-29 23:06:13,226] {spark_submit_hook.py:479} INFO - 21/12/29 23:06:13 INFO SQLHadoopMapReduceCommitProtocol: Using output committer class org.apache.hadoop.mapreduce.lib.output.FileOutputCommitter
[2021-12-29 23:06:13,287] {spark_submit_hook.py:479} INFO - 21/12/29 23:06:13 INFO CodeGenerator: Code generated in 25.098443 ms
[2021-12-29 23:06:13,294] {spark_submit_hook.py:479} INFO - 21/12/29 23:06:13 INFO MemoryStore: Block broadcast_4 stored as values in memory (estimated size 189.8 KiB, free 433.5 MiB)
[2021-12-29 23:06:13,313] {spark_submit_hook.py:479} INFO - 21/12/29 23:06:13 INFO BlockManagerInfo: Removed broadcast_3_piece0 on 192.168.15.10:35593 in memory (size: 77.5 KiB, free: 434.3 MiB)
[2021-12-29 23:06:13,320] {spark_submit_hook.py:479} INFO - 21/12/29 23:06:13 INFO MemoryStore: Block broadcast_4_piece0 stored as bytes in memory (estimated size 32.8 KiB, free 433.7 MiB)
[2021-12-29 23:06:13,323] {spark_submit_hook.py:479} INFO - 21/12/29 23:06:13 INFO BlockManagerInfo: Added broadcast_4_piece0 in memory on 192.168.15.10:35593 (size: 32.8 KiB, free: 434.3 MiB)
[2021-12-29 23:06:13,326] {spark_submit_hook.py:479} INFO - 21/12/29 23:06:13 INFO SparkContext: Created broadcast 4 from json at NativeMethodAccessorImpl.java:0
[2021-12-29 23:06:13,328] {spark_submit_hook.py:479} INFO - 21/12/29 23:06:13 INFO FileSourceScanExec: Planning scan with bin packing, max size: 4197167 bytes, open cost is considered as scanning 4194304 bytes.
[2021-12-29 23:06:13,349] {spark_submit_hook.py:479} INFO - 21/12/29 23:06:13 INFO BlockManagerInfo: Removed broadcast_2_piece0 on 192.168.15.10:35593 in memory (size: 32.8 KiB, free: 434.3 MiB)
[2021-12-29 23:06:13,368] {spark_submit_hook.py:479} INFO - 21/12/29 23:06:13 INFO SparkContext: Starting job: json at NativeMethodAccessorImpl.java:0
[2021-12-29 23:06:13,370] {spark_submit_hook.py:479} INFO - 21/12/29 23:06:13 INFO DAGScheduler: Got job 2 (json at NativeMethodAccessorImpl.java:0) with 1 output partitions
[2021-12-29 23:06:13,370] {spark_submit_hook.py:479} INFO - 21/12/29 23:06:13 INFO DAGScheduler: Final stage: ResultStage 2 (json at NativeMethodAccessorImpl.java:0)
[2021-12-29 23:06:13,370] {spark_submit_hook.py:479} INFO - 21/12/29 23:06:13 INFO DAGScheduler: Parents of final stage: List()
[2021-12-29 23:06:13,370] {spark_submit_hook.py:479} INFO - 21/12/29 23:06:13 INFO DAGScheduler: Missing parents: List()
[2021-12-29 23:06:13,372] {spark_submit_hook.py:479} INFO - 21/12/29 23:06:13 INFO DAGScheduler: Submitting ResultStage 2 (CoalescedRDD[11] at json at NativeMethodAccessorImpl.java:0), which has no missing parents
[2021-12-29 23:06:13,405] {spark_submit_hook.py:479} INFO - 21/12/29 23:06:13 INFO BlockManagerInfo: Removed broadcast_0_piece0 on 192.168.15.10:35593 in memory (size: 32.8 KiB, free: 434.4 MiB)
[2021-12-29 23:06:13,413] {spark_submit_hook.py:479} INFO - 21/12/29 23:06:13 INFO MemoryStore: Block broadcast_5 stored as values in memory (estimated size 211.2 KiB, free 434.0 MiB)
[2021-12-29 23:06:13,427] {spark_submit_hook.py:479} INFO - 21/12/29 23:06:13 INFO MemoryStore: Block broadcast_5_piece0 stored as bytes in memory (estimated size 75.5 KiB, free 433.9 MiB)
[2021-12-29 23:06:13,428] {spark_submit_hook.py:479} INFO - 21/12/29 23:06:13 INFO BlockManagerInfo: Added broadcast_5_piece0 in memory on 192.168.15.10:35593 (size: 75.5 KiB, free: 434.3 MiB)
[2021-12-29 23:06:13,429] {spark_submit_hook.py:479} INFO - 21/12/29 23:06:13 INFO SparkContext: Created broadcast 5 from broadcast at DAGScheduler.scala:1427
[2021-12-29 23:06:13,436] {spark_submit_hook.py:479} INFO - 21/12/29 23:06:13 INFO DAGScheduler: Submitting 1 missing tasks from ResultStage 2 (CoalescedRDD[11] at json at NativeMethodAccessorImpl.java:0) (first 15 tasks are for partitions Vector(0))
[2021-12-29 23:06:13,437] {spark_submit_hook.py:479} INFO - 21/12/29 23:06:13 INFO TaskSchedulerImpl: Adding task set 2.0 with 1 tasks resource profile 0
[2021-12-29 23:06:13,440] {spark_submit_hook.py:479} INFO - 21/12/29 23:06:13 INFO TaskSetManager: Starting task 0.0 in stage 2.0 (TID 2) (192.168.15.10, executor driver, partition 0, PROCESS_LOCAL, 5186 bytes) taskResourceAssignments Map()
[2021-12-29 23:06:13,441] {spark_submit_hook.py:479} INFO - 21/12/29 23:06:13 INFO Executor: Running task 0.0 in stage 2.0 (TID 2)
[2021-12-29 23:06:13,481] {spark_submit_hook.py:479} INFO - 21/12/29 23:06:13 INFO FileOutputCommitter: File Output Committer Algorithm version is 1
[2021-12-29 23:06:13,481] {spark_submit_hook.py:479} INFO - 21/12/29 23:06:13 INFO FileOutputCommitter: FileOutputCommitter skip cleanup _temporary folders under output directory:false, ignore cleanup failures: false
[2021-12-29 23:06:13,482] {spark_submit_hook.py:479} INFO - 21/12/29 23:06:13 INFO SQLHadoopMapReduceCommitProtocol: Using output committer class org.apache.hadoop.mapreduce.lib.output.FileOutputCommitter
[2021-12-29 23:06:13,515] {spark_submit_hook.py:479} INFO - 21/12/29 23:06:13 INFO FileScanRDD: Reading File path: file:///home/mvrm/home/mvrm/alura/datapipeline/datalake/bronze/twitter_aluraonline/extract_date=2021-12-25/AluraOnline_20211225.json, range: 0-2863, partition values: [empty row]
[2021-12-29 23:06:13,548] {spark_submit_hook.py:479} INFO - 21/12/29 23:06:13 INFO CodeGenerator: Code generated in 29.180381 ms
[2021-12-29 23:06:13,564] {spark_submit_hook.py:479} INFO - 21/12/29 23:06:13 INFO CodeGenerator: Code generated in 10.295499 ms
[2021-12-29 23:06:13,584] {spark_submit_hook.py:479} INFO - 21/12/29 23:06:13 INFO FileOutputCommitter: Saved output of task 'attempt_202112292306134881512948661636683_0002_m_000000_2' to file:/home/mvrm/home/mvrm/alura/datapipeline/datalake/silver/twitter_aluraonline/users/process_date=2021-12-25/_temporary/0/task_202112292306134881512948661636683_0002_m_000000
[2021-12-29 23:06:13,585] {spark_submit_hook.py:479} INFO - 21/12/29 23:06:13 INFO SparkHadoopMapRedUtil: attempt_202112292306134881512948661636683_0002_m_000000_2: Committed
[2021-12-29 23:06:13,588] {spark_submit_hook.py:479} INFO - 21/12/29 23:06:13 INFO Executor: Finished task 0.0 in stage 2.0 (TID 2). 2627 bytes result sent to driver
[2021-12-29 23:06:13,592] {spark_submit_hook.py:479} INFO - 21/12/29 23:06:13 INFO TaskSetManager: Finished task 0.0 in stage 2.0 (TID 2) in 152 ms on 192.168.15.10 (executor driver) (1/1)
[2021-12-29 23:06:13,594] {spark_submit_hook.py:479} INFO - 21/12/29 23:06:13 INFO DAGScheduler: ResultStage 2 (json at NativeMethodAccessorImpl.java:0) finished in 0,216 s
[2021-12-29 23:06:13,594] {spark_submit_hook.py:479} INFO - 21/12/29 23:06:13 INFO DAGScheduler: Job 2 is finished. Cancelling potential speculative or zombie tasks for this job
[2021-12-29 23:06:13,595] {spark_submit_hook.py:479} INFO - 21/12/29 23:06:13 INFO TaskSchedulerImpl: Removed TaskSet 2.0, whose tasks have all completed, from pool
[2021-12-29 23:06:13,595] {spark_submit_hook.py:479} INFO - 21/12/29 23:06:13 INFO TaskSchedulerImpl: Killing all running tasks in stage 2: Stage finished
[2021-12-29 23:06:13,596] {spark_submit_hook.py:479} INFO - 21/12/29 23:06:13 INFO DAGScheduler: Job 2 finished: json at NativeMethodAccessorImpl.java:0, took 0,227461 s
[2021-12-29 23:06:13,597] {spark_submit_hook.py:479} INFO - 21/12/29 23:06:13 INFO FileFormatWriter: Start to commit write Job eb192c5a-6f3b-41f2-aab4-1fd5de1b04d1.
[2021-12-29 23:06:13,619] {spark_submit_hook.py:479} INFO - 21/12/29 23:06:13 INFO FileFormatWriter: Write Job eb192c5a-6f3b-41f2-aab4-1fd5de1b04d1 committed. Elapsed time: 21 ms.
[2021-12-29 23:06:13,619] {spark_submit_hook.py:479} INFO - 21/12/29 23:06:13 INFO FileFormatWriter: Finished processing stats for write job eb192c5a-6f3b-41f2-aab4-1fd5de1b04d1.
[2021-12-29 23:06:13,674] {spark_submit_hook.py:479} INFO - 21/12/29 23:06:13 INFO SparkContext: Invoking stop() from shutdown hook
[2021-12-29 23:06:13,681] {spark_submit_hook.py:479} INFO - 21/12/29 23:06:13 INFO SparkUI: Stopped Spark web UI at http://192.168.15.10:4041
[2021-12-29 23:06:13,692] {spark_submit_hook.py:479} INFO - 21/12/29 23:06:13 INFO MapOutputTrackerMasterEndpoint: MapOutputTrackerMasterEndpoint stopped!
[2021-12-29 23:06:13,717] {spark_submit_hook.py:479} INFO - 21/12/29 23:06:13 INFO MemoryStore: MemoryStore cleared
[2021-12-29 23:06:13,717] {spark_submit_hook.py:479} INFO - 21/12/29 23:06:13 INFO BlockManager: BlockManager stopped
[2021-12-29 23:06:13,721] {spark_submit_hook.py:479} INFO - 21/12/29 23:06:13 INFO BlockManagerMaster: BlockManagerMaster stopped
[2021-12-29 23:06:13,723] {spark_submit_hook.py:479} INFO - 21/12/29 23:06:13 INFO OutputCommitCoordinator$OutputCommitCoordinatorEndpoint: OutputCommitCoordinator stopped!
[2021-12-29 23:06:13,727] {spark_submit_hook.py:479} INFO - 21/12/29 23:06:13 INFO SparkContext: Successfully stopped SparkContext
[2021-12-29 23:06:13,727] {spark_submit_hook.py:479} INFO - 21/12/29 23:06:13 INFO ShutdownHookManager: Shutdown hook called
[2021-12-29 23:06:13,728] {spark_submit_hook.py:479} INFO - 21/12/29 23:06:13 INFO ShutdownHookManager: Deleting directory /tmp/spark-6575010a-9e7f-415f-98ca-f68e630f911d/pyspark-1f054f61-3993-47f9-bec5-806886fa9853
[2021-12-29 23:06:13,730] {spark_submit_hook.py:479} INFO - 21/12/29 23:06:13 INFO ShutdownHookManager: Deleting directory /tmp/spark-4ff686e3-0e59-4704-b0d4-969bdea6d4b9
[2021-12-29 23:06:13,732] {spark_submit_hook.py:479} INFO - 21/12/29 23:06:13 INFO ShutdownHookManager: Deleting directory /tmp/spark-6575010a-9e7f-415f-98ca-f68e630f911d
[2021-12-29 23:06:13,779] {taskinstance.py:1057} INFO - Marking task as SUCCESS.dag_id=twitter_dag, task_id=transform_twitter_aluraonline, execution_date=20211225T090000, start_date=20211230T020603, end_date=20211230T020613
[2021-12-29 23:06:18,337] {local_task_job.py:102} INFO - Task exited with return code 0
