[2021-12-29 23:14:53,133] {taskinstance.py:670} INFO - Dependencies all met for <TaskInstance: twitter_dag.transform_twitter_aluraonline 2021-12-28T09:00:00+00:00 [queued]>
[2021-12-29 23:14:53,142] {taskinstance.py:670} INFO - Dependencies all met for <TaskInstance: twitter_dag.transform_twitter_aluraonline 2021-12-28T09:00:00+00:00 [queued]>
[2021-12-29 23:14:53,142] {taskinstance.py:880} INFO - 
--------------------------------------------------------------------------------
[2021-12-29 23:14:53,142] {taskinstance.py:881} INFO - Starting attempt 1 of 1
[2021-12-29 23:14:53,142] {taskinstance.py:882} INFO - 
--------------------------------------------------------------------------------
[2021-12-29 23:14:53,246] {taskinstance.py:901} INFO - Executing <Task(SparkSubmitOperator): transform_twitter_aluraonline> on 2021-12-28T09:00:00+00:00
[2021-12-29 23:14:53,248] {standard_task_runner.py:54} INFO - Started process 37212 to run task
[2021-12-29 23:14:53,291] {standard_task_runner.py:77} INFO - Running: ['airflow', 'run', 'twitter_dag', 'transform_twitter_aluraonline', '2021-12-28T09:00:00+00:00', '--job_id', '17', '--pool', 'default_pool', '--raw', '-sd', 'DAGS_FOLDER/twitter_dag.py', '--cfg_path', '/tmp/tmpwqr9ihkb']
[2021-12-29 23:14:53,291] {standard_task_runner.py:78} INFO - Job 17: Subtask transform_twitter_aluraonline
[2021-12-29 23:14:53,421] {logging_mixin.py:112} INFO - Running <TaskInstance: twitter_dag.transform_twitter_aluraonline 2021-12-28T09:00:00+00:00 [running]> on host mavipc
[2021-12-29 23:14:53,471] {base_hook.py:89} INFO - Using connection to: id: spark_default. Host: local, Port: None, Schema: None, Login: None, Password: None, extra: XXXXXXXX
[2021-12-29 23:14:53,473] {spark_submit_hook.py:325} INFO - Spark-Submit cmd: /home/mvrm/spark-3.2.0-bin-hadoop3.2/bin/spark-submit --master local --name twitter_transformation /home/mvrm/alura-projetos/datapipeline/spark/transformation.py --src /home/mvrm/home/mvrm/alura/datapipeline/datalake/bronze/twitter_aluraonline/extract_date=2021-12-28 --dest /home/mvrm/home/mvrm/alura/datapipeline/datalake/silver/twitter_aluraonline/ --process-date 2021-12-28
[2021-12-29 23:14:54,564] {spark_submit_hook.py:479} INFO - 21/12/29 23:14:54 WARN Utils: Your hostname, mavipc resolves to a loopback address: 127.0.1.1; using 192.168.15.10 instead (on interface wlo1)
[2021-12-29 23:14:54,564] {spark_submit_hook.py:479} INFO - 21/12/29 23:14:54 WARN Utils: Set SPARK_LOCAL_IP if you need to bind to another address
[2021-12-29 23:14:54,591] {spark_submit_hook.py:479} INFO - WARNING: An illegal reflective access operation has occurred
[2021-12-29 23:14:54,591] {spark_submit_hook.py:479} INFO - WARNING: Illegal reflective access by org.apache.spark.unsafe.Platform (file:/home/mvrm/spark-3.2.0-bin-hadoop3.2/jars/spark-unsafe_2.12-3.2.0.jar) to constructor java.nio.DirectByteBuffer(long,int)
[2021-12-29 23:14:54,591] {spark_submit_hook.py:479} INFO - WARNING: Please consider reporting this to the maintainers of org.apache.spark.unsafe.Platform
[2021-12-29 23:14:54,591] {spark_submit_hook.py:479} INFO - WARNING: Use --illegal-access=warn to enable warnings of further illegal reflective access operations
[2021-12-29 23:14:54,592] {spark_submit_hook.py:479} INFO - WARNING: All illegal access operations will be denied in a future release
[2021-12-29 23:14:55,541] {spark_submit_hook.py:479} INFO - Using Spark's default log4j profile: org/apache/spark/log4j-defaults.properties
[2021-12-29 23:14:55,550] {spark_submit_hook.py:479} INFO - 21/12/29 23:14:55 INFO SparkContext: Running Spark version 3.2.0
[2021-12-29 23:14:55,632] {spark_submit_hook.py:479} INFO - 21/12/29 23:14:55 WARN NativeCodeLoader: Unable to load native-hadoop library for your platform... using builtin-java classes where applicable
[2021-12-29 23:14:55,758] {spark_submit_hook.py:479} INFO - 21/12/29 23:14:55 INFO ResourceUtils: ==============================================================
[2021-12-29 23:14:55,758] {spark_submit_hook.py:479} INFO - 21/12/29 23:14:55 INFO ResourceUtils: No custom resources configured for spark.driver.
[2021-12-29 23:14:55,759] {spark_submit_hook.py:479} INFO - 21/12/29 23:14:55 INFO ResourceUtils: ==============================================================
[2021-12-29 23:14:55,759] {spark_submit_hook.py:479} INFO - 21/12/29 23:14:55 INFO SparkContext: Submitted application: twitter_transformation
[2021-12-29 23:14:55,788] {spark_submit_hook.py:479} INFO - 21/12/29 23:14:55 INFO ResourceProfile: Default ResourceProfile created, executor resources: Map(cores -> name: cores, amount: 1, script: , vendor: , memory -> name: memory, amount: 1024, script: , vendor: , offHeap -> name: offHeap, amount: 0, script: , vendor: ), task resources: Map(cpus -> name: cpus, amount: 1.0)
[2021-12-29 23:14:55,798] {spark_submit_hook.py:479} INFO - 21/12/29 23:14:55 INFO ResourceProfile: Limiting resource is cpu
[2021-12-29 23:14:55,799] {spark_submit_hook.py:479} INFO - 21/12/29 23:14:55 INFO ResourceProfileManager: Added ResourceProfile id: 0
[2021-12-29 23:14:55,867] {spark_submit_hook.py:479} INFO - 21/12/29 23:14:55 INFO SecurityManager: Changing view acls to: mvrm
[2021-12-29 23:14:55,868] {spark_submit_hook.py:479} INFO - 21/12/29 23:14:55 INFO SecurityManager: Changing modify acls to: mvrm
[2021-12-29 23:14:55,868] {spark_submit_hook.py:479} INFO - 21/12/29 23:14:55 INFO SecurityManager: Changing view acls groups to:
[2021-12-29 23:14:55,869] {spark_submit_hook.py:479} INFO - 21/12/29 23:14:55 INFO SecurityManager: Changing modify acls groups to:
[2021-12-29 23:14:55,869] {spark_submit_hook.py:479} INFO - 21/12/29 23:14:55 INFO SecurityManager: SecurityManager: authentication disabled; ui acls disabled; users  with view permissions: Set(mvrm); groups with view permissions: Set(); users  with modify permissions: Set(mvrm); groups with modify permissions: Set()
[2021-12-29 23:14:56,137] {spark_submit_hook.py:479} INFO - 21/12/29 23:14:56 INFO Utils: Successfully started service 'sparkDriver' on port 35943.
[2021-12-29 23:14:56,165] {spark_submit_hook.py:479} INFO - 21/12/29 23:14:56 INFO SparkEnv: Registering MapOutputTracker
[2021-12-29 23:14:56,199] {spark_submit_hook.py:479} INFO - 21/12/29 23:14:56 INFO SparkEnv: Registering BlockManagerMaster
[2021-12-29 23:14:56,223] {spark_submit_hook.py:479} INFO - 21/12/29 23:14:56 INFO BlockManagerMasterEndpoint: Using org.apache.spark.storage.DefaultTopologyMapper for getting topology information
[2021-12-29 23:14:56,224] {spark_submit_hook.py:479} INFO - 21/12/29 23:14:56 INFO BlockManagerMasterEndpoint: BlockManagerMasterEndpoint up
[2021-12-29 23:14:56,230] {spark_submit_hook.py:479} INFO - 21/12/29 23:14:56 INFO SparkEnv: Registering BlockManagerMasterHeartbeat
[2021-12-29 23:14:56,263] {spark_submit_hook.py:479} INFO - 21/12/29 23:14:56 INFO DiskBlockManager: Created local directory at /tmp/blockmgr-83909993-ef54-46c7-8080-57523e74b3b1
[2021-12-29 23:14:56,290] {spark_submit_hook.py:479} INFO - 21/12/29 23:14:56 INFO MemoryStore: MemoryStore started with capacity 434.4 MiB
[2021-12-29 23:14:56,310] {spark_submit_hook.py:479} INFO - 21/12/29 23:14:56 INFO SparkEnv: Registering OutputCommitCoordinator
[2021-12-29 23:14:56,561] {spark_submit_hook.py:479} INFO - 21/12/29 23:14:56 WARN Utils: Service 'SparkUI' could not bind on port 4040. Attempting port 4041.
[2021-12-29 23:14:56,574] {spark_submit_hook.py:479} INFO - 21/12/29 23:14:56 INFO Utils: Successfully started service 'SparkUI' on port 4041.
[2021-12-29 23:14:56,689] {spark_submit_hook.py:479} INFO - 21/12/29 23:14:56 INFO SparkUI: Bound SparkUI to 0.0.0.0, and started at http://192.168.15.10:4041
[2021-12-29 23:14:56,945] {spark_submit_hook.py:479} INFO - 21/12/29 23:14:56 INFO Executor: Starting executor ID driver on host 192.168.15.10
[2021-12-29 23:14:56,971] {spark_submit_hook.py:479} INFO - 21/12/29 23:14:56 INFO Utils: Successfully started service 'org.apache.spark.network.netty.NettyBlockTransferService' on port 41991.
[2021-12-29 23:14:56,971] {spark_submit_hook.py:479} INFO - 21/12/29 23:14:56 INFO NettyBlockTransferService: Server created on 192.168.15.10:41991
[2021-12-29 23:14:56,973] {spark_submit_hook.py:479} INFO - 21/12/29 23:14:56 INFO BlockManager: Using org.apache.spark.storage.RandomBlockReplicationPolicy for block replication policy
[2021-12-29 23:14:56,979] {spark_submit_hook.py:479} INFO - 21/12/29 23:14:56 INFO BlockManagerMaster: Registering BlockManager BlockManagerId(driver, 192.168.15.10, 41991, None)
[2021-12-29 23:14:56,983] {spark_submit_hook.py:479} INFO - 21/12/29 23:14:56 INFO BlockManagerMasterEndpoint: Registering block manager 192.168.15.10:41991 with 434.4 MiB RAM, BlockManagerId(driver, 192.168.15.10, 41991, None)
[2021-12-29 23:14:56,985] {spark_submit_hook.py:479} INFO - 21/12/29 23:14:56 INFO BlockManagerMaster: Registered BlockManager BlockManagerId(driver, 192.168.15.10, 41991, None)
[2021-12-29 23:14:56,987] {spark_submit_hook.py:479} INFO - 21/12/29 23:14:56 INFO BlockManager: Initialized BlockManager: BlockManagerId(driver, 192.168.15.10, 41991, None)
[2021-12-29 23:14:57,499] {spark_submit_hook.py:479} INFO - 21/12/29 23:14:57 INFO SharedState: Setting hive.metastore.warehouse.dir ('null') to the value of spark.sql.warehouse.dir.
[2021-12-29 23:14:57,519] {spark_submit_hook.py:479} INFO - 21/12/29 23:14:57 INFO SharedState: Warehouse path is 'file:/home/mvrm/alura-projetos/datapipeline/spark-warehouse'.
[2021-12-29 23:14:58,249] {spark_submit_hook.py:479} INFO - 21/12/29 23:14:58 INFO InMemoryFileIndex: It took 59 ms to list leaf files for 1 paths.
[2021-12-29 23:14:58,330] {spark_submit_hook.py:479} INFO - 21/12/29 23:14:58 INFO InMemoryFileIndex: It took 4 ms to list leaf files for 1 paths.
[2021-12-29 23:15:00,878] {spark_submit_hook.py:479} INFO - 21/12/29 23:15:00 INFO FileSourceStrategy: Pushed Filters:
[2021-12-29 23:15:00,879] {spark_submit_hook.py:479} INFO - 21/12/29 23:15:00 INFO FileSourceStrategy: Post-Scan Filters:
[2021-12-29 23:15:00,882] {spark_submit_hook.py:479} INFO - 21/12/29 23:15:00 INFO FileSourceStrategy: Output Data Schema: struct<value: string>
[2021-12-29 23:15:01,125] {spark_submit_hook.py:479} INFO - 21/12/29 23:15:01 INFO MemoryStore: Block broadcast_0 stored as values in memory (estimated size 189.9 KiB, free 434.2 MiB)
[2021-12-29 23:15:01,185] {spark_submit_hook.py:479} INFO - 21/12/29 23:15:01 INFO MemoryStore: Block broadcast_0_piece0 stored as bytes in memory (estimated size 32.8 KiB, free 434.2 MiB)
[2021-12-29 23:15:01,187] {spark_submit_hook.py:479} INFO - 21/12/29 23:15:01 INFO BlockManagerInfo: Added broadcast_0_piece0 in memory on 192.168.15.10:41991 (size: 32.8 KiB, free: 434.4 MiB)
[2021-12-29 23:15:01,191] {spark_submit_hook.py:479} INFO - 21/12/29 23:15:01 INFO SparkContext: Created broadcast 0 from json at NativeMethodAccessorImpl.java:0
[2021-12-29 23:15:01,198] {spark_submit_hook.py:479} INFO - 21/12/29 23:15:01 INFO FileSourceScanExec: Planning scan with bin packing, max size: 4218765 bytes, open cost is considered as scanning 4194304 bytes.
[2021-12-29 23:15:01,380] {spark_submit_hook.py:479} INFO - 21/12/29 23:15:01 INFO SparkContext: Starting job: json at NativeMethodAccessorImpl.java:0
[2021-12-29 23:15:01,398] {spark_submit_hook.py:479} INFO - 21/12/29 23:15:01 INFO DAGScheduler: Got job 0 (json at NativeMethodAccessorImpl.java:0) with 1 output partitions
[2021-12-29 23:15:01,398] {spark_submit_hook.py:479} INFO - 21/12/29 23:15:01 INFO DAGScheduler: Final stage: ResultStage 0 (json at NativeMethodAccessorImpl.java:0)
[2021-12-29 23:15:01,398] {spark_submit_hook.py:479} INFO - 21/12/29 23:15:01 INFO DAGScheduler: Parents of final stage: List()
[2021-12-29 23:15:01,400] {spark_submit_hook.py:479} INFO - 21/12/29 23:15:01 INFO DAGScheduler: Missing parents: List()
[2021-12-29 23:15:01,408] {spark_submit_hook.py:479} INFO - 21/12/29 23:15:01 INFO DAGScheduler: Submitting ResultStage 0 (MapPartitionsRDD[3] at json at NativeMethodAccessorImpl.java:0), which has no missing parents
[2021-12-29 23:15:01,496] {spark_submit_hook.py:479} INFO - 21/12/29 23:15:01 INFO MemoryStore: Block broadcast_1 stored as values in memory (estimated size 12.4 KiB, free 434.2 MiB)
[2021-12-29 23:15:01,498] {spark_submit_hook.py:479} INFO - 21/12/29 23:15:01 INFO MemoryStore: Block broadcast_1_piece0 stored as bytes in memory (estimated size 6.5 KiB, free 434.2 MiB)
[2021-12-29 23:15:01,500] {spark_submit_hook.py:479} INFO - 21/12/29 23:15:01 INFO BlockManagerInfo: Added broadcast_1_piece0 in memory on 192.168.15.10:41991 (size: 6.5 KiB, free: 434.4 MiB)
[2021-12-29 23:15:01,502] {spark_submit_hook.py:479} INFO - 21/12/29 23:15:01 INFO SparkContext: Created broadcast 1 from broadcast at DAGScheduler.scala:1427
[2021-12-29 23:15:01,519] {spark_submit_hook.py:479} INFO - 21/12/29 23:15:01 INFO DAGScheduler: Submitting 1 missing tasks from ResultStage 0 (MapPartitionsRDD[3] at json at NativeMethodAccessorImpl.java:0) (first 15 tasks are for partitions Vector(0))
[2021-12-29 23:15:01,520] {spark_submit_hook.py:479} INFO - 21/12/29 23:15:01 INFO TaskSchedulerImpl: Adding task set 0.0 with 1 tasks resource profile 0
[2021-12-29 23:15:01,564] {spark_submit_hook.py:479} INFO - 21/12/29 23:15:01 INFO TaskSetManager: Starting task 0.0 in stage 0.0 (TID 0) (192.168.15.10, executor driver, partition 0, PROCESS_LOCAL, 4957 bytes) taskResourceAssignments Map()
[2021-12-29 23:15:01,581] {spark_submit_hook.py:479} INFO - 21/12/29 23:15:01 INFO Executor: Running task 0.0 in stage 0.0 (TID 0)
[2021-12-29 23:15:01,800] {spark_submit_hook.py:479} INFO - 21/12/29 23:15:01 INFO FileScanRDD: Reading File path: file:///home/mvrm/home/mvrm/alura/datapipeline/datalake/bronze/twitter_aluraonline/extract_date=2021-12-28/AluraOnline_20211228.json, range: 0-24461, partition values: [empty row]
[2021-12-29 23:15:02,038] {spark_submit_hook.py:479} INFO - 21/12/29 23:15:02 INFO CodeGenerator: Code generated in 196.13975 ms
[2021-12-29 23:15:02,119] {spark_submit_hook.py:479} INFO - 21/12/29 23:15:02 INFO Executor: Finished task 0.0 in stage 0.0 (TID 0). 2858 bytes result sent to driver
[2021-12-29 23:15:02,149] {spark_submit_hook.py:479} INFO - 21/12/29 23:15:02 INFO TaskSetManager: Finished task 0.0 in stage 0.0 (TID 0) in 592 ms on 192.168.15.10 (executor driver) (1/1)
[2021-12-29 23:15:02,154] {spark_submit_hook.py:479} INFO - 21/12/29 23:15:02 INFO TaskSchedulerImpl: Removed TaskSet 0.0, whose tasks have all completed, from pool
[2021-12-29 23:15:02,162] {spark_submit_hook.py:479} INFO - 21/12/29 23:15:02 INFO DAGScheduler: ResultStage 0 (json at NativeMethodAccessorImpl.java:0) finished in 0,742 s
[2021-12-29 23:15:02,187] {spark_submit_hook.py:479} INFO - 21/12/29 23:15:02 INFO DAGScheduler: Job 0 is finished. Cancelling potential speculative or zombie tasks for this job
[2021-12-29 23:15:02,188] {spark_submit_hook.py:479} INFO - 21/12/29 23:15:02 INFO TaskSchedulerImpl: Killing all running tasks in stage 0: Stage finished
[2021-12-29 23:15:02,192] {spark_submit_hook.py:479} INFO - 21/12/29 23:15:02 INFO DAGScheduler: Job 0 finished: json at NativeMethodAccessorImpl.java:0, took 0,810393 s
[2021-12-29 23:15:02,801] {spark_submit_hook.py:479} INFO - 21/12/29 23:15:02 INFO FileSourceStrategy: Pushed Filters: IsNotNull(data)
[2021-12-29 23:15:02,803] {spark_submit_hook.py:479} INFO - 21/12/29 23:15:02 INFO FileSourceStrategy: Post-Scan Filters: (size(data#7, true) > 0),isnotnull(data#7)
[2021-12-29 23:15:02,804] {spark_submit_hook.py:479} INFO - 21/12/29 23:15:02 INFO FileSourceStrategy: Output Data Schema: struct<data: array<struct<author_id:string,conversation_id:string,created_at:string,id:string,in_reply_to_user_id:string,public_metrics:struct<like_count:bigint,quote_count:bigint,reply_count:bigint,retweet_count:bigint>,text:string>>>
[2021-12-29 23:15:02,919] {spark_submit_hook.py:479} INFO - 21/12/29 23:15:02 INFO FileOutputCommitter: File Output Committer Algorithm version is 1
[2021-12-29 23:15:02,920] {spark_submit_hook.py:479} INFO - 21/12/29 23:15:02 INFO FileOutputCommitter: FileOutputCommitter skip cleanup _temporary folders under output directory:false, ignore cleanup failures: false
[2021-12-29 23:15:02,921] {spark_submit_hook.py:479} INFO - 21/12/29 23:15:02 INFO SQLHadoopMapReduceCommitProtocol: Using output committer class org.apache.hadoop.mapreduce.lib.output.FileOutputCommitter
[2021-12-29 23:15:03,189] {spark_submit_hook.py:479} INFO - 21/12/29 23:15:03 INFO CodeGenerator: Code generated in 159.263097 ms
[2021-12-29 23:15:03,201] {spark_submit_hook.py:479} INFO - 21/12/29 23:15:03 INFO MemoryStore: Block broadcast_2 stored as values in memory (estimated size 189.8 KiB, free 434.0 MiB)
[2021-12-29 23:15:03,219] {spark_submit_hook.py:479} INFO - 21/12/29 23:15:03 INFO MemoryStore: Block broadcast_2_piece0 stored as bytes in memory (estimated size 32.8 KiB, free 433.9 MiB)
[2021-12-29 23:15:03,221] {spark_submit_hook.py:479} INFO - 21/12/29 23:15:03 INFO BlockManagerInfo: Added broadcast_2_piece0 in memory on 192.168.15.10:41991 (size: 32.8 KiB, free: 434.3 MiB)
[2021-12-29 23:15:03,222] {spark_submit_hook.py:479} INFO - 21/12/29 23:15:03 INFO SparkContext: Created broadcast 2 from json at NativeMethodAccessorImpl.java:0
[2021-12-29 23:15:03,226] {spark_submit_hook.py:479} INFO - 21/12/29 23:15:03 INFO FileSourceScanExec: Planning scan with bin packing, max size: 4218765 bytes, open cost is considered as scanning 4194304 bytes.
[2021-12-29 23:15:03,313] {spark_submit_hook.py:479} INFO - 21/12/29 23:15:03 INFO SparkContext: Starting job: json at NativeMethodAccessorImpl.java:0
[2021-12-29 23:15:03,317] {spark_submit_hook.py:479} INFO - 21/12/29 23:15:03 INFO DAGScheduler: Got job 1 (json at NativeMethodAccessorImpl.java:0) with 1 output partitions
[2021-12-29 23:15:03,317] {spark_submit_hook.py:479} INFO - 21/12/29 23:15:03 INFO DAGScheduler: Final stage: ResultStage 1 (json at NativeMethodAccessorImpl.java:0)
[2021-12-29 23:15:03,317] {spark_submit_hook.py:479} INFO - 21/12/29 23:15:03 INFO DAGScheduler: Parents of final stage: List()
[2021-12-29 23:15:03,317] {spark_submit_hook.py:479} INFO - 21/12/29 23:15:03 INFO DAGScheduler: Missing parents: List()
[2021-12-29 23:15:03,326] {spark_submit_hook.py:479} INFO - 21/12/29 23:15:03 INFO DAGScheduler: Submitting ResultStage 1 (CoalescedRDD[7] at json at NativeMethodAccessorImpl.java:0), which has no missing parents
[2021-12-29 23:15:03,364] {spark_submit_hook.py:479} INFO - 21/12/29 23:15:03 INFO MemoryStore: Block broadcast_3 stored as values in memory (estimated size 223.5 KiB, free 433.7 MiB)
[2021-12-29 23:15:03,376] {spark_submit_hook.py:479} INFO - 21/12/29 23:15:03 INFO MemoryStore: Block broadcast_3_piece0 stored as bytes in memory (estimated size 77.5 KiB, free 433.7 MiB)
[2021-12-29 23:15:03,390] {spark_submit_hook.py:479} INFO - 21/12/29 23:15:03 INFO BlockManagerInfo: Added broadcast_3_piece0 in memory on 192.168.15.10:41991 (size: 77.5 KiB, free: 434.3 MiB)
[2021-12-29 23:15:03,391] {spark_submit_hook.py:479} INFO - 21/12/29 23:15:03 INFO SparkContext: Created broadcast 3 from broadcast at DAGScheduler.scala:1427
[2021-12-29 23:15:03,393] {spark_submit_hook.py:479} INFO - 21/12/29 23:15:03 INFO DAGScheduler: Submitting 1 missing tasks from ResultStage 1 (CoalescedRDD[7] at json at NativeMethodAccessorImpl.java:0) (first 15 tasks are for partitions Vector(0))
[2021-12-29 23:15:03,393] {spark_submit_hook.py:479} INFO - 21/12/29 23:15:03 INFO TaskSchedulerImpl: Adding task set 1.0 with 1 tasks resource profile 0
[2021-12-29 23:15:03,400] {spark_submit_hook.py:479} INFO - 21/12/29 23:15:03 INFO TaskSetManager: Starting task 0.0 in stage 1.0 (TID 1) (192.168.15.10, executor driver, partition 0, PROCESS_LOCAL, 5186 bytes) taskResourceAssignments Map()
[2021-12-29 23:15:03,401] {spark_submit_hook.py:479} INFO - 21/12/29 23:15:03 INFO Executor: Running task 0.0 in stage 1.0 (TID 1)
[2021-12-29 23:15:03,401] {spark_submit_hook.py:479} INFO - 21/12/29 23:15:03 INFO BlockManagerInfo: Removed broadcast_1_piece0 on 192.168.15.10:41991 in memory (size: 6.5 KiB, free: 434.3 MiB)
[2021-12-29 23:15:03,503] {spark_submit_hook.py:479} INFO - 21/12/29 23:15:03 INFO FileOutputCommitter: File Output Committer Algorithm version is 1
[2021-12-29 23:15:03,504] {spark_submit_hook.py:479} INFO - 21/12/29 23:15:03 INFO FileOutputCommitter: FileOutputCommitter skip cleanup _temporary folders under output directory:false, ignore cleanup failures: false
[2021-12-29 23:15:03,507] {spark_submit_hook.py:479} INFO - 21/12/29 23:15:03 INFO SQLHadoopMapReduceCommitProtocol: Using output committer class org.apache.hadoop.mapreduce.lib.output.FileOutputCommitter
[2021-12-29 23:15:03,563] {spark_submit_hook.py:479} INFO - 21/12/29 23:15:03 INFO FileScanRDD: Reading File path: file:///home/mvrm/home/mvrm/alura/datapipeline/datalake/bronze/twitter_aluraonline/extract_date=2021-12-28/AluraOnline_20211228.json, range: 0-24461, partition values: [empty row]
[2021-12-29 23:15:03,607] {spark_submit_hook.py:479} INFO - 21/12/29 23:15:03 INFO CodeGenerator: Code generated in 35.247027 ms
[2021-12-29 23:15:03,643] {spark_submit_hook.py:479} INFO - 21/12/29 23:15:03 INFO CodeGenerator: Code generated in 10.952277 ms
[2021-12-29 23:15:03,706] {spark_submit_hook.py:479} INFO - 21/12/29 23:15:03 INFO FileOutputCommitter: Saved output of task 'attempt_202112292315037028486778809759012_0001_m_000000_1' to file:/home/mvrm/home/mvrm/alura/datapipeline/datalake/silver/twitter_aluraonline/tweet/process_date=2021-12-28/_temporary/0/task_202112292315037028486778809759012_0001_m_000000
[2021-12-29 23:15:03,706] {spark_submit_hook.py:479} INFO - 21/12/29 23:15:03 INFO SparkHadoopMapRedUtil: attempt_202112292315037028486778809759012_0001_m_000000_1: Committed
[2021-12-29 23:15:03,714] {spark_submit_hook.py:479} INFO - 21/12/29 23:15:03 INFO Executor: Finished task 0.0 in stage 1.0 (TID 1). 2670 bytes result sent to driver
[2021-12-29 23:15:03,716] {spark_submit_hook.py:479} INFO - 21/12/29 23:15:03 INFO TaskSetManager: Finished task 0.0 in stage 1.0 (TID 1) in 321 ms on 192.168.15.10 (executor driver) (1/1)
[2021-12-29 23:15:03,717] {spark_submit_hook.py:479} INFO - 21/12/29 23:15:03 INFO TaskSchedulerImpl: Removed TaskSet 1.0, whose tasks have all completed, from pool
[2021-12-29 23:15:03,718] {spark_submit_hook.py:479} INFO - 21/12/29 23:15:03 INFO DAGScheduler: ResultStage 1 (json at NativeMethodAccessorImpl.java:0) finished in 0,397 s
[2021-12-29 23:15:03,719] {spark_submit_hook.py:479} INFO - 21/12/29 23:15:03 INFO DAGScheduler: Job 1 is finished. Cancelling potential speculative or zombie tasks for this job
[2021-12-29 23:15:03,719] {spark_submit_hook.py:479} INFO - 21/12/29 23:15:03 INFO TaskSchedulerImpl: Killing all running tasks in stage 1: Stage finished
[2021-12-29 23:15:03,720] {spark_submit_hook.py:479} INFO - 21/12/29 23:15:03 INFO DAGScheduler: Job 1 finished: json at NativeMethodAccessorImpl.java:0, took 0,406120 s
[2021-12-29 23:15:03,721] {spark_submit_hook.py:479} INFO - 21/12/29 23:15:03 INFO FileFormatWriter: Start to commit write Job bb0c3390-2da9-4e9b-b595-1c0241e1cdf7.
[2021-12-29 23:15:03,735] {spark_submit_hook.py:479} INFO - 21/12/29 23:15:03 INFO FileFormatWriter: Write Job bb0c3390-2da9-4e9b-b595-1c0241e1cdf7 committed. Elapsed time: 12 ms.
[2021-12-29 23:15:03,739] {spark_submit_hook.py:479} INFO - 21/12/29 23:15:03 INFO FileFormatWriter: Finished processing stats for write job bb0c3390-2da9-4e9b-b595-1c0241e1cdf7.
[2021-12-29 23:15:03,802] {spark_submit_hook.py:479} INFO - 21/12/29 23:15:03 INFO FileSourceStrategy: Pushed Filters: IsNotNull(includes)
[2021-12-29 23:15:03,802] {spark_submit_hook.py:479} INFO - 21/12/29 23:15:03 INFO FileSourceStrategy: Post-Scan Filters: isnotnull(includes#8),(size(includes#8.users, true) > 0),isnotnull(includes#8.users)
[2021-12-29 23:15:03,803] {spark_submit_hook.py:479} INFO - 21/12/29 23:15:03 INFO FileSourceStrategy: Output Data Schema: struct<includes: struct<users: array<struct<created_at:string,id:string,name:string,username:string>>>>
[2021-12-29 23:15:03,821] {spark_submit_hook.py:479} INFO - 21/12/29 23:15:03 INFO FileOutputCommitter: File Output Committer Algorithm version is 1
[2021-12-29 23:15:03,821] {spark_submit_hook.py:479} INFO - 21/12/29 23:15:03 INFO FileOutputCommitter: FileOutputCommitter skip cleanup _temporary folders under output directory:false, ignore cleanup failures: false
[2021-12-29 23:15:03,822] {spark_submit_hook.py:479} INFO - 21/12/29 23:15:03 INFO SQLHadoopMapReduceCommitProtocol: Using output committer class org.apache.hadoop.mapreduce.lib.output.FileOutputCommitter
[2021-12-29 23:15:03,879] {spark_submit_hook.py:479} INFO - 21/12/29 23:15:03 INFO CodeGenerator: Code generated in 25.057345 ms
[2021-12-29 23:15:03,886] {spark_submit_hook.py:479} INFO - 21/12/29 23:15:03 INFO MemoryStore: Block broadcast_4 stored as values in memory (estimated size 189.8 KiB, free 433.5 MiB)
[2021-12-29 23:15:03,914] {spark_submit_hook.py:479} INFO - 21/12/29 23:15:03 INFO BlockManagerInfo: Removed broadcast_3_piece0 on 192.168.15.10:41991 in memory (size: 77.5 KiB, free: 434.3 MiB)
[2021-12-29 23:15:03,927] {spark_submit_hook.py:479} INFO - 21/12/29 23:15:03 INFO MemoryStore: Block broadcast_4_piece0 stored as bytes in memory (estimated size 32.8 KiB, free 433.7 MiB)
[2021-12-29 23:15:03,928] {spark_submit_hook.py:479} INFO - 21/12/29 23:15:03 INFO BlockManagerInfo: Added broadcast_4_piece0 in memory on 192.168.15.10:41991 (size: 32.8 KiB, free: 434.3 MiB)
[2021-12-29 23:15:03,930] {spark_submit_hook.py:479} INFO - 21/12/29 23:15:03 INFO SparkContext: Created broadcast 4 from json at NativeMethodAccessorImpl.java:0
[2021-12-29 23:15:03,931] {spark_submit_hook.py:479} INFO - 21/12/29 23:15:03 INFO FileSourceScanExec: Planning scan with bin packing, max size: 4218765 bytes, open cost is considered as scanning 4194304 bytes.
[2021-12-29 23:15:03,934] {spark_submit_hook.py:479} INFO - 21/12/29 23:15:03 INFO BlockManagerInfo: Removed broadcast_2_piece0 on 192.168.15.10:41991 in memory (size: 32.8 KiB, free: 434.3 MiB)
[2021-12-29 23:15:03,978] {spark_submit_hook.py:479} INFO - 21/12/29 23:15:03 INFO SparkContext: Starting job: json at NativeMethodAccessorImpl.java:0
[2021-12-29 23:15:03,980] {spark_submit_hook.py:479} INFO - 21/12/29 23:15:03 INFO DAGScheduler: Got job 2 (json at NativeMethodAccessorImpl.java:0) with 1 output partitions
[2021-12-29 23:15:03,980] {spark_submit_hook.py:479} INFO - 21/12/29 23:15:03 INFO DAGScheduler: Final stage: ResultStage 2 (json at NativeMethodAccessorImpl.java:0)
[2021-12-29 23:15:03,980] {spark_submit_hook.py:479} INFO - 21/12/29 23:15:03 INFO DAGScheduler: Parents of final stage: List()
[2021-12-29 23:15:03,980] {spark_submit_hook.py:479} INFO - 21/12/29 23:15:03 INFO DAGScheduler: Missing parents: List()
[2021-12-29 23:15:03,982] {spark_submit_hook.py:479} INFO - 21/12/29 23:15:03 INFO DAGScheduler: Submitting ResultStage 2 (CoalescedRDD[11] at json at NativeMethodAccessorImpl.java:0), which has no missing parents
[2021-12-29 23:15:04,001] {spark_submit_hook.py:479} INFO - 21/12/29 23:15:04 INFO MemoryStore: Block broadcast_5 stored as values in memory (estimated size 211.2 KiB, free 433.8 MiB)
[2021-12-29 23:15:04,012] {spark_submit_hook.py:479} INFO - 21/12/29 23:15:04 INFO MemoryStore: Block broadcast_5_piece0 stored as bytes in memory (estimated size 75.5 KiB, free 433.7 MiB)
[2021-12-29 23:15:04,013] {spark_submit_hook.py:479} INFO - 21/12/29 23:15:04 INFO BlockManagerInfo: Added broadcast_5_piece0 in memory on 192.168.15.10:41991 (size: 75.5 KiB, free: 434.3 MiB)
[2021-12-29 23:15:04,015] {spark_submit_hook.py:479} INFO - 21/12/29 23:15:04 INFO SparkContext: Created broadcast 5 from broadcast at DAGScheduler.scala:1427
[2021-12-29 23:15:04,025] {spark_submit_hook.py:479} INFO - 21/12/29 23:15:04 INFO DAGScheduler: Submitting 1 missing tasks from ResultStage 2 (CoalescedRDD[11] at json at NativeMethodAccessorImpl.java:0) (first 15 tasks are for partitions Vector(0))
[2021-12-29 23:15:04,025] {spark_submit_hook.py:479} INFO - 21/12/29 23:15:04 INFO TaskSchedulerImpl: Adding task set 2.0 with 1 tasks resource profile 0
[2021-12-29 23:15:04,027] {spark_submit_hook.py:479} INFO - 21/12/29 23:15:04 INFO TaskSetManager: Starting task 0.0 in stage 2.0 (TID 2) (192.168.15.10, executor driver, partition 0, PROCESS_LOCAL, 5186 bytes) taskResourceAssignments Map()
[2021-12-29 23:15:04,027] {spark_submit_hook.py:479} INFO - 21/12/29 23:15:04 INFO Executor: Running task 0.0 in stage 2.0 (TID 2)
[2021-12-29 23:15:04,070] {spark_submit_hook.py:479} INFO - 21/12/29 23:15:04 INFO FileOutputCommitter: File Output Committer Algorithm version is 1
[2021-12-29 23:15:04,070] {spark_submit_hook.py:479} INFO - 21/12/29 23:15:04 INFO FileOutputCommitter: FileOutputCommitter skip cleanup _temporary folders under output directory:false, ignore cleanup failures: false
[2021-12-29 23:15:04,071] {spark_submit_hook.py:479} INFO - 21/12/29 23:15:04 INFO BlockManagerInfo: Removed broadcast_0_piece0 on 192.168.15.10:41991 in memory (size: 32.8 KiB, free: 434.3 MiB)
[2021-12-29 23:15:04,073] {spark_submit_hook.py:479} INFO - 21/12/29 23:15:04 INFO SQLHadoopMapReduceCommitProtocol: Using output committer class org.apache.hadoop.mapreduce.lib.output.FileOutputCommitter
[2021-12-29 23:15:04,112] {spark_submit_hook.py:479} INFO - 21/12/29 23:15:04 INFO FileScanRDD: Reading File path: file:///home/mvrm/home/mvrm/alura/datapipeline/datalake/bronze/twitter_aluraonline/extract_date=2021-12-28/AluraOnline_20211228.json, range: 0-24461, partition values: [empty row]
[2021-12-29 23:15:04,149] {spark_submit_hook.py:479} INFO - 21/12/29 23:15:04 INFO CodeGenerator: Code generated in 34.037469 ms
[2021-12-29 23:15:04,179] {spark_submit_hook.py:479} INFO - 21/12/29 23:15:04 INFO CodeGenerator: Code generated in 21.377196 ms
[2021-12-29 23:15:04,199] {spark_submit_hook.py:479} INFO - 21/12/29 23:15:04 INFO FileOutputCommitter: Saved output of task 'attempt_20211229231503846013965323839207_0002_m_000000_2' to file:/home/mvrm/home/mvrm/alura/datapipeline/datalake/silver/twitter_aluraonline/users/process_date=2021-12-28/_temporary/0/task_20211229231503846013965323839207_0002_m_000000
[2021-12-29 23:15:04,200] {spark_submit_hook.py:479} INFO - 21/12/29 23:15:04 INFO SparkHadoopMapRedUtil: attempt_20211229231503846013965323839207_0002_m_000000_2: Committed
[2021-12-29 23:15:04,203] {spark_submit_hook.py:479} INFO - 21/12/29 23:15:04 INFO Executor: Finished task 0.0 in stage 2.0 (TID 2). 2627 bytes result sent to driver
[2021-12-29 23:15:04,207] {spark_submit_hook.py:479} INFO - 21/12/29 23:15:04 INFO TaskSetManager: Finished task 0.0 in stage 2.0 (TID 2) in 180 ms on 192.168.15.10 (executor driver) (1/1)
[2021-12-29 23:15:04,207] {spark_submit_hook.py:479} INFO - 21/12/29 23:15:04 INFO TaskSchedulerImpl: Removed TaskSet 2.0, whose tasks have all completed, from pool
[2021-12-29 23:15:04,209] {spark_submit_hook.py:479} INFO - 21/12/29 23:15:04 INFO DAGScheduler: ResultStage 2 (json at NativeMethodAccessorImpl.java:0) finished in 0,225 s
[2021-12-29 23:15:04,209] {spark_submit_hook.py:479} INFO - 21/12/29 23:15:04 INFO DAGScheduler: Job 2 is finished. Cancelling potential speculative or zombie tasks for this job
[2021-12-29 23:15:04,209] {spark_submit_hook.py:479} INFO - 21/12/29 23:15:04 INFO TaskSchedulerImpl: Killing all running tasks in stage 2: Stage finished
[2021-12-29 23:15:04,209] {spark_submit_hook.py:479} INFO - 21/12/29 23:15:04 INFO DAGScheduler: Job 2 finished: json at NativeMethodAccessorImpl.java:0, took 0,230997 s
[2021-12-29 23:15:04,210] {spark_submit_hook.py:479} INFO - 21/12/29 23:15:04 INFO FileFormatWriter: Start to commit write Job e3d28785-0c8c-4d01-a79f-c48fa691246b.
[2021-12-29 23:15:04,226] {spark_submit_hook.py:479} INFO - 21/12/29 23:15:04 INFO FileFormatWriter: Write Job e3d28785-0c8c-4d01-a79f-c48fa691246b committed. Elapsed time: 15 ms.
[2021-12-29 23:15:04,226] {spark_submit_hook.py:479} INFO - 21/12/29 23:15:04 INFO FileFormatWriter: Finished processing stats for write job e3d28785-0c8c-4d01-a79f-c48fa691246b.
[2021-12-29 23:15:04,283] {spark_submit_hook.py:479} INFO - 21/12/29 23:15:04 INFO SparkContext: Invoking stop() from shutdown hook
[2021-12-29 23:15:04,296] {spark_submit_hook.py:479} INFO - 21/12/29 23:15:04 INFO SparkUI: Stopped Spark web UI at http://192.168.15.10:4041
[2021-12-29 23:15:04,313] {spark_submit_hook.py:479} INFO - 21/12/29 23:15:04 INFO MapOutputTrackerMasterEndpoint: MapOutputTrackerMasterEndpoint stopped!
[2021-12-29 23:15:04,325] {spark_submit_hook.py:479} INFO - 21/12/29 23:15:04 INFO MemoryStore: MemoryStore cleared
[2021-12-29 23:15:04,327] {spark_submit_hook.py:479} INFO - 21/12/29 23:15:04 INFO BlockManager: BlockManager stopped
[2021-12-29 23:15:04,330] {spark_submit_hook.py:479} INFO - 21/12/29 23:15:04 INFO BlockManagerMaster: BlockManagerMaster stopped
[2021-12-29 23:15:04,333] {spark_submit_hook.py:479} INFO - 21/12/29 23:15:04 INFO OutputCommitCoordinator$OutputCommitCoordinatorEndpoint: OutputCommitCoordinator stopped!
[2021-12-29 23:15:04,337] {spark_submit_hook.py:479} INFO - 21/12/29 23:15:04 INFO SparkContext: Successfully stopped SparkContext
[2021-12-29 23:15:04,337] {spark_submit_hook.py:479} INFO - 21/12/29 23:15:04 INFO ShutdownHookManager: Shutdown hook called
[2021-12-29 23:15:04,338] {spark_submit_hook.py:479} INFO - 21/12/29 23:15:04 INFO ShutdownHookManager: Deleting directory /tmp/spark-c427fe04-4c27-4cdf-83ab-4a95e88e4534
[2021-12-29 23:15:04,341] {spark_submit_hook.py:479} INFO - 21/12/29 23:15:04 INFO ShutdownHookManager: Deleting directory /tmp/spark-c427fe04-4c27-4cdf-83ab-4a95e88e4534/pyspark-cbcf6629-863a-477d-99d0-d6b68b2fb8bc
[2021-12-29 23:15:04,343] {spark_submit_hook.py:479} INFO - 21/12/29 23:15:04 INFO ShutdownHookManager: Deleting directory /tmp/spark-57561a02-6d26-4fef-bd18-5b36db38a329
[2021-12-29 23:15:04,411] {taskinstance.py:1057} INFO - Marking task as SUCCESS.dag_id=twitter_dag, task_id=transform_twitter_aluraonline, execution_date=20211228T090000, start_date=20211230T021453, end_date=20211230T021504
[2021-12-29 23:15:08,040] {local_task_job.py:102} INFO - Task exited with return code 0
