[2021-12-29 23:03:10,114] {taskinstance.py:670} INFO - Dependencies all met for <TaskInstance: twitter_dag.transform_twitter_aluraonline 2021-12-24T09:00:00+00:00 [queued]>
[2021-12-29 23:03:10,127] {taskinstance.py:670} INFO - Dependencies all met for <TaskInstance: twitter_dag.transform_twitter_aluraonline 2021-12-24T09:00:00+00:00 [queued]>
[2021-12-29 23:03:10,127] {taskinstance.py:880} INFO - 
--------------------------------------------------------------------------------
[2021-12-29 23:03:10,127] {taskinstance.py:881} INFO - Starting attempt 1 of 1
[2021-12-29 23:03:10,127] {taskinstance.py:882} INFO - 
--------------------------------------------------------------------------------
[2021-12-29 23:03:10,234] {taskinstance.py:901} INFO - Executing <Task(SparkSubmitOperator): transform_twitter_aluraonline> on 2021-12-24T09:00:00+00:00
[2021-12-29 23:03:10,240] {standard_task_runner.py:54} INFO - Started process 35391 to run task
[2021-12-29 23:03:10,309] {standard_task_runner.py:77} INFO - Running: ['airflow', 'run', 'twitter_dag', 'transform_twitter_aluraonline', '2021-12-24T09:00:00+00:00', '--job_id', '9', '--pool', 'default_pool', '--raw', '-sd', 'DAGS_FOLDER/twitter_dag.py', '--cfg_path', '/tmp/tmpwboezjod']
[2021-12-29 23:03:10,309] {standard_task_runner.py:78} INFO - Job 9: Subtask transform_twitter_aluraonline
[2021-12-29 23:03:10,597] {logging_mixin.py:112} INFO - Running <TaskInstance: twitter_dag.transform_twitter_aluraonline 2021-12-24T09:00:00+00:00 [running]> on host mavipc
[2021-12-29 23:03:10,636] {base_hook.py:89} INFO - Using connection to: id: spark_default. Host: local, Port: None, Schema: None, Login: None, Password: None, extra: XXXXXXXX
[2021-12-29 23:03:10,637] {spark_submit_hook.py:325} INFO - Spark-Submit cmd: /home/mvrm/spark-3.2.0-bin-hadoop3.2/bin/spark-submit --master local --name twitter_transformation /home/mvrm/alura-projetos/datapipeline/spark/transformation.py --src /home/mvrm/home/mvrm/alura/datapipeline/datalake/bronze/twitter_aluraonline/extract_date=2021-12-24 --dest /home/mvrm/home/mvrm/alura/datapipeline/datalake/silver/twitter_aluraonline/ --process-date 2021-12-24
[2021-12-29 23:03:11,712] {spark_submit_hook.py:479} INFO - 21/12/29 23:03:11 WARN Utils: Your hostname, mavipc resolves to a loopback address: 127.0.1.1; using 192.168.15.10 instead (on interface wlo1)
[2021-12-29 23:03:11,712] {spark_submit_hook.py:479} INFO - 21/12/29 23:03:11 WARN Utils: Set SPARK_LOCAL_IP if you need to bind to another address
[2021-12-29 23:03:11,750] {spark_submit_hook.py:479} INFO - WARNING: An illegal reflective access operation has occurred
[2021-12-29 23:03:11,750] {spark_submit_hook.py:479} INFO - WARNING: Illegal reflective access by org.apache.spark.unsafe.Platform (file:/home/mvrm/spark-3.2.0-bin-hadoop3.2/jars/spark-unsafe_2.12-3.2.0.jar) to constructor java.nio.DirectByteBuffer(long,int)
[2021-12-29 23:03:11,751] {spark_submit_hook.py:479} INFO - WARNING: Please consider reporting this to the maintainers of org.apache.spark.unsafe.Platform
[2021-12-29 23:03:11,751] {spark_submit_hook.py:479} INFO - WARNING: Use --illegal-access=warn to enable warnings of further illegal reflective access operations
[2021-12-29 23:03:11,751] {spark_submit_hook.py:479} INFO - WARNING: All illegal access operations will be denied in a future release
[2021-12-29 23:03:12,760] {spark_submit_hook.py:479} INFO - Using Spark's default log4j profile: org/apache/spark/log4j-defaults.properties
[2021-12-29 23:03:12,770] {spark_submit_hook.py:479} INFO - 21/12/29 23:03:12 INFO SparkContext: Running Spark version 3.2.0
[2021-12-29 23:03:12,832] {spark_submit_hook.py:479} INFO - 21/12/29 23:03:12 WARN NativeCodeLoader: Unable to load native-hadoop library for your platform... using builtin-java classes where applicable
[2021-12-29 23:03:12,926] {spark_submit_hook.py:479} INFO - 21/12/29 23:03:12 INFO ResourceUtils: ==============================================================
[2021-12-29 23:03:12,926] {spark_submit_hook.py:479} INFO - 21/12/29 23:03:12 INFO ResourceUtils: No custom resources configured for spark.driver.
[2021-12-29 23:03:12,926] {spark_submit_hook.py:479} INFO - 21/12/29 23:03:12 INFO ResourceUtils: ==============================================================
[2021-12-29 23:03:12,926] {spark_submit_hook.py:479} INFO - 21/12/29 23:03:12 INFO SparkContext: Submitted application: twitter_transformation
[2021-12-29 23:03:12,942] {spark_submit_hook.py:479} INFO - 21/12/29 23:03:12 INFO ResourceProfile: Default ResourceProfile created, executor resources: Map(cores -> name: cores, amount: 1, script: , vendor: , memory -> name: memory, amount: 1024, script: , vendor: , offHeap -> name: offHeap, amount: 0, script: , vendor: ), task resources: Map(cpus -> name: cpus, amount: 1.0)
[2021-12-29 23:03:12,949] {spark_submit_hook.py:479} INFO - 21/12/29 23:03:12 INFO ResourceProfile: Limiting resource is cpu
[2021-12-29 23:03:12,949] {spark_submit_hook.py:479} INFO - 21/12/29 23:03:12 INFO ResourceProfileManager: Added ResourceProfile id: 0
[2021-12-29 23:03:12,989] {spark_submit_hook.py:479} INFO - 21/12/29 23:03:12 INFO SecurityManager: Changing view acls to: mvrm
[2021-12-29 23:03:12,989] {spark_submit_hook.py:479} INFO - 21/12/29 23:03:12 INFO SecurityManager: Changing modify acls to: mvrm
[2021-12-29 23:03:12,990] {spark_submit_hook.py:479} INFO - 21/12/29 23:03:12 INFO SecurityManager: Changing view acls groups to:
[2021-12-29 23:03:12,990] {spark_submit_hook.py:479} INFO - 21/12/29 23:03:12 INFO SecurityManager: Changing modify acls groups to:
[2021-12-29 23:03:12,990] {spark_submit_hook.py:479} INFO - 21/12/29 23:03:12 INFO SecurityManager: SecurityManager: authentication disabled; ui acls disabled; users  with view permissions: Set(mvrm); groups with view permissions: Set(); users  with modify permissions: Set(mvrm); groups with modify permissions: Set()
[2021-12-29 23:03:13,220] {spark_submit_hook.py:479} INFO - 21/12/29 23:03:13 INFO Utils: Successfully started service 'sparkDriver' on port 40689.
[2021-12-29 23:03:13,240] {spark_submit_hook.py:479} INFO - 21/12/29 23:03:13 INFO SparkEnv: Registering MapOutputTracker
[2021-12-29 23:03:13,263] {spark_submit_hook.py:479} INFO - 21/12/29 23:03:13 INFO SparkEnv: Registering BlockManagerMaster
[2021-12-29 23:03:13,275] {spark_submit_hook.py:479} INFO - 21/12/29 23:03:13 INFO BlockManagerMasterEndpoint: Using org.apache.spark.storage.DefaultTopologyMapper for getting topology information
[2021-12-29 23:03:13,275] {spark_submit_hook.py:479} INFO - 21/12/29 23:03:13 INFO BlockManagerMasterEndpoint: BlockManagerMasterEndpoint up
[2021-12-29 23:03:13,278] {spark_submit_hook.py:479} INFO - 21/12/29 23:03:13 INFO SparkEnv: Registering BlockManagerMasterHeartbeat
[2021-12-29 23:03:13,292] {spark_submit_hook.py:479} INFO - 21/12/29 23:03:13 INFO DiskBlockManager: Created local directory at /tmp/blockmgr-bfd29b72-3816-4357-9605-0e45674f9e0e
[2021-12-29 23:03:13,306] {spark_submit_hook.py:479} INFO - 21/12/29 23:03:13 INFO MemoryStore: MemoryStore started with capacity 434.4 MiB
[2021-12-29 23:03:13,318] {spark_submit_hook.py:479} INFO - 21/12/29 23:03:13 INFO SparkEnv: Registering OutputCommitCoordinator
[2021-12-29 23:03:13,443] {spark_submit_hook.py:479} INFO - 21/12/29 23:03:13 WARN Utils: Service 'SparkUI' could not bind on port 4040. Attempting port 4041.
[2021-12-29 23:03:13,449] {spark_submit_hook.py:479} INFO - 21/12/29 23:03:13 INFO Utils: Successfully started service 'SparkUI' on port 4041.
[2021-12-29 23:03:13,503] {spark_submit_hook.py:479} INFO - 21/12/29 23:03:13 INFO SparkUI: Bound SparkUI to 0.0.0.0, and started at http://192.168.15.10:4041
[2021-12-29 23:03:13,645] {spark_submit_hook.py:479} INFO - 21/12/29 23:03:13 INFO Executor: Starting executor ID driver on host 192.168.15.10
[2021-12-29 23:03:13,665] {spark_submit_hook.py:479} INFO - 21/12/29 23:03:13 INFO Utils: Successfully started service 'org.apache.spark.network.netty.NettyBlockTransferService' on port 44285.
[2021-12-29 23:03:13,665] {spark_submit_hook.py:479} INFO - 21/12/29 23:03:13 INFO NettyBlockTransferService: Server created on 192.168.15.10:44285
[2021-12-29 23:03:13,667] {spark_submit_hook.py:479} INFO - 21/12/29 23:03:13 INFO BlockManager: Using org.apache.spark.storage.RandomBlockReplicationPolicy for block replication policy
[2021-12-29 23:03:13,671] {spark_submit_hook.py:479} INFO - 21/12/29 23:03:13 INFO BlockManagerMaster: Registering BlockManager BlockManagerId(driver, 192.168.15.10, 44285, None)
[2021-12-29 23:03:13,674] {spark_submit_hook.py:479} INFO - 21/12/29 23:03:13 INFO BlockManagerMasterEndpoint: Registering block manager 192.168.15.10:44285 with 434.4 MiB RAM, BlockManagerId(driver, 192.168.15.10, 44285, None)
[2021-12-29 23:03:13,675] {spark_submit_hook.py:479} INFO - 21/12/29 23:03:13 INFO BlockManagerMaster: Registered BlockManager BlockManagerId(driver, 192.168.15.10, 44285, None)
[2021-12-29 23:03:13,676] {spark_submit_hook.py:479} INFO - 21/12/29 23:03:13 INFO BlockManager: Initialized BlockManager: BlockManagerId(driver, 192.168.15.10, 44285, None)
[2021-12-29 23:03:14,025] {spark_submit_hook.py:479} INFO - 21/12/29 23:03:14 INFO SharedState: Setting hive.metastore.warehouse.dir ('null') to the value of spark.sql.warehouse.dir.
[2021-12-29 23:03:14,041] {spark_submit_hook.py:479} INFO - 21/12/29 23:03:14 INFO SharedState: Warehouse path is 'file:/home/mvrm/alura-projetos/datapipeline/spark-warehouse'.
[2021-12-29 23:03:14,489] {spark_submit_hook.py:479} INFO - 21/12/29 23:03:14 INFO InMemoryFileIndex: It took 27 ms to list leaf files for 1 paths.
[2021-12-29 23:03:14,546] {spark_submit_hook.py:479} INFO - 21/12/29 23:03:14 INFO InMemoryFileIndex: It took 2 ms to list leaf files for 1 paths.
[2021-12-29 23:03:16,157] {spark_submit_hook.py:479} INFO - 21/12/29 23:03:16 INFO FileSourceStrategy: Pushed Filters:
[2021-12-29 23:03:16,158] {spark_submit_hook.py:479} INFO - 21/12/29 23:03:16 INFO FileSourceStrategy: Post-Scan Filters:
[2021-12-29 23:03:16,161] {spark_submit_hook.py:479} INFO - 21/12/29 23:03:16 INFO FileSourceStrategy: Output Data Schema: struct<value: string>
[2021-12-29 23:03:16,331] {spark_submit_hook.py:479} INFO - 21/12/29 23:03:16 INFO MemoryStore: Block broadcast_0 stored as values in memory (estimated size 189.9 KiB, free 434.2 MiB)
[2021-12-29 23:03:16,378] {spark_submit_hook.py:479} INFO - 21/12/29 23:03:16 INFO MemoryStore: Block broadcast_0_piece0 stored as bytes in memory (estimated size 32.8 KiB, free 434.2 MiB)
[2021-12-29 23:03:16,380] {spark_submit_hook.py:479} INFO - 21/12/29 23:03:16 INFO BlockManagerInfo: Added broadcast_0_piece0 in memory on 192.168.15.10:44285 (size: 32.8 KiB, free: 434.4 MiB)
[2021-12-29 23:03:16,385] {spark_submit_hook.py:479} INFO - 21/12/29 23:03:16 INFO SparkContext: Created broadcast 0 from json at NativeMethodAccessorImpl.java:0
[2021-12-29 23:03:16,392] {spark_submit_hook.py:479} INFO - 21/12/29 23:03:16 INFO FileSourceScanExec: Planning scan with bin packing, max size: 4197833 bytes, open cost is considered as scanning 4194304 bytes.
[2021-12-29 23:03:16,521] {spark_submit_hook.py:479} INFO - 21/12/29 23:03:16 INFO SparkContext: Starting job: json at NativeMethodAccessorImpl.java:0
[2021-12-29 23:03:16,531] {spark_submit_hook.py:479} INFO - 21/12/29 23:03:16 INFO DAGScheduler: Got job 0 (json at NativeMethodAccessorImpl.java:0) with 1 output partitions
[2021-12-29 23:03:16,531] {spark_submit_hook.py:479} INFO - 21/12/29 23:03:16 INFO DAGScheduler: Final stage: ResultStage 0 (json at NativeMethodAccessorImpl.java:0)
[2021-12-29 23:03:16,531] {spark_submit_hook.py:479} INFO - 21/12/29 23:03:16 INFO DAGScheduler: Parents of final stage: List()
[2021-12-29 23:03:16,532] {spark_submit_hook.py:479} INFO - 21/12/29 23:03:16 INFO DAGScheduler: Missing parents: List()
[2021-12-29 23:03:16,535] {spark_submit_hook.py:479} INFO - 21/12/29 23:03:16 INFO DAGScheduler: Submitting ResultStage 0 (MapPartitionsRDD[3] at json at NativeMethodAccessorImpl.java:0), which has no missing parents
[2021-12-29 23:03:16,598] {spark_submit_hook.py:479} INFO - 21/12/29 23:03:16 INFO MemoryStore: Block broadcast_1 stored as values in memory (estimated size 12.4 KiB, free 434.2 MiB)
[2021-12-29 23:03:16,605] {spark_submit_hook.py:479} INFO - 21/12/29 23:03:16 INFO MemoryStore: Block broadcast_1_piece0 stored as bytes in memory (estimated size 6.5 KiB, free 434.2 MiB)
[2021-12-29 23:03:16,606] {spark_submit_hook.py:479} INFO - 21/12/29 23:03:16 INFO BlockManagerInfo: Added broadcast_1_piece0 in memory on 192.168.15.10:44285 (size: 6.5 KiB, free: 434.4 MiB)
[2021-12-29 23:03:16,607] {spark_submit_hook.py:479} INFO - 21/12/29 23:03:16 INFO SparkContext: Created broadcast 1 from broadcast at DAGScheduler.scala:1427
[2021-12-29 23:03:16,617] {spark_submit_hook.py:479} INFO - 21/12/29 23:03:16 INFO DAGScheduler: Submitting 1 missing tasks from ResultStage 0 (MapPartitionsRDD[3] at json at NativeMethodAccessorImpl.java:0) (first 15 tasks are for partitions Vector(0))
[2021-12-29 23:03:16,618] {spark_submit_hook.py:479} INFO - 21/12/29 23:03:16 INFO TaskSchedulerImpl: Adding task set 0.0 with 1 tasks resource profile 0
[2021-12-29 23:03:16,656] {spark_submit_hook.py:479} INFO - 21/12/29 23:03:16 INFO TaskSetManager: Starting task 0.0 in stage 0.0 (TID 0) (192.168.15.10, executor driver, partition 0, PROCESS_LOCAL, 4957 bytes) taskResourceAssignments Map()
[2021-12-29 23:03:16,666] {spark_submit_hook.py:479} INFO - 21/12/29 23:03:16 INFO Executor: Running task 0.0 in stage 0.0 (TID 0)
[2021-12-29 23:03:16,736] {spark_submit_hook.py:479} INFO - 21/12/29 23:03:16 INFO FileScanRDD: Reading File path: file:///home/mvrm/home/mvrm/alura/datapipeline/datalake/bronze/twitter_aluraonline/extract_date=2021-12-24/AluraOnline_20211224.json, range: 0-3529, partition values: [empty row]
[2021-12-29 23:03:16,893] {spark_submit_hook.py:479} INFO - 21/12/29 23:03:16 INFO CodeGenerator: Code generated in 127.41478 ms
[2021-12-29 23:03:16,944] {spark_submit_hook.py:479} INFO - 21/12/29 23:03:16 INFO Executor: Finished task 0.0 in stage 0.0 (TID 0). 2785 bytes result sent to driver
[2021-12-29 23:03:16,957] {spark_submit_hook.py:479} INFO - 21/12/29 23:03:16 INFO TaskSetManager: Finished task 0.0 in stage 0.0 (TID 0) in 306 ms on 192.168.15.10 (executor driver) (1/1)
[2021-12-29 23:03:16,958] {spark_submit_hook.py:479} INFO - 21/12/29 23:03:16 INFO TaskSchedulerImpl: Removed TaskSet 0.0, whose tasks have all completed, from pool
[2021-12-29 23:03:16,964] {spark_submit_hook.py:479} INFO - 21/12/29 23:03:16 INFO DAGScheduler: ResultStage 0 (json at NativeMethodAccessorImpl.java:0) finished in 0,414 s
[2021-12-29 23:03:16,968] {spark_submit_hook.py:479} INFO - 21/12/29 23:03:16 INFO DAGScheduler: Job 0 is finished. Cancelling potential speculative or zombie tasks for this job
[2021-12-29 23:03:16,968] {spark_submit_hook.py:479} INFO - 21/12/29 23:03:16 INFO TaskSchedulerImpl: Killing all running tasks in stage 0: Stage finished
[2021-12-29 23:03:16,971] {spark_submit_hook.py:479} INFO - 21/12/29 23:03:16 INFO DAGScheduler: Job 0 finished: json at NativeMethodAccessorImpl.java:0, took 0,449325 s
[2021-12-29 23:03:17,223] {spark_submit_hook.py:479} INFO - 21/12/29 23:03:17 INFO FileSourceStrategy: Pushed Filters: IsNotNull(data)
[2021-12-29 23:03:17,223] {spark_submit_hook.py:479} INFO - 21/12/29 23:03:17 INFO FileSourceStrategy: Post-Scan Filters: (size(data#7, true) > 0),isnotnull(data#7)
[2021-12-29 23:03:17,224] {spark_submit_hook.py:479} INFO - 21/12/29 23:03:17 INFO FileSourceStrategy: Output Data Schema: struct<data: array<struct<author_id:string,conversation_id:string,created_at:string,id:string,in_reply_to_user_id:string,public_metrics:struct<like_count:bigint,quote_count:bigint,reply_count:bigint,retweet_count:bigint>,text:string>>>
[2021-12-29 23:03:17,298] {spark_submit_hook.py:479} INFO - 21/12/29 23:03:17 INFO FileOutputCommitter: File Output Committer Algorithm version is 1
[2021-12-29 23:03:17,299] {spark_submit_hook.py:479} INFO - 21/12/29 23:03:17 INFO FileOutputCommitter: FileOutputCommitter skip cleanup _temporary folders under output directory:false, ignore cleanup failures: false
[2021-12-29 23:03:17,300] {spark_submit_hook.py:479} INFO - 21/12/29 23:03:17 INFO SQLHadoopMapReduceCommitProtocol: Using output committer class org.apache.hadoop.mapreduce.lib.output.FileOutputCommitter
[2021-12-29 23:03:17,409] {spark_submit_hook.py:479} INFO - 21/12/29 23:03:17 INFO BlockManagerInfo: Removed broadcast_1_piece0 on 192.168.15.10:44285 in memory (size: 6.5 KiB, free: 434.4 MiB)
[2021-12-29 23:03:17,528] {spark_submit_hook.py:479} INFO - 21/12/29 23:03:17 INFO CodeGenerator: Code generated in 111.344923 ms
[2021-12-29 23:03:17,533] {spark_submit_hook.py:479} INFO - 21/12/29 23:03:17 INFO MemoryStore: Block broadcast_2 stored as values in memory (estimated size 189.8 KiB, free 434.0 MiB)
[2021-12-29 23:03:17,554] {spark_submit_hook.py:479} INFO - 21/12/29 23:03:17 INFO MemoryStore: Block broadcast_2_piece0 stored as bytes in memory (estimated size 32.8 KiB, free 434.0 MiB)
[2021-12-29 23:03:17,555] {spark_submit_hook.py:479} INFO - 21/12/29 23:03:17 INFO BlockManagerInfo: Added broadcast_2_piece0 in memory on 192.168.15.10:44285 (size: 32.8 KiB, free: 434.3 MiB)
[2021-12-29 23:03:17,557] {spark_submit_hook.py:479} INFO - 21/12/29 23:03:17 INFO SparkContext: Created broadcast 2 from json at NativeMethodAccessorImpl.java:0
[2021-12-29 23:03:17,561] {spark_submit_hook.py:479} INFO - 21/12/29 23:03:17 INFO FileSourceScanExec: Planning scan with bin packing, max size: 4197833 bytes, open cost is considered as scanning 4194304 bytes.
[2021-12-29 23:03:17,588] {spark_submit_hook.py:479} INFO - 21/12/29 23:03:17 INFO BlockManagerInfo: Removed broadcast_0_piece0 on 192.168.15.10:44285 in memory (size: 32.8 KiB, free: 434.4 MiB)
[2021-12-29 23:03:17,632] {spark_submit_hook.py:479} INFO - 21/12/29 23:03:17 INFO SparkContext: Starting job: json at NativeMethodAccessorImpl.java:0
[2021-12-29 23:03:17,633] {spark_submit_hook.py:479} INFO - 21/12/29 23:03:17 INFO DAGScheduler: Got job 1 (json at NativeMethodAccessorImpl.java:0) with 1 output partitions
[2021-12-29 23:03:17,633] {spark_submit_hook.py:479} INFO - 21/12/29 23:03:17 INFO DAGScheduler: Final stage: ResultStage 1 (json at NativeMethodAccessorImpl.java:0)
[2021-12-29 23:03:17,634] {spark_submit_hook.py:479} INFO - 21/12/29 23:03:17 INFO DAGScheduler: Parents of final stage: List()
[2021-12-29 23:03:17,634] {spark_submit_hook.py:479} INFO - 21/12/29 23:03:17 INFO DAGScheduler: Missing parents: List()
[2021-12-29 23:03:17,634] {spark_submit_hook.py:479} INFO - 21/12/29 23:03:17 INFO DAGScheduler: Submitting ResultStage 1 (CoalescedRDD[7] at json at NativeMethodAccessorImpl.java:0), which has no missing parents
[2021-12-29 23:03:17,657] {spark_submit_hook.py:479} INFO - 21/12/29 23:03:17 INFO MemoryStore: Block broadcast_3 stored as values in memory (estimated size 223.5 KiB, free 434.0 MiB)
[2021-12-29 23:03:17,670] {spark_submit_hook.py:479} INFO - 21/12/29 23:03:17 INFO MemoryStore: Block broadcast_3_piece0 stored as bytes in memory (estimated size 77.5 KiB, free 433.9 MiB)
[2021-12-29 23:03:17,671] {spark_submit_hook.py:479} INFO - 21/12/29 23:03:17 INFO BlockManagerInfo: Added broadcast_3_piece0 in memory on 192.168.15.10:44285 (size: 77.5 KiB, free: 434.3 MiB)
[2021-12-29 23:03:17,684] {spark_submit_hook.py:479} INFO - 21/12/29 23:03:17 INFO SparkContext: Created broadcast 3 from broadcast at DAGScheduler.scala:1427
[2021-12-29 23:03:17,685] {spark_submit_hook.py:479} INFO - 21/12/29 23:03:17 INFO DAGScheduler: Submitting 1 missing tasks from ResultStage 1 (CoalescedRDD[7] at json at NativeMethodAccessorImpl.java:0) (first 15 tasks are for partitions Vector(0))
[2021-12-29 23:03:17,685] {spark_submit_hook.py:479} INFO - 21/12/29 23:03:17 INFO TaskSchedulerImpl: Adding task set 1.0 with 1 tasks resource profile 0
[2021-12-29 23:03:17,691] {spark_submit_hook.py:479} INFO - 21/12/29 23:03:17 INFO TaskSetManager: Starting task 0.0 in stage 1.0 (TID 1) (192.168.15.10, executor driver, partition 0, PROCESS_LOCAL, 5186 bytes) taskResourceAssignments Map()
[2021-12-29 23:03:17,693] {spark_submit_hook.py:479} INFO - 21/12/29 23:03:17 INFO Executor: Running task 0.0 in stage 1.0 (TID 1)
[2021-12-29 23:03:17,788] {spark_submit_hook.py:479} INFO - 21/12/29 23:03:17 INFO FileOutputCommitter: File Output Committer Algorithm version is 1
[2021-12-29 23:03:17,789] {spark_submit_hook.py:479} INFO - 21/12/29 23:03:17 INFO FileOutputCommitter: FileOutputCommitter skip cleanup _temporary folders under output directory:false, ignore cleanup failures: false
[2021-12-29 23:03:17,790] {spark_submit_hook.py:479} INFO - 21/12/29 23:03:17 INFO SQLHadoopMapReduceCommitProtocol: Using output committer class org.apache.hadoop.mapreduce.lib.output.FileOutputCommitter
[2021-12-29 23:03:17,828] {spark_submit_hook.py:479} INFO - 21/12/29 23:03:17 INFO FileScanRDD: Reading File path: file:///home/mvrm/home/mvrm/alura/datapipeline/datalake/bronze/twitter_aluraonline/extract_date=2021-12-24/AluraOnline_20211224.json, range: 0-3529, partition values: [empty row]
[2021-12-29 23:03:17,875] {spark_submit_hook.py:479} INFO - 21/12/29 23:03:17 INFO CodeGenerator: Code generated in 40.086776 ms
[2021-12-29 23:03:17,908] {spark_submit_hook.py:479} INFO - 21/12/29 23:03:17 INFO CodeGenerator: Code generated in 8.92296 ms
[2021-12-29 23:03:17,951] {spark_submit_hook.py:479} INFO - 21/12/29 23:03:17 INFO FileOutputCommitter: Saved output of task 'attempt_202112292303177380666085351177263_0001_m_000000_1' to file:/home/mvrm/home/mvrm/alura/datapipeline/datalake/silver/twitter_aluraonline/tweet/process_date=2021-12-24/_temporary/0/task_202112292303177380666085351177263_0001_m_000000
[2021-12-29 23:03:17,952] {spark_submit_hook.py:479} INFO - 21/12/29 23:03:17 INFO SparkHadoopMapRedUtil: attempt_202112292303177380666085351177263_0001_m_000000_1: Committed
[2021-12-29 23:03:17,961] {spark_submit_hook.py:479} INFO - 21/12/29 23:03:17 INFO Executor: Finished task 0.0 in stage 1.0 (TID 1). 2670 bytes result sent to driver
[2021-12-29 23:03:17,963] {spark_submit_hook.py:479} INFO - 21/12/29 23:03:17 INFO TaskSetManager: Finished task 0.0 in stage 1.0 (TID 1) in 276 ms on 192.168.15.10 (executor driver) (1/1)
[2021-12-29 23:03:17,963] {spark_submit_hook.py:479} INFO - 21/12/29 23:03:17 INFO TaskSchedulerImpl: Removed TaskSet 1.0, whose tasks have all completed, from pool
[2021-12-29 23:03:17,964] {spark_submit_hook.py:479} INFO - 21/12/29 23:03:17 INFO DAGScheduler: ResultStage 1 (json at NativeMethodAccessorImpl.java:0) finished in 0,328 s
[2021-12-29 23:03:17,964] {spark_submit_hook.py:479} INFO - 21/12/29 23:03:17 INFO DAGScheduler: Job 1 is finished. Cancelling potential speculative or zombie tasks for this job
[2021-12-29 23:03:17,965] {spark_submit_hook.py:479} INFO - 21/12/29 23:03:17 INFO TaskSchedulerImpl: Killing all running tasks in stage 1: Stage finished
[2021-12-29 23:03:17,965] {spark_submit_hook.py:479} INFO - 21/12/29 23:03:17 INFO DAGScheduler: Job 1 finished: json at NativeMethodAccessorImpl.java:0, took 0,333267 s
[2021-12-29 23:03:17,967] {spark_submit_hook.py:479} INFO - 21/12/29 23:03:17 INFO FileFormatWriter: Start to commit write Job d6caad5f-2f25-4be5-aa7f-681463fa4e03.
[2021-12-29 23:03:17,980] {spark_submit_hook.py:479} INFO - 21/12/29 23:03:17 INFO FileFormatWriter: Write Job d6caad5f-2f25-4be5-aa7f-681463fa4e03 committed. Elapsed time: 12 ms.
[2021-12-29 23:03:17,983] {spark_submit_hook.py:479} INFO - 21/12/29 23:03:17 INFO FileFormatWriter: Finished processing stats for write job d6caad5f-2f25-4be5-aa7f-681463fa4e03.
[2021-12-29 23:03:18,049] {spark_submit_hook.py:479} INFO - 21/12/29 23:03:18 INFO FileSourceStrategy: Pushed Filters: IsNotNull(includes)
[2021-12-29 23:03:18,049] {spark_submit_hook.py:479} INFO - 21/12/29 23:03:18 INFO FileSourceStrategy: Post-Scan Filters: isnotnull(includes#8),(size(includes#8.users, true) > 0),isnotnull(includes#8.users)
[2021-12-29 23:03:18,050] {spark_submit_hook.py:479} INFO - 21/12/29 23:03:18 INFO FileSourceStrategy: Output Data Schema: struct<includes: struct<users: array<struct<created_at:string,id:string,name:string,username:string>>>>
[2021-12-29 23:03:18,064] {spark_submit_hook.py:479} INFO - 21/12/29 23:03:18 INFO FileOutputCommitter: File Output Committer Algorithm version is 1
[2021-12-29 23:03:18,064] {spark_submit_hook.py:479} INFO - 21/12/29 23:03:18 INFO FileOutputCommitter: FileOutputCommitter skip cleanup _temporary folders under output directory:false, ignore cleanup failures: false
[2021-12-29 23:03:18,064] {spark_submit_hook.py:479} INFO - 21/12/29 23:03:18 INFO SQLHadoopMapReduceCommitProtocol: Using output committer class org.apache.hadoop.mapreduce.lib.output.FileOutputCommitter
[2021-12-29 23:03:18,109] {spark_submit_hook.py:479} INFO - 21/12/29 23:03:18 INFO CodeGenerator: Code generated in 18.364682 ms
[2021-12-29 23:03:18,113] {spark_submit_hook.py:479} INFO - 21/12/29 23:03:18 INFO MemoryStore: Block broadcast_4 stored as values in memory (estimated size 189.8 KiB, free 433.7 MiB)
[2021-12-29 23:03:18,123] {spark_submit_hook.py:479} INFO - 21/12/29 23:03:18 INFO BlockManagerInfo: Removed broadcast_3_piece0 on 192.168.15.10:44285 in memory (size: 77.5 KiB, free: 434.4 MiB)
[2021-12-29 23:03:18,130] {spark_submit_hook.py:479} INFO - 21/12/29 23:03:18 INFO MemoryStore: Block broadcast_4_piece0 stored as bytes in memory (estimated size 32.8 KiB, free 434.0 MiB)
[2021-12-29 23:03:18,131] {spark_submit_hook.py:479} INFO - 21/12/29 23:03:18 INFO BlockManagerInfo: Added broadcast_4_piece0 in memory on 192.168.15.10:44285 (size: 32.8 KiB, free: 434.3 MiB)
[2021-12-29 23:03:18,132] {spark_submit_hook.py:479} INFO - 21/12/29 23:03:18 INFO SparkContext: Created broadcast 4 from json at NativeMethodAccessorImpl.java:0
[2021-12-29 23:03:18,133] {spark_submit_hook.py:479} INFO - 21/12/29 23:03:18 INFO FileSourceScanExec: Planning scan with bin packing, max size: 4197833 bytes, open cost is considered as scanning 4194304 bytes.
[2021-12-29 23:03:18,164] {spark_submit_hook.py:479} INFO - 21/12/29 23:03:18 INFO SparkContext: Starting job: json at NativeMethodAccessorImpl.java:0
[2021-12-29 23:03:18,165] {spark_submit_hook.py:479} INFO - 21/12/29 23:03:18 INFO DAGScheduler: Got job 2 (json at NativeMethodAccessorImpl.java:0) with 1 output partitions
[2021-12-29 23:03:18,165] {spark_submit_hook.py:479} INFO - 21/12/29 23:03:18 INFO DAGScheduler: Final stage: ResultStage 2 (json at NativeMethodAccessorImpl.java:0)
[2021-12-29 23:03:18,165] {spark_submit_hook.py:479} INFO - 21/12/29 23:03:18 INFO DAGScheduler: Parents of final stage: List()
[2021-12-29 23:03:18,165] {spark_submit_hook.py:479} INFO - 21/12/29 23:03:18 INFO DAGScheduler: Missing parents: List()
[2021-12-29 23:03:18,166] {spark_submit_hook.py:479} INFO - 21/12/29 23:03:18 INFO DAGScheduler: Submitting ResultStage 2 (CoalescedRDD[11] at json at NativeMethodAccessorImpl.java:0), which has no missing parents
[2021-12-29 23:03:18,182] {spark_submit_hook.py:479} INFO - 21/12/29 23:03:18 INFO MemoryStore: Block broadcast_5 stored as values in memory (estimated size 211.2 KiB, free 433.8 MiB)
[2021-12-29 23:03:18,188] {spark_submit_hook.py:479} INFO - 21/12/29 23:03:18 INFO MemoryStore: Block broadcast_5_piece0 stored as bytes in memory (estimated size 75.5 KiB, free 433.7 MiB)
[2021-12-29 23:03:18,188] {spark_submit_hook.py:479} INFO - 21/12/29 23:03:18 INFO BlockManagerInfo: Added broadcast_5_piece0 in memory on 192.168.15.10:44285 (size: 75.5 KiB, free: 434.3 MiB)
[2021-12-29 23:03:18,189] {spark_submit_hook.py:479} INFO - 21/12/29 23:03:18 INFO SparkContext: Created broadcast 5 from broadcast at DAGScheduler.scala:1427
[2021-12-29 23:03:18,190] {spark_submit_hook.py:479} INFO - 21/12/29 23:03:18 INFO DAGScheduler: Submitting 1 missing tasks from ResultStage 2 (CoalescedRDD[11] at json at NativeMethodAccessorImpl.java:0) (first 15 tasks are for partitions Vector(0))
[2021-12-29 23:03:18,190] {spark_submit_hook.py:479} INFO - 21/12/29 23:03:18 INFO TaskSchedulerImpl: Adding task set 2.0 with 1 tasks resource profile 0
[2021-12-29 23:03:18,191] {spark_submit_hook.py:479} INFO - 21/12/29 23:03:18 INFO TaskSetManager: Starting task 0.0 in stage 2.0 (TID 2) (192.168.15.10, executor driver, partition 0, PROCESS_LOCAL, 5186 bytes) taskResourceAssignments Map()
[2021-12-29 23:03:18,191] {spark_submit_hook.py:479} INFO - 21/12/29 23:03:18 INFO Executor: Running task 0.0 in stage 2.0 (TID 2)
[2021-12-29 23:03:18,220] {spark_submit_hook.py:479} INFO - 21/12/29 23:03:18 INFO FileOutputCommitter: File Output Committer Algorithm version is 1
[2021-12-29 23:03:18,220] {spark_submit_hook.py:479} INFO - 21/12/29 23:03:18 INFO FileOutputCommitter: FileOutputCommitter skip cleanup _temporary folders under output directory:false, ignore cleanup failures: false
[2021-12-29 23:03:18,221] {spark_submit_hook.py:479} INFO - 21/12/29 23:03:18 INFO SQLHadoopMapReduceCommitProtocol: Using output committer class org.apache.hadoop.mapreduce.lib.output.FileOutputCommitter
[2021-12-29 23:03:18,241] {spark_submit_hook.py:479} INFO - 21/12/29 23:03:18 INFO FileScanRDD: Reading File path: file:///home/mvrm/home/mvrm/alura/datapipeline/datalake/bronze/twitter_aluraonline/extract_date=2021-12-24/AluraOnline_20211224.json, range: 0-3529, partition values: [empty row]
[2021-12-29 23:03:18,259] {spark_submit_hook.py:479} INFO - 21/12/29 23:03:18 INFO CodeGenerator: Code generated in 14.283391 ms
[2021-12-29 23:03:18,266] {spark_submit_hook.py:479} INFO - 21/12/29 23:03:18 INFO CodeGenerator: Code generated in 4.672956 ms
[2021-12-29 23:03:18,274] {spark_submit_hook.py:479} INFO - 21/12/29 23:03:18 INFO FileOutputCommitter: Saved output of task 'attempt_202112292303188584609013083359756_0002_m_000000_2' to file:/home/mvrm/home/mvrm/alura/datapipeline/datalake/silver/twitter_aluraonline/users/process_date=2021-12-24/_temporary/0/task_202112292303188584609013083359756_0002_m_000000
[2021-12-29 23:03:18,274] {spark_submit_hook.py:479} INFO - 21/12/29 23:03:18 INFO SparkHadoopMapRedUtil: attempt_202112292303188584609013083359756_0002_m_000000_2: Committed
[2021-12-29 23:03:18,276] {spark_submit_hook.py:479} INFO - 21/12/29 23:03:18 INFO Executor: Finished task 0.0 in stage 2.0 (TID 2). 2627 bytes result sent to driver
[2021-12-29 23:03:18,278] {spark_submit_hook.py:479} INFO - 21/12/29 23:03:18 INFO TaskSetManager: Finished task 0.0 in stage 2.0 (TID 2) in 87 ms on 192.168.15.10 (executor driver) (1/1)
[2021-12-29 23:03:18,278] {spark_submit_hook.py:479} INFO - 21/12/29 23:03:18 INFO TaskSchedulerImpl: Removed TaskSet 2.0, whose tasks have all completed, from pool
[2021-12-29 23:03:18,280] {spark_submit_hook.py:479} INFO - 21/12/29 23:03:18 INFO DAGScheduler: ResultStage 2 (json at NativeMethodAccessorImpl.java:0) finished in 0,112 s
[2021-12-29 23:03:18,280] {spark_submit_hook.py:479} INFO - 21/12/29 23:03:18 INFO DAGScheduler: Job 2 is finished. Cancelling potential speculative or zombie tasks for this job
[2021-12-29 23:03:18,280] {spark_submit_hook.py:479} INFO - 21/12/29 23:03:18 INFO TaskSchedulerImpl: Killing all running tasks in stage 2: Stage finished
[2021-12-29 23:03:18,280] {spark_submit_hook.py:479} INFO - 21/12/29 23:03:18 INFO DAGScheduler: Job 2 finished: json at NativeMethodAccessorImpl.java:0, took 0,116558 s
[2021-12-29 23:03:18,281] {spark_submit_hook.py:479} INFO - 21/12/29 23:03:18 INFO FileFormatWriter: Start to commit write Job 6af0368f-9c94-411f-b404-24b609227d0a.
[2021-12-29 23:03:18,291] {spark_submit_hook.py:479} INFO - 21/12/29 23:03:18 INFO FileFormatWriter: Write Job 6af0368f-9c94-411f-b404-24b609227d0a committed. Elapsed time: 9 ms.
[2021-12-29 23:03:18,291] {spark_submit_hook.py:479} INFO - 21/12/29 23:03:18 INFO FileFormatWriter: Finished processing stats for write job 6af0368f-9c94-411f-b404-24b609227d0a.
[2021-12-29 23:03:18,324] {spark_submit_hook.py:479} INFO - 21/12/29 23:03:18 INFO SparkContext: Invoking stop() from shutdown hook
[2021-12-29 23:03:18,329] {spark_submit_hook.py:479} INFO - 21/12/29 23:03:18 INFO SparkUI: Stopped Spark web UI at http://192.168.15.10:4041
[2021-12-29 23:03:18,336] {spark_submit_hook.py:479} INFO - 21/12/29 23:03:18 INFO MapOutputTrackerMasterEndpoint: MapOutputTrackerMasterEndpoint stopped!
[2021-12-29 23:03:18,343] {spark_submit_hook.py:479} INFO - 21/12/29 23:03:18 INFO MemoryStore: MemoryStore cleared
[2021-12-29 23:03:18,343] {spark_submit_hook.py:479} INFO - 21/12/29 23:03:18 INFO BlockManager: BlockManager stopped
[2021-12-29 23:03:18,345] {spark_submit_hook.py:479} INFO - 21/12/29 23:03:18 INFO BlockManagerMaster: BlockManagerMaster stopped
[2021-12-29 23:03:18,347] {spark_submit_hook.py:479} INFO - 21/12/29 23:03:18 INFO OutputCommitCoordinator$OutputCommitCoordinatorEndpoint: OutputCommitCoordinator stopped!
[2021-12-29 23:03:18,350] {spark_submit_hook.py:479} INFO - 21/12/29 23:03:18 INFO SparkContext: Successfully stopped SparkContext
[2021-12-29 23:03:18,350] {spark_submit_hook.py:479} INFO - 21/12/29 23:03:18 INFO ShutdownHookManager: Shutdown hook called
[2021-12-29 23:03:18,351] {spark_submit_hook.py:479} INFO - 21/12/29 23:03:18 INFO ShutdownHookManager: Deleting directory /tmp/spark-f7d86206-91c5-4eb9-9865-5f55b707dca8/pyspark-923a032c-95cc-4c8d-9f99-bc8b04a19861
[2021-12-29 23:03:18,353] {spark_submit_hook.py:479} INFO - 21/12/29 23:03:18 INFO ShutdownHookManager: Deleting directory /tmp/spark-845dabac-a999-4322-ae38-470e6a998f93
[2021-12-29 23:03:18,354] {spark_submit_hook.py:479} INFO - 21/12/29 23:03:18 INFO ShutdownHookManager: Deleting directory /tmp/spark-f7d86206-91c5-4eb9-9865-5f55b707dca8
[2021-12-29 23:03:18,392] {taskinstance.py:1057} INFO - Marking task as SUCCESS.dag_id=twitter_dag, task_id=transform_twitter_aluraonline, execution_date=20211224T090000, start_date=20211230T020310, end_date=20211230T020318
[2021-12-29 23:03:19,993] {local_task_job.py:102} INFO - Task exited with return code 0
