[2021-12-29 23:09:01,677] {taskinstance.py:670} INFO - Dependencies all met for <TaskInstance: twitter_dag.transform_twitter_aluraonline 2021-12-26T09:00:00+00:00 [queued]>
[2021-12-29 23:09:01,686] {taskinstance.py:670} INFO - Dependencies all met for <TaskInstance: twitter_dag.transform_twitter_aluraonline 2021-12-26T09:00:00+00:00 [queued]>
[2021-12-29 23:09:01,687] {taskinstance.py:880} INFO - 
--------------------------------------------------------------------------------
[2021-12-29 23:09:01,687] {taskinstance.py:881} INFO - Starting attempt 1 of 1
[2021-12-29 23:09:01,687] {taskinstance.py:882} INFO - 
--------------------------------------------------------------------------------
[2021-12-29 23:09:01,789] {taskinstance.py:901} INFO - Executing <Task(SparkSubmitOperator): transform_twitter_aluraonline> on 2021-12-26T09:00:00+00:00
[2021-12-29 23:09:01,793] {standard_task_runner.py:54} INFO - Started process 36286 to run task
[2021-12-29 23:09:01,851] {standard_task_runner.py:77} INFO - Running: ['airflow', 'run', 'twitter_dag', 'transform_twitter_aluraonline', '2021-12-26T09:00:00+00:00', '--job_id', '13', '--pool', 'default_pool', '--raw', '-sd', 'DAGS_FOLDER/twitter_dag.py', '--cfg_path', '/tmp/tmpv7x75dfa']
[2021-12-29 23:09:01,851] {standard_task_runner.py:78} INFO - Job 13: Subtask transform_twitter_aluraonline
[2021-12-29 23:09:01,972] {logging_mixin.py:112} INFO - Running <TaskInstance: twitter_dag.transform_twitter_aluraonline 2021-12-26T09:00:00+00:00 [running]> on host mavipc
[2021-12-29 23:09:02,019] {base_hook.py:89} INFO - Using connection to: id: spark_default. Host: local, Port: None, Schema: None, Login: None, Password: None, extra: XXXXXXXX
[2021-12-29 23:09:02,021] {spark_submit_hook.py:325} INFO - Spark-Submit cmd: /home/mvrm/spark-3.2.0-bin-hadoop3.2/bin/spark-submit --master local --name twitter_transformation /home/mvrm/alura-projetos/datapipeline/spark/transformation.py --src /home/mvrm/home/mvrm/alura/datapipeline/datalake/bronze/twitter_aluraonline/extract_date=2021-12-26 --dest /home/mvrm/home/mvrm/alura/datapipeline/datalake/silver/twitter_aluraonline/ --process-date 2021-12-26
[2021-12-29 23:09:03,223] {spark_submit_hook.py:479} INFO - 21/12/29 23:09:03 WARN Utils: Your hostname, mavipc resolves to a loopback address: 127.0.1.1; using 192.168.15.10 instead (on interface wlo1)
[2021-12-29 23:09:03,224] {spark_submit_hook.py:479} INFO - 21/12/29 23:09:03 WARN Utils: Set SPARK_LOCAL_IP if you need to bind to another address
[2021-12-29 23:09:03,255] {spark_submit_hook.py:479} INFO - WARNING: An illegal reflective access operation has occurred
[2021-12-29 23:09:03,256] {spark_submit_hook.py:479} INFO - WARNING: Illegal reflective access by org.apache.spark.unsafe.Platform (file:/home/mvrm/spark-3.2.0-bin-hadoop3.2/jars/spark-unsafe_2.12-3.2.0.jar) to constructor java.nio.DirectByteBuffer(long,int)
[2021-12-29 23:09:03,256] {spark_submit_hook.py:479} INFO - WARNING: Please consider reporting this to the maintainers of org.apache.spark.unsafe.Platform
[2021-12-29 23:09:03,256] {spark_submit_hook.py:479} INFO - WARNING: Use --illegal-access=warn to enable warnings of further illegal reflective access operations
[2021-12-29 23:09:03,256] {spark_submit_hook.py:479} INFO - WARNING: All illegal access operations will be denied in a future release
[2021-12-29 23:09:04,074] {spark_submit_hook.py:479} INFO - Using Spark's default log4j profile: org/apache/spark/log4j-defaults.properties
[2021-12-29 23:09:04,083] {spark_submit_hook.py:479} INFO - 21/12/29 23:09:04 INFO SparkContext: Running Spark version 3.2.0
[2021-12-29 23:09:04,154] {spark_submit_hook.py:479} INFO - 21/12/29 23:09:04 WARN NativeCodeLoader: Unable to load native-hadoop library for your platform... using builtin-java classes where applicable
[2021-12-29 23:09:04,285] {spark_submit_hook.py:479} INFO - 21/12/29 23:09:04 INFO ResourceUtils: ==============================================================
[2021-12-29 23:09:04,285] {spark_submit_hook.py:479} INFO - 21/12/29 23:09:04 INFO ResourceUtils: No custom resources configured for spark.driver.
[2021-12-29 23:09:04,286] {spark_submit_hook.py:479} INFO - 21/12/29 23:09:04 INFO ResourceUtils: ==============================================================
[2021-12-29 23:09:04,286] {spark_submit_hook.py:479} INFO - 21/12/29 23:09:04 INFO SparkContext: Submitted application: twitter_transformation
[2021-12-29 23:09:04,305] {spark_submit_hook.py:479} INFO - 21/12/29 23:09:04 INFO ResourceProfile: Default ResourceProfile created, executor resources: Map(cores -> name: cores, amount: 1, script: , vendor: , memory -> name: memory, amount: 1024, script: , vendor: , offHeap -> name: offHeap, amount: 0, script: , vendor: ), task resources: Map(cpus -> name: cpus, amount: 1.0)
[2021-12-29 23:09:04,316] {spark_submit_hook.py:479} INFO - 21/12/29 23:09:04 INFO ResourceProfile: Limiting resource is cpu
[2021-12-29 23:09:04,317] {spark_submit_hook.py:479} INFO - 21/12/29 23:09:04 INFO ResourceProfileManager: Added ResourceProfile id: 0
[2021-12-29 23:09:04,381] {spark_submit_hook.py:479} INFO - 21/12/29 23:09:04 INFO SecurityManager: Changing view acls to: mvrm
[2021-12-29 23:09:04,382] {spark_submit_hook.py:479} INFO - 21/12/29 23:09:04 INFO SecurityManager: Changing modify acls to: mvrm
[2021-12-29 23:09:04,382] {spark_submit_hook.py:479} INFO - 21/12/29 23:09:04 INFO SecurityManager: Changing view acls groups to:
[2021-12-29 23:09:04,382] {spark_submit_hook.py:479} INFO - 21/12/29 23:09:04 INFO SecurityManager: Changing modify acls groups to:
[2021-12-29 23:09:04,383] {spark_submit_hook.py:479} INFO - 21/12/29 23:09:04 INFO SecurityManager: SecurityManager: authentication disabled; ui acls disabled; users  with view permissions: Set(mvrm); groups with view permissions: Set(); users  with modify permissions: Set(mvrm); groups with modify permissions: Set()
[2021-12-29 23:09:04,668] {spark_submit_hook.py:479} INFO - 21/12/29 23:09:04 INFO Utils: Successfully started service 'sparkDriver' on port 42691.
[2021-12-29 23:09:04,692] {spark_submit_hook.py:479} INFO - 21/12/29 23:09:04 INFO SparkEnv: Registering MapOutputTracker
[2021-12-29 23:09:04,727] {spark_submit_hook.py:479} INFO - 21/12/29 23:09:04 INFO SparkEnv: Registering BlockManagerMaster
[2021-12-29 23:09:04,750] {spark_submit_hook.py:479} INFO - 21/12/29 23:09:04 INFO BlockManagerMasterEndpoint: Using org.apache.spark.storage.DefaultTopologyMapper for getting topology information
[2021-12-29 23:09:04,751] {spark_submit_hook.py:479} INFO - 21/12/29 23:09:04 INFO BlockManagerMasterEndpoint: BlockManagerMasterEndpoint up
[2021-12-29 23:09:04,755] {spark_submit_hook.py:479} INFO - 21/12/29 23:09:04 INFO SparkEnv: Registering BlockManagerMasterHeartbeat
[2021-12-29 23:09:04,777] {spark_submit_hook.py:479} INFO - 21/12/29 23:09:04 INFO DiskBlockManager: Created local directory at /tmp/blockmgr-36b38153-0e01-4623-a7f7-a96e4bb5762b
[2021-12-29 23:09:04,795] {spark_submit_hook.py:479} INFO - 21/12/29 23:09:04 INFO MemoryStore: MemoryStore started with capacity 434.4 MiB
[2021-12-29 23:09:04,812] {spark_submit_hook.py:479} INFO - 21/12/29 23:09:04 INFO SparkEnv: Registering OutputCommitCoordinator
[2021-12-29 23:09:04,976] {spark_submit_hook.py:479} INFO - 21/12/29 23:09:04 WARN Utils: Service 'SparkUI' could not bind on port 4040. Attempting port 4041.
[2021-12-29 23:09:04,988] {spark_submit_hook.py:479} INFO - 21/12/29 23:09:04 INFO Utils: Successfully started service 'SparkUI' on port 4041.
[2021-12-29 23:09:05,067] {spark_submit_hook.py:479} INFO - 21/12/29 23:09:05 INFO SparkUI: Bound SparkUI to 0.0.0.0, and started at http://192.168.15.10:4041
[2021-12-29 23:09:05,254] {spark_submit_hook.py:479} INFO - 21/12/29 23:09:05 INFO Executor: Starting executor ID driver on host 192.168.15.10
[2021-12-29 23:09:05,282] {spark_submit_hook.py:479} INFO - 21/12/29 23:09:05 INFO Utils: Successfully started service 'org.apache.spark.network.netty.NettyBlockTransferService' on port 37165.
[2021-12-29 23:09:05,283] {spark_submit_hook.py:479} INFO - 21/12/29 23:09:05 INFO NettyBlockTransferService: Server created on 192.168.15.10:37165
[2021-12-29 23:09:05,285] {spark_submit_hook.py:479} INFO - 21/12/29 23:09:05 INFO BlockManager: Using org.apache.spark.storage.RandomBlockReplicationPolicy for block replication policy
[2021-12-29 23:09:05,291] {spark_submit_hook.py:479} INFO - 21/12/29 23:09:05 INFO BlockManagerMaster: Registering BlockManager BlockManagerId(driver, 192.168.15.10, 37165, None)
[2021-12-29 23:09:05,295] {spark_submit_hook.py:479} INFO - 21/12/29 23:09:05 INFO BlockManagerMasterEndpoint: Registering block manager 192.168.15.10:37165 with 434.4 MiB RAM, BlockManagerId(driver, 192.168.15.10, 37165, None)
[2021-12-29 23:09:05,298] {spark_submit_hook.py:479} INFO - 21/12/29 23:09:05 INFO BlockManagerMaster: Registered BlockManager BlockManagerId(driver, 192.168.15.10, 37165, None)
[2021-12-29 23:09:05,300] {spark_submit_hook.py:479} INFO - 21/12/29 23:09:05 INFO BlockManager: Initialized BlockManager: BlockManagerId(driver, 192.168.15.10, 37165, None)
[2021-12-29 23:09:05,782] {spark_submit_hook.py:479} INFO - 21/12/29 23:09:05 INFO SharedState: Setting hive.metastore.warehouse.dir ('null') to the value of spark.sql.warehouse.dir.
[2021-12-29 23:09:05,809] {spark_submit_hook.py:479} INFO - 21/12/29 23:09:05 INFO SharedState: Warehouse path is 'file:/home/mvrm/alura-projetos/datapipeline/spark-warehouse'.
[2021-12-29 23:09:06,456] {spark_submit_hook.py:479} INFO - 21/12/29 23:09:06 INFO InMemoryFileIndex: It took 41 ms to list leaf files for 1 paths.
[2021-12-29 23:09:06,540] {spark_submit_hook.py:479} INFO - 21/12/29 23:09:06 INFO InMemoryFileIndex: It took 3 ms to list leaf files for 1 paths.
[2021-12-29 23:09:08,822] {spark_submit_hook.py:479} INFO - 21/12/29 23:09:08 INFO FileSourceStrategy: Pushed Filters:
[2021-12-29 23:09:08,823] {spark_submit_hook.py:479} INFO - 21/12/29 23:09:08 INFO FileSourceStrategy: Post-Scan Filters:
[2021-12-29 23:09:08,825] {spark_submit_hook.py:479} INFO - 21/12/29 23:09:08 INFO FileSourceStrategy: Output Data Schema: struct<value: string>
[2021-12-29 23:09:09,051] {spark_submit_hook.py:479} INFO - 21/12/29 23:09:09 INFO MemoryStore: Block broadcast_0 stored as values in memory (estimated size 189.9 KiB, free 434.2 MiB)
[2021-12-29 23:09:09,118] {spark_submit_hook.py:479} INFO - 21/12/29 23:09:09 INFO MemoryStore: Block broadcast_0_piece0 stored as bytes in memory (estimated size 32.8 KiB, free 434.2 MiB)
[2021-12-29 23:09:09,120] {spark_submit_hook.py:479} INFO - 21/12/29 23:09:09 INFO BlockManagerInfo: Added broadcast_0_piece0 in memory on 192.168.15.10:37165 (size: 32.8 KiB, free: 434.4 MiB)
[2021-12-29 23:09:09,125] {spark_submit_hook.py:479} INFO - 21/12/29 23:09:09 INFO SparkContext: Created broadcast 0 from json at NativeMethodAccessorImpl.java:0
[2021-12-29 23:09:09,135] {spark_submit_hook.py:479} INFO - 21/12/29 23:09:09 INFO FileSourceScanExec: Planning scan with bin packing, max size: 4199233 bytes, open cost is considered as scanning 4194304 bytes.
[2021-12-29 23:09:09,302] {spark_submit_hook.py:479} INFO - 21/12/29 23:09:09 INFO SparkContext: Starting job: json at NativeMethodAccessorImpl.java:0
[2021-12-29 23:09:09,312] {spark_submit_hook.py:479} INFO - 21/12/29 23:09:09 INFO DAGScheduler: Got job 0 (json at NativeMethodAccessorImpl.java:0) with 1 output partitions
[2021-12-29 23:09:09,313] {spark_submit_hook.py:479} INFO - 21/12/29 23:09:09 INFO DAGScheduler: Final stage: ResultStage 0 (json at NativeMethodAccessorImpl.java:0)
[2021-12-29 23:09:09,313] {spark_submit_hook.py:479} INFO - 21/12/29 23:09:09 INFO DAGScheduler: Parents of final stage: List()
[2021-12-29 23:09:09,314] {spark_submit_hook.py:479} INFO - 21/12/29 23:09:09 INFO DAGScheduler: Missing parents: List()
[2021-12-29 23:09:09,318] {spark_submit_hook.py:479} INFO - 21/12/29 23:09:09 INFO DAGScheduler: Submitting ResultStage 0 (MapPartitionsRDD[3] at json at NativeMethodAccessorImpl.java:0), which has no missing parents
[2021-12-29 23:09:09,403] {spark_submit_hook.py:479} INFO - 21/12/29 23:09:09 INFO MemoryStore: Block broadcast_1 stored as values in memory (estimated size 12.4 KiB, free 434.2 MiB)
[2021-12-29 23:09:09,405] {spark_submit_hook.py:479} INFO - 21/12/29 23:09:09 INFO MemoryStore: Block broadcast_1_piece0 stored as bytes in memory (estimated size 6.5 KiB, free 434.2 MiB)
[2021-12-29 23:09:09,406] {spark_submit_hook.py:479} INFO - 21/12/29 23:09:09 INFO BlockManagerInfo: Added broadcast_1_piece0 in memory on 192.168.15.10:37165 (size: 6.5 KiB, free: 434.4 MiB)
[2021-12-29 23:09:09,407] {spark_submit_hook.py:479} INFO - 21/12/29 23:09:09 INFO SparkContext: Created broadcast 1 from broadcast at DAGScheduler.scala:1427
[2021-12-29 23:09:09,418] {spark_submit_hook.py:479} INFO - 21/12/29 23:09:09 INFO DAGScheduler: Submitting 1 missing tasks from ResultStage 0 (MapPartitionsRDD[3] at json at NativeMethodAccessorImpl.java:0) (first 15 tasks are for partitions Vector(0))
[2021-12-29 23:09:09,418] {spark_submit_hook.py:479} INFO - 21/12/29 23:09:09 INFO TaskSchedulerImpl: Adding task set 0.0 with 1 tasks resource profile 0
[2021-12-29 23:09:09,466] {spark_submit_hook.py:479} INFO - 21/12/29 23:09:09 INFO TaskSetManager: Starting task 0.0 in stage 0.0 (TID 0) (192.168.15.10, executor driver, partition 0, PROCESS_LOCAL, 4957 bytes) taskResourceAssignments Map()
[2021-12-29 23:09:09,480] {spark_submit_hook.py:479} INFO - 21/12/29 23:09:09 INFO Executor: Running task 0.0 in stage 0.0 (TID 0)
[2021-12-29 23:09:09,585] {spark_submit_hook.py:479} INFO - 21/12/29 23:09:09 INFO FileScanRDD: Reading File path: file:///home/mvrm/home/mvrm/alura/datapipeline/datalake/bronze/twitter_aluraonline/extract_date=2021-12-26/AluraOnline_20211226.json, range: 0-4929, partition values: [empty row]
[2021-12-29 23:09:09,878] {spark_submit_hook.py:479} INFO - 21/12/29 23:09:09 INFO CodeGenerator: Code generated in 259.028634 ms
[2021-12-29 23:09:09,949] {spark_submit_hook.py:479} INFO - 21/12/29 23:09:09 INFO Executor: Finished task 0.0 in stage 0.0 (TID 0). 2785 bytes result sent to driver
[2021-12-29 23:09:09,958] {spark_submit_hook.py:479} INFO - 21/12/29 23:09:09 INFO TaskSetManager: Finished task 0.0 in stage 0.0 (TID 0) in 504 ms on 192.168.15.10 (executor driver) (1/1)
[2021-12-29 23:09:09,960] {spark_submit_hook.py:479} INFO - 21/12/29 23:09:09 INFO TaskSchedulerImpl: Removed TaskSet 0.0, whose tasks have all completed, from pool
[2021-12-29 23:09:09,966] {spark_submit_hook.py:479} INFO - 21/12/29 23:09:09 INFO DAGScheduler: ResultStage 0 (json at NativeMethodAccessorImpl.java:0) finished in 0,631 s
[2021-12-29 23:09:09,969] {spark_submit_hook.py:479} INFO - 21/12/29 23:09:09 INFO DAGScheduler: Job 0 is finished. Cancelling potential speculative or zombie tasks for this job
[2021-12-29 23:09:09,969] {spark_submit_hook.py:479} INFO - 21/12/29 23:09:09 INFO TaskSchedulerImpl: Killing all running tasks in stage 0: Stage finished
[2021-12-29 23:09:09,972] {spark_submit_hook.py:479} INFO - 21/12/29 23:09:09 INFO DAGScheduler: Job 0 finished: json at NativeMethodAccessorImpl.java:0, took 0,669424 s
[2021-12-29 23:09:10,335] {spark_submit_hook.py:479} INFO - 21/12/29 23:09:10 INFO FileSourceStrategy: Pushed Filters: IsNotNull(data)
[2021-12-29 23:09:10,336] {spark_submit_hook.py:479} INFO - 21/12/29 23:09:10 INFO FileSourceStrategy: Post-Scan Filters: (size(data#7, true) > 0),isnotnull(data#7)
[2021-12-29 23:09:10,336] {spark_submit_hook.py:479} INFO - 21/12/29 23:09:10 INFO FileSourceStrategy: Output Data Schema: struct<data: array<struct<author_id:string,conversation_id:string,created_at:string,id:string,in_reply_to_user_id:string,public_metrics:struct<like_count:bigint,quote_count:bigint,reply_count:bigint,retweet_count:bigint>,text:string>>>
[2021-12-29 23:09:10,407] {spark_submit_hook.py:479} INFO - 21/12/29 23:09:10 INFO FileOutputCommitter: File Output Committer Algorithm version is 1
[2021-12-29 23:09:10,407] {spark_submit_hook.py:479} INFO - 21/12/29 23:09:10 INFO FileOutputCommitter: FileOutputCommitter skip cleanup _temporary folders under output directory:false, ignore cleanup failures: false
[2021-12-29 23:09:10,408] {spark_submit_hook.py:479} INFO - 21/12/29 23:09:10 INFO SQLHadoopMapReduceCommitProtocol: Using output committer class org.apache.hadoop.mapreduce.lib.output.FileOutputCommitter
[2021-12-29 23:09:10,595] {spark_submit_hook.py:479} INFO - 21/12/29 23:09:10 INFO CodeGenerator: Code generated in 106.772343 ms
[2021-12-29 23:09:10,602] {spark_submit_hook.py:479} INFO - 21/12/29 23:09:10 INFO MemoryStore: Block broadcast_2 stored as values in memory (estimated size 189.8 KiB, free 434.0 MiB)
[2021-12-29 23:09:10,614] {spark_submit_hook.py:479} INFO - 21/12/29 23:09:10 INFO MemoryStore: Block broadcast_2_piece0 stored as bytes in memory (estimated size 32.8 KiB, free 433.9 MiB)
[2021-12-29 23:09:10,615] {spark_submit_hook.py:479} INFO - 21/12/29 23:09:10 INFO BlockManagerInfo: Added broadcast_2_piece0 in memory on 192.168.15.10:37165 (size: 32.8 KiB, free: 434.3 MiB)
[2021-12-29 23:09:10,616] {spark_submit_hook.py:479} INFO - 21/12/29 23:09:10 INFO SparkContext: Created broadcast 2 from json at NativeMethodAccessorImpl.java:0
[2021-12-29 23:09:10,619] {spark_submit_hook.py:479} INFO - 21/12/29 23:09:10 INFO FileSourceScanExec: Planning scan with bin packing, max size: 4199233 bytes, open cost is considered as scanning 4194304 bytes.
[2021-12-29 23:09:10,697] {spark_submit_hook.py:479} INFO - 21/12/29 23:09:10 INFO SparkContext: Starting job: json at NativeMethodAccessorImpl.java:0
[2021-12-29 23:09:10,699] {spark_submit_hook.py:479} INFO - 21/12/29 23:09:10 INFO DAGScheduler: Got job 1 (json at NativeMethodAccessorImpl.java:0) with 1 output partitions
[2021-12-29 23:09:10,699] {spark_submit_hook.py:479} INFO - 21/12/29 23:09:10 INFO DAGScheduler: Final stage: ResultStage 1 (json at NativeMethodAccessorImpl.java:0)
[2021-12-29 23:09:10,699] {spark_submit_hook.py:479} INFO - 21/12/29 23:09:10 INFO DAGScheduler: Parents of final stage: List()
[2021-12-29 23:09:10,699] {spark_submit_hook.py:479} INFO - 21/12/29 23:09:10 INFO DAGScheduler: Missing parents: List()
[2021-12-29 23:09:10,700] {spark_submit_hook.py:479} INFO - 21/12/29 23:09:10 INFO DAGScheduler: Submitting ResultStage 1 (CoalescedRDD[7] at json at NativeMethodAccessorImpl.java:0), which has no missing parents
[2021-12-29 23:09:10,739] {spark_submit_hook.py:479} INFO - 21/12/29 23:09:10 INFO BlockManagerInfo: Removed broadcast_1_piece0 on 192.168.15.10:37165 in memory (size: 6.5 KiB, free: 434.3 MiB)
[2021-12-29 23:09:10,746] {spark_submit_hook.py:479} INFO - 21/12/29 23:09:10 INFO MemoryStore: Block broadcast_3 stored as values in memory (estimated size 223.5 KiB, free 433.7 MiB)
[2021-12-29 23:09:10,750] {spark_submit_hook.py:479} INFO - 21/12/29 23:09:10 INFO MemoryStore: Block broadcast_3_piece0 stored as bytes in memory (estimated size 77.5 KiB, free 433.7 MiB)
[2021-12-29 23:09:10,751] {spark_submit_hook.py:479} INFO - 21/12/29 23:09:10 INFO BlockManagerInfo: Added broadcast_3_piece0 in memory on 192.168.15.10:37165 (size: 77.5 KiB, free: 434.3 MiB)
[2021-12-29 23:09:10,752] {spark_submit_hook.py:479} INFO - 21/12/29 23:09:10 INFO SparkContext: Created broadcast 3 from broadcast at DAGScheduler.scala:1427
[2021-12-29 23:09:10,752] {spark_submit_hook.py:479} INFO - 21/12/29 23:09:10 INFO DAGScheduler: Submitting 1 missing tasks from ResultStage 1 (CoalescedRDD[7] at json at NativeMethodAccessorImpl.java:0) (first 15 tasks are for partitions Vector(0))
[2021-12-29 23:09:10,753] {spark_submit_hook.py:479} INFO - 21/12/29 23:09:10 INFO TaskSchedulerImpl: Adding task set 1.0 with 1 tasks resource profile 0
[2021-12-29 23:09:10,757] {spark_submit_hook.py:479} INFO - 21/12/29 23:09:10 INFO TaskSetManager: Starting task 0.0 in stage 1.0 (TID 1) (192.168.15.10, executor driver, partition 0, PROCESS_LOCAL, 5186 bytes) taskResourceAssignments Map()
[2021-12-29 23:09:10,758] {spark_submit_hook.py:479} INFO - 21/12/29 23:09:10 INFO Executor: Running task 0.0 in stage 1.0 (TID 1)
[2021-12-29 23:09:10,841] {spark_submit_hook.py:479} INFO - 21/12/29 23:09:10 INFO FileOutputCommitter: File Output Committer Algorithm version is 1
[2021-12-29 23:09:10,841] {spark_submit_hook.py:479} INFO - 21/12/29 23:09:10 INFO FileOutputCommitter: FileOutputCommitter skip cleanup _temporary folders under output directory:false, ignore cleanup failures: false
[2021-12-29 23:09:10,842] {spark_submit_hook.py:479} INFO - 21/12/29 23:09:10 INFO SQLHadoopMapReduceCommitProtocol: Using output committer class org.apache.hadoop.mapreduce.lib.output.FileOutputCommitter
[2021-12-29 23:09:10,876] {spark_submit_hook.py:479} INFO - 21/12/29 23:09:10 INFO FileScanRDD: Reading File path: file:///home/mvrm/home/mvrm/alura/datapipeline/datalake/bronze/twitter_aluraonline/extract_date=2021-12-26/AluraOnline_20211226.json, range: 0-4929, partition values: [empty row]
[2021-12-29 23:09:10,913] {spark_submit_hook.py:479} INFO - 21/12/29 23:09:10 INFO CodeGenerator: Code generated in 31.255553 ms
[2021-12-29 23:09:10,937] {spark_submit_hook.py:479} INFO - 21/12/29 23:09:10 INFO CodeGenerator: Code generated in 7.661429 ms
[2021-12-29 23:09:10,972] {spark_submit_hook.py:479} INFO - 21/12/29 23:09:10 INFO FileOutputCommitter: Saved output of task 'attempt_202112292309101283037232890442666_0001_m_000000_1' to file:/home/mvrm/home/mvrm/alura/datapipeline/datalake/silver/twitter_aluraonline/tweet/process_date=2021-12-26/_temporary/0/task_202112292309101283037232890442666_0001_m_000000
[2021-12-29 23:09:10,973] {spark_submit_hook.py:479} INFO - 21/12/29 23:09:10 INFO SparkHadoopMapRedUtil: attempt_202112292309101283037232890442666_0001_m_000000_1: Committed
[2021-12-29 23:09:10,983] {spark_submit_hook.py:479} INFO - 21/12/29 23:09:10 INFO Executor: Finished task 0.0 in stage 1.0 (TID 1). 2670 bytes result sent to driver
[2021-12-29 23:09:10,985] {spark_submit_hook.py:479} INFO - 21/12/29 23:09:10 INFO TaskSetManager: Finished task 0.0 in stage 1.0 (TID 1) in 231 ms on 192.168.15.10 (executor driver) (1/1)
[2021-12-29 23:09:10,985] {spark_submit_hook.py:479} INFO - 21/12/29 23:09:10 INFO TaskSchedulerImpl: Removed TaskSet 1.0, whose tasks have all completed, from pool
[2021-12-29 23:09:10,987] {spark_submit_hook.py:479} INFO - 21/12/29 23:09:10 INFO DAGScheduler: ResultStage 1 (json at NativeMethodAccessorImpl.java:0) finished in 0,285 s
[2021-12-29 23:09:10,987] {spark_submit_hook.py:479} INFO - 21/12/29 23:09:10 INFO DAGScheduler: Job 1 is finished. Cancelling potential speculative or zombie tasks for this job
[2021-12-29 23:09:10,987] {spark_submit_hook.py:479} INFO - 21/12/29 23:09:10 INFO TaskSchedulerImpl: Killing all running tasks in stage 1: Stage finished
[2021-12-29 23:09:10,988] {spark_submit_hook.py:479} INFO - 21/12/29 23:09:10 INFO DAGScheduler: Job 1 finished: json at NativeMethodAccessorImpl.java:0, took 0,290922 s
[2021-12-29 23:09:10,990] {spark_submit_hook.py:479} INFO - 21/12/29 23:09:10 INFO FileFormatWriter: Start to commit write Job b5fd9035-11f7-4cdc-a380-a534c399aa9f.
[2021-12-29 23:09:11,005] {spark_submit_hook.py:479} INFO - 21/12/29 23:09:11 INFO FileFormatWriter: Write Job b5fd9035-11f7-4cdc-a380-a534c399aa9f committed. Elapsed time: 12 ms.
[2021-12-29 23:09:11,010] {spark_submit_hook.py:479} INFO - 21/12/29 23:09:11 INFO FileFormatWriter: Finished processing stats for write job b5fd9035-11f7-4cdc-a380-a534c399aa9f.
[2021-12-29 23:09:11,079] {spark_submit_hook.py:479} INFO - 21/12/29 23:09:11 INFO FileSourceStrategy: Pushed Filters: IsNotNull(includes)
[2021-12-29 23:09:11,079] {spark_submit_hook.py:479} INFO - 21/12/29 23:09:11 INFO FileSourceStrategy: Post-Scan Filters: isnotnull(includes#8),(size(includes#8.users, true) > 0),isnotnull(includes#8.users)
[2021-12-29 23:09:11,080] {spark_submit_hook.py:479} INFO - 21/12/29 23:09:11 INFO FileSourceStrategy: Output Data Schema: struct<includes: struct<users: array<struct<created_at:string,id:string,name:string,username:string>>>>
[2021-12-29 23:09:11,102] {spark_submit_hook.py:479} INFO - 21/12/29 23:09:11 INFO FileOutputCommitter: File Output Committer Algorithm version is 1
[2021-12-29 23:09:11,102] {spark_submit_hook.py:479} INFO - 21/12/29 23:09:11 INFO FileOutputCommitter: FileOutputCommitter skip cleanup _temporary folders under output directory:false, ignore cleanup failures: false
[2021-12-29 23:09:11,103] {spark_submit_hook.py:479} INFO - 21/12/29 23:09:11 INFO SQLHadoopMapReduceCommitProtocol: Using output committer class org.apache.hadoop.mapreduce.lib.output.FileOutputCommitter
[2021-12-29 23:09:11,166] {spark_submit_hook.py:479} INFO - 21/12/29 23:09:11 INFO CodeGenerator: Code generated in 29.12915 ms
[2021-12-29 23:09:11,173] {spark_submit_hook.py:479} INFO - 21/12/29 23:09:11 INFO MemoryStore: Block broadcast_4 stored as values in memory (estimated size 189.8 KiB, free 433.5 MiB)
[2021-12-29 23:09:11,206] {spark_submit_hook.py:479} INFO - 21/12/29 23:09:11 INFO BlockManagerInfo: Removed broadcast_2_piece0 on 192.168.15.10:37165 in memory (size: 32.8 KiB, free: 434.3 MiB)
[2021-12-29 23:09:11,217] {spark_submit_hook.py:479} INFO - 21/12/29 23:09:11 INFO MemoryStore: Block broadcast_4_piece0 stored as bytes in memory (estimated size 32.8 KiB, free 433.7 MiB)
[2021-12-29 23:09:11,219] {spark_submit_hook.py:479} INFO - 21/12/29 23:09:11 INFO BlockManagerInfo: Added broadcast_4_piece0 in memory on 192.168.15.10:37165 (size: 32.8 KiB, free: 434.3 MiB)
[2021-12-29 23:09:11,224] {spark_submit_hook.py:479} INFO - 21/12/29 23:09:11 INFO SparkContext: Created broadcast 4 from json at NativeMethodAccessorImpl.java:0
[2021-12-29 23:09:11,225] {spark_submit_hook.py:479} INFO - 21/12/29 23:09:11 INFO BlockManagerInfo: Removed broadcast_3_piece0 on 192.168.15.10:37165 in memory (size: 77.5 KiB, free: 434.3 MiB)
[2021-12-29 23:09:11,226] {spark_submit_hook.py:479} INFO - 21/12/29 23:09:11 INFO FileSourceScanExec: Planning scan with bin packing, max size: 4199233 bytes, open cost is considered as scanning 4194304 bytes.
[2021-12-29 23:09:11,253] {spark_submit_hook.py:479} INFO - 21/12/29 23:09:11 INFO BlockManagerInfo: Removed broadcast_0_piece0 on 192.168.15.10:37165 in memory (size: 32.8 KiB, free: 434.4 MiB)
[2021-12-29 23:09:11,284] {spark_submit_hook.py:479} INFO - 21/12/29 23:09:11 INFO SparkContext: Starting job: json at NativeMethodAccessorImpl.java:0
[2021-12-29 23:09:11,285] {spark_submit_hook.py:479} INFO - 21/12/29 23:09:11 INFO DAGScheduler: Got job 2 (json at NativeMethodAccessorImpl.java:0) with 1 output partitions
[2021-12-29 23:09:11,286] {spark_submit_hook.py:479} INFO - 21/12/29 23:09:11 INFO DAGScheduler: Final stage: ResultStage 2 (json at NativeMethodAccessorImpl.java:0)
[2021-12-29 23:09:11,286] {spark_submit_hook.py:479} INFO - 21/12/29 23:09:11 INFO DAGScheduler: Parents of final stage: List()
[2021-12-29 23:09:11,286] {spark_submit_hook.py:479} INFO - 21/12/29 23:09:11 INFO DAGScheduler: Missing parents: List()
[2021-12-29 23:09:11,287] {spark_submit_hook.py:479} INFO - 21/12/29 23:09:11 INFO DAGScheduler: Submitting ResultStage 2 (CoalescedRDD[11] at json at NativeMethodAccessorImpl.java:0), which has no missing parents
[2021-12-29 23:09:11,320] {spark_submit_hook.py:479} INFO - 21/12/29 23:09:11 INFO MemoryStore: Block broadcast_5 stored as values in memory (estimated size 211.2 KiB, free 434.0 MiB)
[2021-12-29 23:09:11,324] {spark_submit_hook.py:479} INFO - 21/12/29 23:09:11 INFO MemoryStore: Block broadcast_5_piece0 stored as bytes in memory (estimated size 75.5 KiB, free 433.9 MiB)
[2021-12-29 23:09:11,326] {spark_submit_hook.py:479} INFO - 21/12/29 23:09:11 INFO BlockManagerInfo: Added broadcast_5_piece0 in memory on 192.168.15.10:37165 (size: 75.5 KiB, free: 434.3 MiB)
[2021-12-29 23:09:11,327] {spark_submit_hook.py:479} INFO - 21/12/29 23:09:11 INFO SparkContext: Created broadcast 5 from broadcast at DAGScheduler.scala:1427
[2021-12-29 23:09:11,329] {spark_submit_hook.py:479} INFO - 21/12/29 23:09:11 INFO DAGScheduler: Submitting 1 missing tasks from ResultStage 2 (CoalescedRDD[11] at json at NativeMethodAccessorImpl.java:0) (first 15 tasks are for partitions Vector(0))
[2021-12-29 23:09:11,329] {spark_submit_hook.py:479} INFO - 21/12/29 23:09:11 INFO TaskSchedulerImpl: Adding task set 2.0 with 1 tasks resource profile 0
[2021-12-29 23:09:11,332] {spark_submit_hook.py:479} INFO - 21/12/29 23:09:11 INFO TaskSetManager: Starting task 0.0 in stage 2.0 (TID 2) (192.168.15.10, executor driver, partition 0, PROCESS_LOCAL, 5186 bytes) taskResourceAssignments Map()
[2021-12-29 23:09:11,333] {spark_submit_hook.py:479} INFO - 21/12/29 23:09:11 INFO Executor: Running task 0.0 in stage 2.0 (TID 2)
[2021-12-29 23:09:11,382] {spark_submit_hook.py:479} INFO - 21/12/29 23:09:11 INFO FileOutputCommitter: File Output Committer Algorithm version is 1
[2021-12-29 23:09:11,383] {spark_submit_hook.py:479} INFO - 21/12/29 23:09:11 INFO FileOutputCommitter: FileOutputCommitter skip cleanup _temporary folders under output directory:false, ignore cleanup failures: false
[2021-12-29 23:09:11,383] {spark_submit_hook.py:479} INFO - 21/12/29 23:09:11 INFO SQLHadoopMapReduceCommitProtocol: Using output committer class org.apache.hadoop.mapreduce.lib.output.FileOutputCommitter
[2021-12-29 23:09:11,418] {spark_submit_hook.py:479} INFO - 21/12/29 23:09:11 INFO FileScanRDD: Reading File path: file:///home/mvrm/home/mvrm/alura/datapipeline/datalake/bronze/twitter_aluraonline/extract_date=2021-12-26/AluraOnline_20211226.json, range: 0-4929, partition values: [empty row]
[2021-12-29 23:09:11,439] {spark_submit_hook.py:479} INFO - 21/12/29 23:09:11 INFO CodeGenerator: Code generated in 17.242525 ms
[2021-12-29 23:09:11,449] {spark_submit_hook.py:479} INFO - 21/12/29 23:09:11 INFO CodeGenerator: Code generated in 6.217602 ms
[2021-12-29 23:09:11,462] {spark_submit_hook.py:479} INFO - 21/12/29 23:09:11 INFO FileOutputCommitter: Saved output of task 'attempt_202112292309118686252095292605518_0002_m_000000_2' to file:/home/mvrm/home/mvrm/alura/datapipeline/datalake/silver/twitter_aluraonline/users/process_date=2021-12-26/_temporary/0/task_202112292309118686252095292605518_0002_m_000000
[2021-12-29 23:09:11,462] {spark_submit_hook.py:479} INFO - 21/12/29 23:09:11 INFO SparkHadoopMapRedUtil: attempt_202112292309118686252095292605518_0002_m_000000_2: Committed
[2021-12-29 23:09:11,464] {spark_submit_hook.py:479} INFO - 21/12/29 23:09:11 INFO Executor: Finished task 0.0 in stage 2.0 (TID 2). 2627 bytes result sent to driver
[2021-12-29 23:09:11,467] {spark_submit_hook.py:479} INFO - 21/12/29 23:09:11 INFO TaskSetManager: Finished task 0.0 in stage 2.0 (TID 2) in 135 ms on 192.168.15.10 (executor driver) (1/1)
[2021-12-29 23:09:11,467] {spark_submit_hook.py:479} INFO - 21/12/29 23:09:11 INFO TaskSchedulerImpl: Removed TaskSet 2.0, whose tasks have all completed, from pool
[2021-12-29 23:09:11,468] {spark_submit_hook.py:479} INFO - 21/12/29 23:09:11 INFO DAGScheduler: ResultStage 2 (json at NativeMethodAccessorImpl.java:0) finished in 0,180 s
[2021-12-29 23:09:11,469] {spark_submit_hook.py:479} INFO - 21/12/29 23:09:11 INFO DAGScheduler: Job 2 is finished. Cancelling potential speculative or zombie tasks for this job
[2021-12-29 23:09:11,469] {spark_submit_hook.py:479} INFO - 21/12/29 23:09:11 INFO TaskSchedulerImpl: Killing all running tasks in stage 2: Stage finished
[2021-12-29 23:09:11,469] {spark_submit_hook.py:479} INFO - 21/12/29 23:09:11 INFO DAGScheduler: Job 2 finished: json at NativeMethodAccessorImpl.java:0, took 0,184975 s
[2021-12-29 23:09:11,470] {spark_submit_hook.py:479} INFO - 21/12/29 23:09:11 INFO FileFormatWriter: Start to commit write Job 6cc8fa6f-6527-438c-96fa-d5dbb4a7eee3.
[2021-12-29 23:09:11,498] {spark_submit_hook.py:479} INFO - 21/12/29 23:09:11 INFO FileFormatWriter: Write Job 6cc8fa6f-6527-438c-96fa-d5dbb4a7eee3 committed. Elapsed time: 27 ms.
[2021-12-29 23:09:11,507] {spark_submit_hook.py:479} INFO - 21/12/29 23:09:11 INFO FileFormatWriter: Finished processing stats for write job 6cc8fa6f-6527-438c-96fa-d5dbb4a7eee3.
[2021-12-29 23:09:11,584] {spark_submit_hook.py:479} INFO - 21/12/29 23:09:11 INFO SparkContext: Invoking stop() from shutdown hook
[2021-12-29 23:09:11,597] {spark_submit_hook.py:479} INFO - 21/12/29 23:09:11 INFO SparkUI: Stopped Spark web UI at http://192.168.15.10:4041
[2021-12-29 23:09:11,610] {spark_submit_hook.py:479} INFO - 21/12/29 23:09:11 INFO MapOutputTrackerMasterEndpoint: MapOutputTrackerMasterEndpoint stopped!
[2021-12-29 23:09:11,621] {spark_submit_hook.py:479} INFO - 21/12/29 23:09:11 INFO MemoryStore: MemoryStore cleared
[2021-12-29 23:09:11,622] {spark_submit_hook.py:479} INFO - 21/12/29 23:09:11 INFO BlockManager: BlockManager stopped
[2021-12-29 23:09:11,625] {spark_submit_hook.py:479} INFO - 21/12/29 23:09:11 INFO BlockManagerMaster: BlockManagerMaster stopped
[2021-12-29 23:09:11,627] {spark_submit_hook.py:479} INFO - 21/12/29 23:09:11 INFO OutputCommitCoordinator$OutputCommitCoordinatorEndpoint: OutputCommitCoordinator stopped!
[2021-12-29 23:09:11,632] {spark_submit_hook.py:479} INFO - 21/12/29 23:09:11 INFO SparkContext: Successfully stopped SparkContext
[2021-12-29 23:09:11,641] {spark_submit_hook.py:479} INFO - 21/12/29 23:09:11 INFO ShutdownHookManager: Shutdown hook called
[2021-12-29 23:09:11,641] {spark_submit_hook.py:479} INFO - 21/12/29 23:09:11 INFO ShutdownHookManager: Deleting directory /tmp/spark-bcdb27ff-24be-4f47-b13d-d95353ce765e/pyspark-4b98469d-f48c-45e0-a9fe-9ae69066a020
[2021-12-29 23:09:11,641] {spark_submit_hook.py:479} INFO - 21/12/29 23:09:11 INFO ShutdownHookManager: Deleting directory /tmp/spark-bcdb27ff-24be-4f47-b13d-d95353ce765e
[2021-12-29 23:09:11,641] {spark_submit_hook.py:479} INFO - 21/12/29 23:09:11 INFO ShutdownHookManager: Deleting directory /tmp/spark-49855959-de74-43ea-8a53-f3689e437fea
[2021-12-29 23:09:11,844] {taskinstance.py:1057} INFO - Marking task as SUCCESS.dag_id=twitter_dag, task_id=transform_twitter_aluraonline, execution_date=20211226T090000, start_date=20211230T020901, end_date=20211230T020911
[2021-12-29 23:09:16,584] {local_task_job.py:102} INFO - Task exited with return code 0
