[2021-12-29 23:11:59,789] {taskinstance.py:670} INFO - Dependencies all met for <TaskInstance: twitter_dag.transform_twitter_aluraonline 2021-12-27T09:00:00+00:00 [queued]>
[2021-12-29 23:11:59,802] {taskinstance.py:670} INFO - Dependencies all met for <TaskInstance: twitter_dag.transform_twitter_aluraonline 2021-12-27T09:00:00+00:00 [queued]>
[2021-12-29 23:11:59,802] {taskinstance.py:880} INFO - 
--------------------------------------------------------------------------------
[2021-12-29 23:11:59,802] {taskinstance.py:881} INFO - Starting attempt 1 of 1
[2021-12-29 23:11:59,802] {taskinstance.py:882} INFO - 
--------------------------------------------------------------------------------
[2021-12-29 23:11:59,908] {taskinstance.py:901} INFO - Executing <Task(SparkSubmitOperator): transform_twitter_aluraonline> on 2021-12-27T09:00:00+00:00
[2021-12-29 23:11:59,913] {standard_task_runner.py:54} INFO - Started process 36711 to run task
[2021-12-29 23:11:59,980] {standard_task_runner.py:77} INFO - Running: ['airflow', 'run', 'twitter_dag', 'transform_twitter_aluraonline', '2021-12-27T09:00:00+00:00', '--job_id', '15', '--pool', 'default_pool', '--raw', '-sd', 'DAGS_FOLDER/twitter_dag.py', '--cfg_path', '/tmp/tmp5xfwq2ww']
[2021-12-29 23:11:59,980] {standard_task_runner.py:78} INFO - Job 15: Subtask transform_twitter_aluraonline
[2021-12-29 23:12:00,202] {logging_mixin.py:112} INFO - Running <TaskInstance: twitter_dag.transform_twitter_aluraonline 2021-12-27T09:00:00+00:00 [running]> on host mavipc
[2021-12-29 23:12:00,239] {base_hook.py:89} INFO - Using connection to: id: spark_default. Host: local, Port: None, Schema: None, Login: None, Password: None, extra: XXXXXXXX
[2021-12-29 23:12:00,240] {spark_submit_hook.py:325} INFO - Spark-Submit cmd: /home/mvrm/spark-3.2.0-bin-hadoop3.2/bin/spark-submit --master local --name twitter_transformation /home/mvrm/alura-projetos/datapipeline/spark/transformation.py --src /home/mvrm/home/mvrm/alura/datapipeline/datalake/bronze/twitter_aluraonline/extract_date=2021-12-27 --dest /home/mvrm/home/mvrm/alura/datapipeline/datalake/silver/twitter_aluraonline/ --process-date 2021-12-27
[2021-12-29 23:12:01,124] {spark_submit_hook.py:479} INFO - 21/12/29 23:12:01 WARN Utils: Your hostname, mavipc resolves to a loopback address: 127.0.1.1; using 192.168.15.10 instead (on interface wlo1)
[2021-12-29 23:12:01,124] {spark_submit_hook.py:479} INFO - 21/12/29 23:12:01 WARN Utils: Set SPARK_LOCAL_IP if you need to bind to another address
[2021-12-29 23:12:01,165] {spark_submit_hook.py:479} INFO - WARNING: An illegal reflective access operation has occurred
[2021-12-29 23:12:01,165] {spark_submit_hook.py:479} INFO - WARNING: Illegal reflective access by org.apache.spark.unsafe.Platform (file:/home/mvrm/spark-3.2.0-bin-hadoop3.2/jars/spark-unsafe_2.12-3.2.0.jar) to constructor java.nio.DirectByteBuffer(long,int)
[2021-12-29 23:12:01,165] {spark_submit_hook.py:479} INFO - WARNING: Please consider reporting this to the maintainers of org.apache.spark.unsafe.Platform
[2021-12-29 23:12:01,166] {spark_submit_hook.py:479} INFO - WARNING: Use --illegal-access=warn to enable warnings of further illegal reflective access operations
[2021-12-29 23:12:01,166] {spark_submit_hook.py:479} INFO - WARNING: All illegal access operations will be denied in a future release
[2021-12-29 23:12:01,884] {spark_submit_hook.py:479} INFO - Using Spark's default log4j profile: org/apache/spark/log4j-defaults.properties
[2021-12-29 23:12:01,890] {spark_submit_hook.py:479} INFO - 21/12/29 23:12:01 INFO SparkContext: Running Spark version 3.2.0
[2021-12-29 23:12:01,944] {spark_submit_hook.py:479} INFO - 21/12/29 23:12:01 WARN NativeCodeLoader: Unable to load native-hadoop library for your platform... using builtin-java classes where applicable
[2021-12-29 23:12:02,036] {spark_submit_hook.py:479} INFO - 21/12/29 23:12:02 INFO ResourceUtils: ==============================================================
[2021-12-29 23:12:02,036] {spark_submit_hook.py:479} INFO - 21/12/29 23:12:02 INFO ResourceUtils: No custom resources configured for spark.driver.
[2021-12-29 23:12:02,037] {spark_submit_hook.py:479} INFO - 21/12/29 23:12:02 INFO ResourceUtils: ==============================================================
[2021-12-29 23:12:02,037] {spark_submit_hook.py:479} INFO - 21/12/29 23:12:02 INFO SparkContext: Submitted application: twitter_transformation
[2021-12-29 23:12:02,053] {spark_submit_hook.py:479} INFO - 21/12/29 23:12:02 INFO ResourceProfile: Default ResourceProfile created, executor resources: Map(cores -> name: cores, amount: 1, script: , vendor: , memory -> name: memory, amount: 1024, script: , vendor: , offHeap -> name: offHeap, amount: 0, script: , vendor: ), task resources: Map(cpus -> name: cpus, amount: 1.0)
[2021-12-29 23:12:02,063] {spark_submit_hook.py:479} INFO - 21/12/29 23:12:02 INFO ResourceProfile: Limiting resource is cpu
[2021-12-29 23:12:02,064] {spark_submit_hook.py:479} INFO - 21/12/29 23:12:02 INFO ResourceProfileManager: Added ResourceProfile id: 0
[2021-12-29 23:12:02,117] {spark_submit_hook.py:479} INFO - 21/12/29 23:12:02 INFO SecurityManager: Changing view acls to: mvrm
[2021-12-29 23:12:02,118] {spark_submit_hook.py:479} INFO - 21/12/29 23:12:02 INFO SecurityManager: Changing modify acls to: mvrm
[2021-12-29 23:12:02,118] {spark_submit_hook.py:479} INFO - 21/12/29 23:12:02 INFO SecurityManager: Changing view acls groups to:
[2021-12-29 23:12:02,118] {spark_submit_hook.py:479} INFO - 21/12/29 23:12:02 INFO SecurityManager: Changing modify acls groups to:
[2021-12-29 23:12:02,119] {spark_submit_hook.py:479} INFO - 21/12/29 23:12:02 INFO SecurityManager: SecurityManager: authentication disabled; ui acls disabled; users  with view permissions: Set(mvrm); groups with view permissions: Set(); users  with modify permissions: Set(mvrm); groups with modify permissions: Set()
[2021-12-29 23:12:02,322] {spark_submit_hook.py:479} INFO - 21/12/29 23:12:02 INFO Utils: Successfully started service 'sparkDriver' on port 40933.
[2021-12-29 23:12:02,342] {spark_submit_hook.py:479} INFO - 21/12/29 23:12:02 INFO SparkEnv: Registering MapOutputTracker
[2021-12-29 23:12:02,364] {spark_submit_hook.py:479} INFO - 21/12/29 23:12:02 INFO SparkEnv: Registering BlockManagerMaster
[2021-12-29 23:12:02,378] {spark_submit_hook.py:479} INFO - 21/12/29 23:12:02 INFO BlockManagerMasterEndpoint: Using org.apache.spark.storage.DefaultTopologyMapper for getting topology information
[2021-12-29 23:12:02,378] {spark_submit_hook.py:479} INFO - 21/12/29 23:12:02 INFO BlockManagerMasterEndpoint: BlockManagerMasterEndpoint up
[2021-12-29 23:12:02,381] {spark_submit_hook.py:479} INFO - 21/12/29 23:12:02 INFO SparkEnv: Registering BlockManagerMasterHeartbeat
[2021-12-29 23:12:02,395] {spark_submit_hook.py:479} INFO - 21/12/29 23:12:02 INFO DiskBlockManager: Created local directory at /tmp/blockmgr-eb2ead83-3d7d-418c-9f40-5addcd5b17ff
[2021-12-29 23:12:02,409] {spark_submit_hook.py:479} INFO - 21/12/29 23:12:02 INFO MemoryStore: MemoryStore started with capacity 434.4 MiB
[2021-12-29 23:12:02,420] {spark_submit_hook.py:479} INFO - 21/12/29 23:12:02 INFO SparkEnv: Registering OutputCommitCoordinator
[2021-12-29 23:12:02,547] {spark_submit_hook.py:479} INFO - 21/12/29 23:12:02 WARN Utils: Service 'SparkUI' could not bind on port 4040. Attempting port 4041.
[2021-12-29 23:12:02,554] {spark_submit_hook.py:479} INFO - 21/12/29 23:12:02 INFO Utils: Successfully started service 'SparkUI' on port 4041.
[2021-12-29 23:12:02,615] {spark_submit_hook.py:479} INFO - 21/12/29 23:12:02 INFO SparkUI: Bound SparkUI to 0.0.0.0, and started at http://192.168.15.10:4041
[2021-12-29 23:12:02,804] {spark_submit_hook.py:479} INFO - 21/12/29 23:12:02 INFO Executor: Starting executor ID driver on host 192.168.15.10
[2021-12-29 23:12:02,827] {spark_submit_hook.py:479} INFO - 21/12/29 23:12:02 INFO Utils: Successfully started service 'org.apache.spark.network.netty.NettyBlockTransferService' on port 43025.
[2021-12-29 23:12:02,827] {spark_submit_hook.py:479} INFO - 21/12/29 23:12:02 INFO NettyBlockTransferService: Server created on 192.168.15.10:43025
[2021-12-29 23:12:02,829] {spark_submit_hook.py:479} INFO - 21/12/29 23:12:02 INFO BlockManager: Using org.apache.spark.storage.RandomBlockReplicationPolicy for block replication policy
[2021-12-29 23:12:02,833] {spark_submit_hook.py:479} INFO - 21/12/29 23:12:02 INFO BlockManagerMaster: Registering BlockManager BlockManagerId(driver, 192.168.15.10, 43025, None)
[2021-12-29 23:12:02,837] {spark_submit_hook.py:479} INFO - 21/12/29 23:12:02 INFO BlockManagerMasterEndpoint: Registering block manager 192.168.15.10:43025 with 434.4 MiB RAM, BlockManagerId(driver, 192.168.15.10, 43025, None)
[2021-12-29 23:12:02,839] {spark_submit_hook.py:479} INFO - 21/12/29 23:12:02 INFO BlockManagerMaster: Registered BlockManager BlockManagerId(driver, 192.168.15.10, 43025, None)
[2021-12-29 23:12:02,840] {spark_submit_hook.py:479} INFO - 21/12/29 23:12:02 INFO BlockManager: Initialized BlockManager: BlockManagerId(driver, 192.168.15.10, 43025, None)
[2021-12-29 23:12:03,179] {spark_submit_hook.py:479} INFO - 21/12/29 23:12:03 INFO SharedState: Setting hive.metastore.warehouse.dir ('null') to the value of spark.sql.warehouse.dir.
[2021-12-29 23:12:03,197] {spark_submit_hook.py:479} INFO - 21/12/29 23:12:03 INFO SharedState: Warehouse path is 'file:/home/mvrm/alura-projetos/datapipeline/spark-warehouse'.
[2021-12-29 23:12:03,657] {spark_submit_hook.py:479} INFO - 21/12/29 23:12:03 INFO InMemoryFileIndex: It took 30 ms to list leaf files for 1 paths.
[2021-12-29 23:12:03,710] {spark_submit_hook.py:479} INFO - 21/12/29 23:12:03 INFO InMemoryFileIndex: It took 2 ms to list leaf files for 1 paths.
[2021-12-29 23:12:05,354] {spark_submit_hook.py:479} INFO - 21/12/29 23:12:05 INFO FileSourceStrategy: Pushed Filters:
[2021-12-29 23:12:05,355] {spark_submit_hook.py:479} INFO - 21/12/29 23:12:05 INFO FileSourceStrategy: Post-Scan Filters:
[2021-12-29 23:12:05,359] {spark_submit_hook.py:479} INFO - 21/12/29 23:12:05 INFO FileSourceStrategy: Output Data Schema: struct<value: string>
[2021-12-29 23:12:05,556] {spark_submit_hook.py:479} INFO - 21/12/29 23:12:05 INFO MemoryStore: Block broadcast_0 stored as values in memory (estimated size 189.9 KiB, free 434.2 MiB)
[2021-12-29 23:12:05,595] {spark_submit_hook.py:479} INFO - 21/12/29 23:12:05 INFO MemoryStore: Block broadcast_0_piece0 stored as bytes in memory (estimated size 32.8 KiB, free 434.2 MiB)
[2021-12-29 23:12:05,603] {spark_submit_hook.py:479} INFO - 21/12/29 23:12:05 INFO BlockManagerInfo: Added broadcast_0_piece0 in memory on 192.168.15.10:43025 (size: 32.8 KiB, free: 434.4 MiB)
[2021-12-29 23:12:05,607] {spark_submit_hook.py:479} INFO - 21/12/29 23:12:05 INFO SparkContext: Created broadcast 0 from json at NativeMethodAccessorImpl.java:0
[2021-12-29 23:12:05,612] {spark_submit_hook.py:479} INFO - 21/12/29 23:12:05 INFO FileSourceScanExec: Planning scan with bin packing, max size: 4205651 bytes, open cost is considered as scanning 4194304 bytes.
[2021-12-29 23:12:05,722] {spark_submit_hook.py:479} INFO - 21/12/29 23:12:05 INFO SparkContext: Starting job: json at NativeMethodAccessorImpl.java:0
[2021-12-29 23:12:05,734] {spark_submit_hook.py:479} INFO - 21/12/29 23:12:05 INFO DAGScheduler: Got job 0 (json at NativeMethodAccessorImpl.java:0) with 1 output partitions
[2021-12-29 23:12:05,734] {spark_submit_hook.py:479} INFO - 21/12/29 23:12:05 INFO DAGScheduler: Final stage: ResultStage 0 (json at NativeMethodAccessorImpl.java:0)
[2021-12-29 23:12:05,734] {spark_submit_hook.py:479} INFO - 21/12/29 23:12:05 INFO DAGScheduler: Parents of final stage: List()
[2021-12-29 23:12:05,735] {spark_submit_hook.py:479} INFO - 21/12/29 23:12:05 INFO DAGScheduler: Missing parents: List()
[2021-12-29 23:12:05,738] {spark_submit_hook.py:479} INFO - 21/12/29 23:12:05 INFO DAGScheduler: Submitting ResultStage 0 (MapPartitionsRDD[3] at json at NativeMethodAccessorImpl.java:0), which has no missing parents
[2021-12-29 23:12:05,799] {spark_submit_hook.py:479} INFO - 21/12/29 23:12:05 INFO MemoryStore: Block broadcast_1 stored as values in memory (estimated size 12.4 KiB, free 434.2 MiB)
[2021-12-29 23:12:05,800] {spark_submit_hook.py:479} INFO - 21/12/29 23:12:05 INFO MemoryStore: Block broadcast_1_piece0 stored as bytes in memory (estimated size 6.5 KiB, free 434.2 MiB)
[2021-12-29 23:12:05,801] {spark_submit_hook.py:479} INFO - 21/12/29 23:12:05 INFO BlockManagerInfo: Added broadcast_1_piece0 in memory on 192.168.15.10:43025 (size: 6.5 KiB, free: 434.4 MiB)
[2021-12-29 23:12:05,802] {spark_submit_hook.py:479} INFO - 21/12/29 23:12:05 INFO SparkContext: Created broadcast 1 from broadcast at DAGScheduler.scala:1427
[2021-12-29 23:12:05,811] {spark_submit_hook.py:479} INFO - 21/12/29 23:12:05 INFO DAGScheduler: Submitting 1 missing tasks from ResultStage 0 (MapPartitionsRDD[3] at json at NativeMethodAccessorImpl.java:0) (first 15 tasks are for partitions Vector(0))
[2021-12-29 23:12:05,812] {spark_submit_hook.py:479} INFO - 21/12/29 23:12:05 INFO TaskSchedulerImpl: Adding task set 0.0 with 1 tasks resource profile 0
[2021-12-29 23:12:05,842] {spark_submit_hook.py:479} INFO - 21/12/29 23:12:05 INFO TaskSetManager: Starting task 0.0 in stage 0.0 (TID 0) (192.168.15.10, executor driver, partition 0, PROCESS_LOCAL, 4957 bytes) taskResourceAssignments Map()
[2021-12-29 23:12:05,851] {spark_submit_hook.py:479} INFO - 21/12/29 23:12:05 INFO Executor: Running task 0.0 in stage 0.0 (TID 0)
[2021-12-29 23:12:05,934] {spark_submit_hook.py:479} INFO - 21/12/29 23:12:05 INFO FileScanRDD: Reading File path: file:///home/mvrm/home/mvrm/alura/datapipeline/datalake/bronze/twitter_aluraonline/extract_date=2021-12-27/AluraOnline_20211227.json, range: 0-11347, partition values: [empty row]
[2021-12-29 23:12:06,093] {spark_submit_hook.py:479} INFO - 21/12/29 23:12:06 INFO CodeGenerator: Code generated in 131.358072 ms
[2021-12-29 23:12:06,140] {spark_submit_hook.py:479} INFO - 21/12/29 23:12:06 INFO Executor: Finished task 0.0 in stage 0.0 (TID 0). 2858 bytes result sent to driver
[2021-12-29 23:12:06,146] {spark_submit_hook.py:479} INFO - 21/12/29 23:12:06 INFO TaskSetManager: Finished task 0.0 in stage 0.0 (TID 0) in 310 ms on 192.168.15.10 (executor driver) (1/1)
[2021-12-29 23:12:06,147] {spark_submit_hook.py:479} INFO - 21/12/29 23:12:06 INFO TaskSchedulerImpl: Removed TaskSet 0.0, whose tasks have all completed, from pool
[2021-12-29 23:12:06,152] {spark_submit_hook.py:479} INFO - 21/12/29 23:12:06 INFO DAGScheduler: ResultStage 0 (json at NativeMethodAccessorImpl.java:0) finished in 0,406 s
[2021-12-29 23:12:06,155] {spark_submit_hook.py:479} INFO - 21/12/29 23:12:06 INFO DAGScheduler: Job 0 is finished. Cancelling potential speculative or zombie tasks for this job
[2021-12-29 23:12:06,156] {spark_submit_hook.py:479} INFO - 21/12/29 23:12:06 INFO TaskSchedulerImpl: Killing all running tasks in stage 0: Stage finished
[2021-12-29 23:12:06,158] {spark_submit_hook.py:479} INFO - 21/12/29 23:12:06 INFO DAGScheduler: Job 0 finished: json at NativeMethodAccessorImpl.java:0, took 0,435627 s
[2021-12-29 23:12:06,398] {spark_submit_hook.py:479} INFO - 21/12/29 23:12:06 INFO FileSourceStrategy: Pushed Filters: IsNotNull(data)
[2021-12-29 23:12:06,399] {spark_submit_hook.py:479} INFO - 21/12/29 23:12:06 INFO FileSourceStrategy: Post-Scan Filters: (size(data#7, true) > 0),isnotnull(data#7)
[2021-12-29 23:12:06,399] {spark_submit_hook.py:479} INFO - 21/12/29 23:12:06 INFO FileSourceStrategy: Output Data Schema: struct<data: array<struct<author_id:string,conversation_id:string,created_at:string,id:string,in_reply_to_user_id:string,public_metrics:struct<like_count:bigint,quote_count:bigint,reply_count:bigint,retweet_count:bigint>,text:string>>>
[2021-12-29 23:12:06,449] {spark_submit_hook.py:479} INFO - 21/12/29 23:12:06 INFO FileOutputCommitter: File Output Committer Algorithm version is 1
[2021-12-29 23:12:06,449] {spark_submit_hook.py:479} INFO - 21/12/29 23:12:06 INFO FileOutputCommitter: FileOutputCommitter skip cleanup _temporary folders under output directory:false, ignore cleanup failures: false
[2021-12-29 23:12:06,450] {spark_submit_hook.py:479} INFO - 21/12/29 23:12:06 INFO SQLHadoopMapReduceCommitProtocol: Using output committer class org.apache.hadoop.mapreduce.lib.output.FileOutputCommitter
[2021-12-29 23:12:06,645] {spark_submit_hook.py:479} INFO - 21/12/29 23:12:06 INFO CodeGenerator: Code generated in 116.862949 ms
[2021-12-29 23:12:06,652] {spark_submit_hook.py:479} INFO - 21/12/29 23:12:06 INFO MemoryStore: Block broadcast_2 stored as values in memory (estimated size 189.8 KiB, free 434.0 MiB)
[2021-12-29 23:12:06,675] {spark_submit_hook.py:479} INFO - 21/12/29 23:12:06 INFO MemoryStore: Block broadcast_2_piece0 stored as bytes in memory (estimated size 32.8 KiB, free 433.9 MiB)
[2021-12-29 23:12:06,676] {spark_submit_hook.py:479} INFO - 21/12/29 23:12:06 INFO BlockManagerInfo: Added broadcast_2_piece0 in memory on 192.168.15.10:43025 (size: 32.8 KiB, free: 434.3 MiB)
[2021-12-29 23:12:06,678] {spark_submit_hook.py:479} INFO - 21/12/29 23:12:06 INFO SparkContext: Created broadcast 2 from json at NativeMethodAccessorImpl.java:0
[2021-12-29 23:12:06,681] {spark_submit_hook.py:479} INFO - 21/12/29 23:12:06 INFO BlockManagerInfo: Removed broadcast_1_piece0 on 192.168.15.10:43025 in memory (size: 6.5 KiB, free: 434.3 MiB)
[2021-12-29 23:12:06,681] {spark_submit_hook.py:479} INFO - 21/12/29 23:12:06 INFO FileSourceScanExec: Planning scan with bin packing, max size: 4205651 bytes, open cost is considered as scanning 4194304 bytes.
[2021-12-29 23:12:06,685] {spark_submit_hook.py:479} INFO - 21/12/29 23:12:06 INFO BlockManagerInfo: Removed broadcast_0_piece0 on 192.168.15.10:43025 in memory (size: 32.8 KiB, free: 434.4 MiB)
[2021-12-29 23:12:06,731] {spark_submit_hook.py:479} INFO - 21/12/29 23:12:06 INFO SparkContext: Starting job: json at NativeMethodAccessorImpl.java:0
[2021-12-29 23:12:06,732] {spark_submit_hook.py:479} INFO - 21/12/29 23:12:06 INFO DAGScheduler: Got job 1 (json at NativeMethodAccessorImpl.java:0) with 1 output partitions
[2021-12-29 23:12:06,733] {spark_submit_hook.py:479} INFO - 21/12/29 23:12:06 INFO DAGScheduler: Final stage: ResultStage 1 (json at NativeMethodAccessorImpl.java:0)
[2021-12-29 23:12:06,733] {spark_submit_hook.py:479} INFO - 21/12/29 23:12:06 INFO DAGScheduler: Parents of final stage: List()
[2021-12-29 23:12:06,733] {spark_submit_hook.py:479} INFO - 21/12/29 23:12:06 INFO DAGScheduler: Missing parents: List()
[2021-12-29 23:12:06,734] {spark_submit_hook.py:479} INFO - 21/12/29 23:12:06 INFO DAGScheduler: Submitting ResultStage 1 (CoalescedRDD[7] at json at NativeMethodAccessorImpl.java:0), which has no missing parents
[2021-12-29 23:12:06,757] {spark_submit_hook.py:479} INFO - 21/12/29 23:12:06 INFO MemoryStore: Block broadcast_3 stored as values in memory (estimated size 223.5 KiB, free 434.0 MiB)
[2021-12-29 23:12:06,766] {spark_submit_hook.py:479} INFO - 21/12/29 23:12:06 INFO MemoryStore: Block broadcast_3_piece0 stored as bytes in memory (estimated size 77.4 KiB, free 433.9 MiB)
[2021-12-29 23:12:06,767] {spark_submit_hook.py:479} INFO - 21/12/29 23:12:06 INFO BlockManagerInfo: Added broadcast_3_piece0 in memory on 192.168.15.10:43025 (size: 77.4 KiB, free: 434.3 MiB)
[2021-12-29 23:12:06,768] {spark_submit_hook.py:479} INFO - 21/12/29 23:12:06 INFO SparkContext: Created broadcast 3 from broadcast at DAGScheduler.scala:1427
[2021-12-29 23:12:06,769] {spark_submit_hook.py:479} INFO - 21/12/29 23:12:06 INFO DAGScheduler: Submitting 1 missing tasks from ResultStage 1 (CoalescedRDD[7] at json at NativeMethodAccessorImpl.java:0) (first 15 tasks are for partitions Vector(0))
[2021-12-29 23:12:06,769] {spark_submit_hook.py:479} INFO - 21/12/29 23:12:06 INFO TaskSchedulerImpl: Adding task set 1.0 with 1 tasks resource profile 0
[2021-12-29 23:12:06,780] {spark_submit_hook.py:479} INFO - 21/12/29 23:12:06 INFO TaskSetManager: Starting task 0.0 in stage 1.0 (TID 1) (192.168.15.10, executor driver, partition 0, PROCESS_LOCAL, 5186 bytes) taskResourceAssignments Map()
[2021-12-29 23:12:06,787] {spark_submit_hook.py:479} INFO - 21/12/29 23:12:06 INFO Executor: Running task 0.0 in stage 1.0 (TID 1)
[2021-12-29 23:12:06,852] {spark_submit_hook.py:479} INFO - 21/12/29 23:12:06 INFO FileOutputCommitter: File Output Committer Algorithm version is 1
[2021-12-29 23:12:06,852] {spark_submit_hook.py:479} INFO - 21/12/29 23:12:06 INFO FileOutputCommitter: FileOutputCommitter skip cleanup _temporary folders under output directory:false, ignore cleanup failures: false
[2021-12-29 23:12:06,854] {spark_submit_hook.py:479} INFO - 21/12/29 23:12:06 INFO SQLHadoopMapReduceCommitProtocol: Using output committer class org.apache.hadoop.mapreduce.lib.output.FileOutputCommitter
[2021-12-29 23:12:06,884] {spark_submit_hook.py:479} INFO - 21/12/29 23:12:06 INFO FileScanRDD: Reading File path: file:///home/mvrm/home/mvrm/alura/datapipeline/datalake/bronze/twitter_aluraonline/extract_date=2021-12-27/AluraOnline_20211227.json, range: 0-11347, partition values: [empty row]
[2021-12-29 23:12:06,920] {spark_submit_hook.py:479} INFO - 21/12/29 23:12:06 INFO CodeGenerator: Code generated in 30.579824 ms
[2021-12-29 23:12:06,945] {spark_submit_hook.py:479} INFO - 21/12/29 23:12:06 INFO CodeGenerator: Code generated in 7.974876 ms
[2021-12-29 23:12:06,976] {spark_submit_hook.py:479} INFO - 21/12/29 23:12:06 INFO FileOutputCommitter: Saved output of task 'attempt_20211229231206279531654810658917_0001_m_000000_1' to file:/home/mvrm/home/mvrm/alura/datapipeline/datalake/silver/twitter_aluraonline/tweet/process_date=2021-12-27/_temporary/0/task_20211229231206279531654810658917_0001_m_000000
[2021-12-29 23:12:06,977] {spark_submit_hook.py:479} INFO - 21/12/29 23:12:06 INFO SparkHadoopMapRedUtil: attempt_20211229231206279531654810658917_0001_m_000000_1: Committed
[2021-12-29 23:12:06,982] {spark_submit_hook.py:479} INFO - 21/12/29 23:12:06 INFO Executor: Finished task 0.0 in stage 1.0 (TID 1). 2670 bytes result sent to driver
[2021-12-29 23:12:06,983] {spark_submit_hook.py:479} INFO - 21/12/29 23:12:06 INFO TaskSetManager: Finished task 0.0 in stage 1.0 (TID 1) in 207 ms on 192.168.15.10 (executor driver) (1/1)
[2021-12-29 23:12:06,983] {spark_submit_hook.py:479} INFO - 21/12/29 23:12:06 INFO TaskSchedulerImpl: Removed TaskSet 1.0, whose tasks have all completed, from pool
[2021-12-29 23:12:06,984] {spark_submit_hook.py:479} INFO - 21/12/29 23:12:06 INFO DAGScheduler: ResultStage 1 (json at NativeMethodAccessorImpl.java:0) finished in 0,249 s
[2021-12-29 23:12:06,984] {spark_submit_hook.py:479} INFO - 21/12/29 23:12:06 INFO DAGScheduler: Job 1 is finished. Cancelling potential speculative or zombie tasks for this job
[2021-12-29 23:12:06,985] {spark_submit_hook.py:479} INFO - 21/12/29 23:12:06 INFO TaskSchedulerImpl: Killing all running tasks in stage 1: Stage finished
[2021-12-29 23:12:06,985] {spark_submit_hook.py:479} INFO - 21/12/29 23:12:06 INFO DAGScheduler: Job 1 finished: json at NativeMethodAccessorImpl.java:0, took 0,253948 s
[2021-12-29 23:12:06,987] {spark_submit_hook.py:479} INFO - 21/12/29 23:12:06 INFO FileFormatWriter: Start to commit write Job 08433674-e7da-4a09-b050-14b7e3c322a2.
[2021-12-29 23:12:06,997] {spark_submit_hook.py:479} INFO - 21/12/29 23:12:06 INFO FileFormatWriter: Write Job 08433674-e7da-4a09-b050-14b7e3c322a2 committed. Elapsed time: 9 ms.
[2021-12-29 23:12:06,999] {spark_submit_hook.py:479} INFO - 21/12/29 23:12:06 INFO FileFormatWriter: Finished processing stats for write job 08433674-e7da-4a09-b050-14b7e3c322a2.
[2021-12-29 23:12:07,050] {spark_submit_hook.py:479} INFO - 21/12/29 23:12:07 INFO FileSourceStrategy: Pushed Filters: IsNotNull(includes)
[2021-12-29 23:12:07,050] {spark_submit_hook.py:479} INFO - 21/12/29 23:12:07 INFO FileSourceStrategy: Post-Scan Filters: isnotnull(includes#8),(size(includes#8.users, true) > 0),isnotnull(includes#8.users)
[2021-12-29 23:12:07,050] {spark_submit_hook.py:479} INFO - 21/12/29 23:12:07 INFO FileSourceStrategy: Output Data Schema: struct<includes: struct<users: array<struct<created_at:string,id:string,name:string,username:string>>>>
[2021-12-29 23:12:07,066] {spark_submit_hook.py:479} INFO - 21/12/29 23:12:07 INFO FileOutputCommitter: File Output Committer Algorithm version is 1
[2021-12-29 23:12:07,066] {spark_submit_hook.py:479} INFO - 21/12/29 23:12:07 INFO FileOutputCommitter: FileOutputCommitter skip cleanup _temporary folders under output directory:false, ignore cleanup failures: false
[2021-12-29 23:12:07,067] {spark_submit_hook.py:479} INFO - 21/12/29 23:12:07 INFO SQLHadoopMapReduceCommitProtocol: Using output committer class org.apache.hadoop.mapreduce.lib.output.FileOutputCommitter
[2021-12-29 23:12:07,108] {spark_submit_hook.py:479} INFO - 21/12/29 23:12:07 INFO CodeGenerator: Code generated in 22.344704 ms
[2021-12-29 23:12:07,113] {spark_submit_hook.py:479} INFO - 21/12/29 23:12:07 INFO MemoryStore: Block broadcast_4 stored as values in memory (estimated size 189.8 KiB, free 433.7 MiB)
[2021-12-29 23:12:07,125] {spark_submit_hook.py:479} INFO - 21/12/29 23:12:07 INFO BlockManagerInfo: Removed broadcast_3_piece0 on 192.168.15.10:43025 in memory (size: 77.4 KiB, free: 434.4 MiB)
[2021-12-29 23:12:07,129] {spark_submit_hook.py:479} INFO - 21/12/29 23:12:07 INFO BlockManagerInfo: Removed broadcast_2_piece0 on 192.168.15.10:43025 in memory (size: 32.8 KiB, free: 434.4 MiB)
[2021-12-29 23:12:07,131] {spark_submit_hook.py:479} INFO - 21/12/29 23:12:07 INFO MemoryStore: Block broadcast_4_piece0 stored as bytes in memory (estimated size 32.8 KiB, free 434.2 MiB)
[2021-12-29 23:12:07,132] {spark_submit_hook.py:479} INFO - 21/12/29 23:12:07 INFO BlockManagerInfo: Added broadcast_4_piece0 in memory on 192.168.15.10:43025 (size: 32.8 KiB, free: 434.4 MiB)
[2021-12-29 23:12:07,133] {spark_submit_hook.py:479} INFO - 21/12/29 23:12:07 INFO SparkContext: Created broadcast 4 from json at NativeMethodAccessorImpl.java:0
[2021-12-29 23:12:07,134] {spark_submit_hook.py:479} INFO - 21/12/29 23:12:07 INFO FileSourceScanExec: Planning scan with bin packing, max size: 4205651 bytes, open cost is considered as scanning 4194304 bytes.
[2021-12-29 23:12:07,165] {spark_submit_hook.py:479} INFO - 21/12/29 23:12:07 INFO SparkContext: Starting job: json at NativeMethodAccessorImpl.java:0
[2021-12-29 23:12:07,166] {spark_submit_hook.py:479} INFO - 21/12/29 23:12:07 INFO DAGScheduler: Got job 2 (json at NativeMethodAccessorImpl.java:0) with 1 output partitions
[2021-12-29 23:12:07,166] {spark_submit_hook.py:479} INFO - 21/12/29 23:12:07 INFO DAGScheduler: Final stage: ResultStage 2 (json at NativeMethodAccessorImpl.java:0)
[2021-12-29 23:12:07,166] {spark_submit_hook.py:479} INFO - 21/12/29 23:12:07 INFO DAGScheduler: Parents of final stage: List()
[2021-12-29 23:12:07,166] {spark_submit_hook.py:479} INFO - 21/12/29 23:12:07 INFO DAGScheduler: Missing parents: List()
[2021-12-29 23:12:07,167] {spark_submit_hook.py:479} INFO - 21/12/29 23:12:07 INFO DAGScheduler: Submitting ResultStage 2 (CoalescedRDD[11] at json at NativeMethodAccessorImpl.java:0), which has no missing parents
[2021-12-29 23:12:07,181] {spark_submit_hook.py:479} INFO - 21/12/29 23:12:07 INFO MemoryStore: Block broadcast_5 stored as values in memory (estimated size 211.2 KiB, free 434.0 MiB)
[2021-12-29 23:12:07,187] {spark_submit_hook.py:479} INFO - 21/12/29 23:12:07 INFO MemoryStore: Block broadcast_5_piece0 stored as bytes in memory (estimated size 75.5 KiB, free 433.9 MiB)
[2021-12-29 23:12:07,188] {spark_submit_hook.py:479} INFO - 21/12/29 23:12:07 INFO BlockManagerInfo: Added broadcast_5_piece0 in memory on 192.168.15.10:43025 (size: 75.5 KiB, free: 434.3 MiB)
[2021-12-29 23:12:07,188] {spark_submit_hook.py:479} INFO - 21/12/29 23:12:07 INFO SparkContext: Created broadcast 5 from broadcast at DAGScheduler.scala:1427
[2021-12-29 23:12:07,189] {spark_submit_hook.py:479} INFO - 21/12/29 23:12:07 INFO DAGScheduler: Submitting 1 missing tasks from ResultStage 2 (CoalescedRDD[11] at json at NativeMethodAccessorImpl.java:0) (first 15 tasks are for partitions Vector(0))
[2021-12-29 23:12:07,189] {spark_submit_hook.py:479} INFO - 21/12/29 23:12:07 INFO TaskSchedulerImpl: Adding task set 2.0 with 1 tasks resource profile 0
[2021-12-29 23:12:07,190] {spark_submit_hook.py:479} INFO - 21/12/29 23:12:07 INFO TaskSetManager: Starting task 0.0 in stage 2.0 (TID 2) (192.168.15.10, executor driver, partition 0, PROCESS_LOCAL, 5186 bytes) taskResourceAssignments Map()
[2021-12-29 23:12:07,190] {spark_submit_hook.py:479} INFO - 21/12/29 23:12:07 INFO Executor: Running task 0.0 in stage 2.0 (TID 2)
[2021-12-29 23:12:07,219] {spark_submit_hook.py:479} INFO - 21/12/29 23:12:07 INFO FileOutputCommitter: File Output Committer Algorithm version is 1
[2021-12-29 23:12:07,219] {spark_submit_hook.py:479} INFO - 21/12/29 23:12:07 INFO FileOutputCommitter: FileOutputCommitter skip cleanup _temporary folders under output directory:false, ignore cleanup failures: false
[2021-12-29 23:12:07,220] {spark_submit_hook.py:479} INFO - 21/12/29 23:12:07 INFO SQLHadoopMapReduceCommitProtocol: Using output committer class org.apache.hadoop.mapreduce.lib.output.FileOutputCommitter
[2021-12-29 23:12:07,240] {spark_submit_hook.py:479} INFO - 21/12/29 23:12:07 INFO FileScanRDD: Reading File path: file:///home/mvrm/home/mvrm/alura/datapipeline/datalake/bronze/twitter_aluraonline/extract_date=2021-12-27/AluraOnline_20211227.json, range: 0-11347, partition values: [empty row]
[2021-12-29 23:12:07,256] {spark_submit_hook.py:479} INFO - 21/12/29 23:12:07 INFO CodeGenerator: Code generated in 14.542613 ms
[2021-12-29 23:12:07,264] {spark_submit_hook.py:479} INFO - 21/12/29 23:12:07 INFO CodeGenerator: Code generated in 5.109928 ms
[2021-12-29 23:12:07,275] {spark_submit_hook.py:479} INFO - 21/12/29 23:12:07 INFO FileOutputCommitter: Saved output of task 'attempt_202112292312077185111299887509505_0002_m_000000_2' to file:/home/mvrm/home/mvrm/alura/datapipeline/datalake/silver/twitter_aluraonline/users/process_date=2021-12-27/_temporary/0/task_202112292312077185111299887509505_0002_m_000000
[2021-12-29 23:12:07,275] {spark_submit_hook.py:479} INFO - 21/12/29 23:12:07 INFO SparkHadoopMapRedUtil: attempt_202112292312077185111299887509505_0002_m_000000_2: Committed
[2021-12-29 23:12:07,277] {spark_submit_hook.py:479} INFO - 21/12/29 23:12:07 INFO Executor: Finished task 0.0 in stage 2.0 (TID 2). 2627 bytes result sent to driver
[2021-12-29 23:12:07,278] {spark_submit_hook.py:479} INFO - 21/12/29 23:12:07 INFO TaskSetManager: Finished task 0.0 in stage 2.0 (TID 2) in 89 ms on 192.168.15.10 (executor driver) (1/1)
[2021-12-29 23:12:07,279] {spark_submit_hook.py:479} INFO - 21/12/29 23:12:07 INFO TaskSchedulerImpl: Removed TaskSet 2.0, whose tasks have all completed, from pool
[2021-12-29 23:12:07,280] {spark_submit_hook.py:479} INFO - 21/12/29 23:12:07 INFO DAGScheduler: ResultStage 2 (json at NativeMethodAccessorImpl.java:0) finished in 0,111 s
[2021-12-29 23:12:07,281] {spark_submit_hook.py:479} INFO - 21/12/29 23:12:07 INFO DAGScheduler: Job 2 is finished. Cancelling potential speculative or zombie tasks for this job
[2021-12-29 23:12:07,281] {spark_submit_hook.py:479} INFO - 21/12/29 23:12:07 INFO TaskSchedulerImpl: Killing all running tasks in stage 2: Stage finished
[2021-12-29 23:12:07,281] {spark_submit_hook.py:479} INFO - 21/12/29 23:12:07 INFO DAGScheduler: Job 2 finished: json at NativeMethodAccessorImpl.java:0, took 0,115649 s
[2021-12-29 23:12:07,282] {spark_submit_hook.py:479} INFO - 21/12/29 23:12:07 INFO FileFormatWriter: Start to commit write Job 5960c7f0-d62f-4556-b826-01f5080ec09b.
[2021-12-29 23:12:07,292] {spark_submit_hook.py:479} INFO - 21/12/29 23:12:07 INFO FileFormatWriter: Write Job 5960c7f0-d62f-4556-b826-01f5080ec09b committed. Elapsed time: 9 ms.
[2021-12-29 23:12:07,292] {spark_submit_hook.py:479} INFO - 21/12/29 23:12:07 INFO FileFormatWriter: Finished processing stats for write job 5960c7f0-d62f-4556-b826-01f5080ec09b.
[2021-12-29 23:12:07,328] {spark_submit_hook.py:479} INFO - 21/12/29 23:12:07 INFO SparkContext: Invoking stop() from shutdown hook
[2021-12-29 23:12:07,334] {spark_submit_hook.py:479} INFO - 21/12/29 23:12:07 INFO SparkUI: Stopped Spark web UI at http://192.168.15.10:4041
[2021-12-29 23:12:07,342] {spark_submit_hook.py:479} INFO - 21/12/29 23:12:07 INFO MapOutputTrackerMasterEndpoint: MapOutputTrackerMasterEndpoint stopped!
[2021-12-29 23:12:07,348] {spark_submit_hook.py:479} INFO - 21/12/29 23:12:07 INFO MemoryStore: MemoryStore cleared
[2021-12-29 23:12:07,348] {spark_submit_hook.py:479} INFO - 21/12/29 23:12:07 INFO BlockManager: BlockManager stopped
[2021-12-29 23:12:07,350] {spark_submit_hook.py:479} INFO - 21/12/29 23:12:07 INFO BlockManagerMaster: BlockManagerMaster stopped
[2021-12-29 23:12:07,351] {spark_submit_hook.py:479} INFO - 21/12/29 23:12:07 INFO OutputCommitCoordinator$OutputCommitCoordinatorEndpoint: OutputCommitCoordinator stopped!
[2021-12-29 23:12:07,354] {spark_submit_hook.py:479} INFO - 21/12/29 23:12:07 INFO SparkContext: Successfully stopped SparkContext
[2021-12-29 23:12:07,354] {spark_submit_hook.py:479} INFO - 21/12/29 23:12:07 INFO ShutdownHookManager: Shutdown hook called
[2021-12-29 23:12:07,355] {spark_submit_hook.py:479} INFO - 21/12/29 23:12:07 INFO ShutdownHookManager: Deleting directory /tmp/spark-cf4f9404-648c-4f36-b418-c4c40221a74b
[2021-12-29 23:12:07,356] {spark_submit_hook.py:479} INFO - 21/12/29 23:12:07 INFO ShutdownHookManager: Deleting directory /tmp/spark-d6feece4-b499-4425-8414-e3cc80ea9bcb
[2021-12-29 23:12:07,358] {spark_submit_hook.py:479} INFO - 21/12/29 23:12:07 INFO ShutdownHookManager: Deleting directory /tmp/spark-cf4f9404-648c-4f36-b418-c4c40221a74b/pyspark-01381b00-6ce5-4598-8428-340b30d981e3
[2021-12-29 23:12:07,417] {taskinstance.py:1057} INFO - Marking task as SUCCESS.dag_id=twitter_dag, task_id=transform_twitter_aluraonline, execution_date=20211227T090000, start_date=20211230T021159, end_date=20211230T021207
[2021-12-29 23:12:09,673] {local_task_job.py:102} INFO - Task exited with return code 0
